[0.188s] Invoking command in '/home/mohamad/Inmind/Robotics-Session9-Assignment/Session9_ros2_ws/build/robot_navigation': CMAKE_PREFIX_PATH=/home/mohamad/Inmind/Robotics-Session9-Assignment/Session9_ros2_ws/install/custom_interfaces:/home/mohamad/Inmind/Robotics-Session9-Assignment/Session9_ros2_ws/install/robot_navigation:/home/mohamad/Inmind/Robotics-Session7-Assignment/Session7_ros2_ws/install/custom_interfaces:/home/mohamad/Inmind/Robotics-Session6-Assignment/Session6_ros2_ws/install/custom_interfaces:/home/mohamad/Inmind/Robotics-Session7-Assignment/Session7_ros2_ws/install/navigation_robot:/home/mohamad/Inmind/Robotics-Session6-Assignment/Session6_ros2_ws/install/session6_assignment:/home/mohamad/Inmind/ros2_ws/install/session5_academy:/home/mohamad/Inmind/Robotics-Session5-Ros2/session5_ros2_ws/install/session5_assignment:/home/mohamad/ros2_ws/install/my_robot_controller:/opt/ros/humble /usr/bin/cmake --build /home/mohamad/Inmind/Robotics-Session9-Assignment/Session9_ros2_ws/build/robot_navigation -- -j4 -l4
[0.702s] [ 12%] [32mBuilding CXX object CMakeFiles/wall_finder_server.dir/src/wall_finder_server.cpp.o[0m
[6.961s] [01m[K/home/mohamad/Inmind/Robotics-Session9-Assignment/Session9_ros2_ws/src/robot_navigation/src/wall_finder_server.cpp:[m[K In member function ‘[01m[Kvoid WallFinderServer::handle_service(std::shared_ptr<custom_interfaces::srv::FindClosestWall_Request_<std::allocator<void> > >, std::shared_ptr<custom_interfaces::srv::FindClosestWall_Response_<std::allocator<void> > >)[m[K’:
[6.961s] [01m[K/home/mohamad/Inmind/Robotics-Session9-Assignment/Session9_ros2_ws/src/robot_navigation/src/wall_finder_server.cpp:19:81:[m[K [01;35m[Kwarning: [m[Kunused parameter ‘[01m[Krequest[m[K’ [[01;35m[K]8;;https://gcc.gnu.org/onlinedocs/gcc/Warning-Options.html#index-Wunused-parameter-Wunused-parameter]8;;[m[K]
[6.961s]    19 |         [01;35m[Kconst std::shared_ptr<custom_interfaces::srv::FindClosestWall::Request> request[m[K,
[6.961s]       |         [01;35m[K~~~~~~~~~~~~~~~~~~~~~~~~~~~~~~~~~~~~~~~~~~~~~~~~~~~~~~~~~~~~~~~~~~~~~~~~^~~~~~~[m[K
[21.173s] [ 25%] [32m[1mLinking CXX executable wall_finder_server[0m
[22.389s] [ 25%] Built target wall_finder_server
[22.422s] [35m[1mConsolidate compiler generated dependencies of target lap_time_client[0m
[22.474s] [ 50%] Built target lap_time_client
[22.542s] [ 75%] Built target lap_time_server
[22.614s] [100%] Built target wall_follower
[22.643s] Invoked command in '/home/mohamad/Inmind/Robotics-Session9-Assignment/Session9_ros2_ws/build/robot_navigation' returned '0': CMAKE_PREFIX_PATH=/home/mohamad/Inmind/Robotics-Session9-Assignment/Session9_ros2_ws/install/custom_interfaces:/home/mohamad/Inmind/Robotics-Session9-Assignment/Session9_ros2_ws/install/robot_navigation:/home/mohamad/Inmind/Robotics-Session7-Assignment/Session7_ros2_ws/install/custom_interfaces:/home/mohamad/Inmind/Robotics-Session6-Assignment/Session6_ros2_ws/install/custom_interfaces:/home/mohamad/Inmind/Robotics-Session7-Assignment/Session7_ros2_ws/install/navigation_robot:/home/mohamad/Inmind/Robotics-Session6-Assignment/Session6_ros2_ws/install/session6_assignment:/home/mohamad/Inmind/ros2_ws/install/session5_academy:/home/mohamad/Inmind/Robotics-Session5-Ros2/session5_ros2_ws/install/session5_assignment:/home/mohamad/ros2_ws/install/my_robot_controller:/opt/ros/humble /usr/bin/cmake --build /home/mohamad/Inmind/Robotics-Session9-Assignment/Session9_ros2_ws/build/robot_navigation -- -j4 -l4
[22.766s] Invoking command in '/home/mohamad/Inmind/Robotics-Session9-Assignment/Session9_ros2_ws/build/robot_navigation': CMAKE_PREFIX_PATH=/home/mohamad/Inmind/Robotics-Session9-Assignment/Session9_ros2_ws/install/custom_interfaces:/home/mohamad/Inmind/Robotics-Session9-Assignment/Session9_ros2_ws/install/robot_navigation:/home/mohamad/Inmind/Robotics-Session7-Assignment/Session7_ros2_ws/install/custom_interfaces:/home/mohamad/Inmind/Robotics-Session6-Assignment/Session6_ros2_ws/install/custom_interfaces:/home/mohamad/Inmind/Robotics-Session7-Assignment/Session7_ros2_ws/install/navigation_robot:/home/mohamad/Inmind/Robotics-Session6-Assignment/Session6_ros2_ws/install/session6_assignment:/home/mohamad/Inmind/ros2_ws/install/session5_academy:/home/mohamad/Inmind/Robotics-Session5-Ros2/session5_ros2_ws/install/session5_assignment:/home/mohamad/ros2_ws/install/my_robot_controller:/opt/ros/humble /usr/bin/cmake --install /home/mohamad/Inmind/Robotics-Session9-Assignment/Session9_ros2_ws/build/robot_navigation
[22.782s] -- Install configuration: ""
[22.782s] -- Execute custom install script
[22.783s] -- Up-to-date symlink: /home/mohamad/Inmind/Robotics-Session9-Assignment/Session9_ros2_ws/install/robot_navigation/lib/robot_navigation/wall_finder_server
[22.783s] -- Up-to-date symlink: /home/mohamad/Inmind/Robotics-Session9-Assignment/Session9_ros2_ws/install/robot_navigation/lib/robot_navigation/wall_follower
[22.783s] -- Up-to-date symlink: /home/mohamad/Inmind/Robotics-Session9-Assignment/Session9_ros2_ws/install/robot_navigation/lib/robot_navigation/lap_time_server
[22.783s] -- Up-to-date symlink: /home/mohamad/Inmind/Robotics-Session9-Assignment/Session9_ros2_ws/install/robot_navigation/lib/robot_navigation/lap_time_client
[22.784s] -- Up-to-date symlink: /home/mohamad/Inmind/Robotics-Session9-Assignment/Session9_ros2_ws/install/robot_navigation/share/ament_index/resource_index/package_run_dependencies/robot_navigation
[22.784s] -- Up-to-date symlink: /home/mohamad/Inmind/Robotics-Session9-Assignment/Session9_ros2_ws/install/robot_navigation/share/ament_index/resource_index/parent_prefix_path/robot_navigation
[22.784s] -- Up-to-date symlink: /home/mohamad/Inmind/Robotics-Session9-Assignment/Session9_ros2_ws/install/robot_navigation/share/robot_navigation/environment/ament_prefix_path.sh
[22.784s] -- Up-to-date symlink: /home/mohamad/Inmind/Robotics-Session9-Assignment/Session9_ros2_ws/install/robot_navigation/share/robot_navigation/environment/ament_prefix_path.dsv
[22.785s] -- Up-to-date symlink: /home/mohamad/Inmind/Robotics-Session9-Assignment/Session9_ros2_ws/install/robot_navigation/share/robot_navigation/environment/path.sh
[22.785s] -- Up-to-date symlink: /home/mohamad/Inmind/Robotics-Session9-Assignment/Session9_ros2_ws/install/robot_navigation/share/robot_navigation/environment/path.dsv
[22.785s] -- Up-to-date symlink: /home/mohamad/Inmind/Robotics-Session9-Assignment/Session9_ros2_ws/install/robot_navigation/share/robot_navigation/local_setup.bash
[22.785s] -- Up-to-date symlink: /home/mohamad/Inmind/Robotics-Session9-Assignment/Session9_ros2_ws/install/robot_navigation/share/robot_navigation/local_setup.sh
[22.786s] -- Up-to-date symlink: /home/mohamad/Inmind/Robotics-Session9-Assignment/Session9_ros2_ws/install/robot_navigation/share/robot_navigation/local_setup.zsh
[22.786s] -- Up-to-date symlink: /home/mohamad/Inmind/Robotics-Session9-Assignment/Session9_ros2_ws/install/robot_navigation/share/robot_navigation/local_setup.dsv
[22.786s] -- Symlinking: /home/mohamad/Inmind/Robotics-Session9-Assignment/Session9_ros2_ws/install/robot_navigation/share/robot_navigation/package.dsv
[22.838s] -- Up-to-date symlink: /home/mohamad/Inmind/Robotics-Session9-Assignment/Session9_ros2_ws/install/robot_navigation/share/ament_index/resource_index/packages/robot_navigation
[22.839s] -- Up-to-date symlink: /home/mohamad/Inmind/Robotics-Session9-Assignment/Session9_ros2_ws/install/robot_navigation/share/robot_navigation/cmake/robot_navigationConfig.cmake
[22.839s] -- Up-to-date symlink: /home/mohamad/Inmind/Robotics-Session9-Assignment/Session9_ros2_ws/install/robot_navigation/share/robot_navigation/cmake/robot_navigationConfig-version.cmake
[22.839s] -- Up-to-date symlink: /home/mohamad/Inmind/Robotics-Session9-Assignment/Session9_ros2_ws/install/robot_navigation/share/robot_navigation/package.xml
[22.852s] Invoked command in '/home/mohamad/Inmind/Robotics-Session9-Assignment/Session9_ros2_ws/build/robot_navigation' returned '0': CMAKE_PREFIX_PATH=/home/mohamad/Inmind/Robotics-Session9-Assignment/Session9_ros2_ws/install/custom_interfaces:/home/mohamad/Inmind/Robotics-Session9-Assignment/Session9_ros2_ws/install/robot_navigation:/home/mohamad/Inmind/Robotics-Session7-Assignment/Session7_ros2_ws/install/custom_interfaces:/home/mohamad/Inmind/Robotics-Session6-Assignment/Session6_ros2_ws/install/custom_interfaces:/home/mohamad/Inmind/Robotics-Session7-Assignment/Session7_ros2_ws/install/navigation_robot:/home/mohamad/Inmind/Robotics-Session6-Assignment/Session6_ros2_ws/install/session6_assignment:/home/mohamad/Inmind/ros2_ws/install/session5_academy:/home/mohamad/Inmind/Robotics-Session5-Ros2/session5_ros2_ws/install/session5_assignment:/home/mohamad/ros2_ws/install/my_robot_controller:/opt/ros/humble /usr/bin/cmake --install /home/mohamad/Inmind/Robotics-Session9-Assignment/Session9_ros2_ws/build/robot_navigation
