[0.036s] Invoking command in '/home/mohamad/Inmind/Robotics-Session9-Assignment/Session9_ros2_ws/build/robot_navigation': CMAKE_PREFIX_PATH=/home/mohamad/Inmind/Robotics-Session9-Assignment/Session9_ros2_ws/install/custom_interfaces:/home/mohamad/Inmind/Robotics-Session9-Assignment/Session9_ros2_ws/install/robot_navigation:/home/mohamad/Inmind/Robotics-Session7-Assignment/Session7_ros2_ws/install/custom_interfaces:/home/mohamad/Inmind/Robotics-Session6-Assignment/Session6_ros2_ws/install/custom_interfaces:/home/mohamad/Inmind/Robotics-Session7-Assignment/Session7_ros2_ws/install/navigation_robot:/home/mohamad/Inmind/Robotics-Session6-Assignment/Session6_ros2_ws/install/session6_assignment:/home/mohamad/Inmind/ros2_ws/install/session5_academy:/home/mohamad/Inmind/Robotics-Session5-Ros2/session5_ros2_ws/install/session5_assignment:/home/mohamad/ros2_ws/install/my_robot_controller:/opt/ros/humble /usr/bin/cmake /home/mohamad/Inmind/Robotics-Session9-Assignment/Session9_ros2_ws/src/robot_navigation -DCMAKE_INSTALL_PREFIX=/home/mohamad/Inmind/Robotics-Session9-Assignment/Session9_ros2_ws/install/robot_navigation
[0.416s] -- The C compiler identification is GNU 11.4.0
[0.641s] -- The CXX compiler identification is GNU 11.4.0
[0.652s] -- Detecting C compiler ABI info
[0.770s] -- Detecting C compiler ABI info - done
[0.779s] -- Check for working C compiler: /usr/bin/cc - skipped
[0.779s] -- Detecting C compile features
[0.780s] -- Detecting C compile features - done
[0.784s] -- Detecting CXX compiler ABI info
[0.910s] -- Detecting CXX compiler ABI info - done
[0.921s] -- Check for working CXX compiler: /usr/bin/c++ - skipped
[0.921s] -- Detecting CXX compile features
[0.921s] -- Detecting CXX compile features - done
[0.928s] -- Found ament_cmake: 1.3.9 (/opt/ros/humble/share/ament_cmake/cmake)
[1.152s] -- Found Python3: /usr/bin/python3 (found version "3.10.12") found components: Interpreter 
[1.601s] -- Found rclcpp: 16.0.9 (/opt/ros/humble/share/rclcpp/cmake)
[1.695s] -- Found rosidl_generator_c: 3.1.5 (/opt/ros/humble/share/rosidl_generator_c/cmake)
[1.703s] -- Found rosidl_adapter: 3.1.5 (/opt/ros/humble/share/rosidl_adapter/cmake)
[1.716s] -- Found rosidl_generator_cpp: 3.1.5 (/opt/ros/humble/share/rosidl_generator_cpp/cmake)
[1.735s] -- Using all available rosidl_typesupport_c: rosidl_typesupport_fastrtps_c;rosidl_typesupport_introspection_c
[1.762s] -- Using all available rosidl_typesupport_cpp: rosidl_typesupport_fastrtps_cpp;rosidl_typesupport_introspection_cpp
[1.973s] -- Found rmw_implementation_cmake: 6.1.2 (/opt/ros/humble/share/rmw_implementation_cmake/cmake)
[1.995s] -- Found rmw_fastrtps_cpp: 6.2.6 (/opt/ros/humble/share/rmw_fastrtps_cpp/cmake)
[2.824s] -- Found OpenSSL: /usr/lib/x86_64-linux-gnu/libcrypto.so (found version "3.0.2")  
[3.070s] -- Found FastRTPS: /opt/ros/humble/include  
[3.160s] -- Using RMW implementation 'rmw_fastrtps_cpp' as default
[3.281s] -- Looking for pthread.h
[3.481s] -- Looking for pthread.h - found
[3.481s] -- Performing Test CMAKE_HAVE_LIBC_PTHREAD
[3.592s] -- Performing Test CMAKE_HAVE_LIBC_PTHREAD - Success
[3.592s] -- Found Threads: TRUE  
[3.952s] -- Found custom_interfaces: 0.0.0 (/home/mohamad/Inmind/Robotics-Session9-Assignment/Session9_ros2_ws/install/custom_interfaces/share/custom_interfaces/cmake)
[4.243s] -- Found ament_lint_auto: 0.12.11 (/opt/ros/humble/share/ament_lint_auto/cmake)
[4.453s] -- Added test 'cppcheck' to perform static code analysis on C / C++ code
[4.456s] -- Configured cppcheck include dirs: /home/mohamad/Inmind/Robotics-Session9-Assignment/Session9_ros2_ws/src/robot_navigation/include;/home/mohamad/Inmind/Robotics-Session9-Assignment/Session9_ros2_ws/src/robot_navigation/../custom_interfaces/install/custom_interfaces/include/custom_interfaces
[4.456s] -- Configured cppcheck exclude dirs and/or files: 
[4.458s] -- Added test 'lint_cmake' to check CMake code style
[4.460s] -- Added test 'uncrustify' to check C / C++ code style
[4.460s] -- Configured uncrustify additional arguments: 
[4.461s] -- Added test 'xmllint' to check XML markup files
[4.464s] -- Configuring done
[4.476s] -- Generating done
[4.479s] -- Build files have been written to: /home/mohamad/Inmind/Robotics-Session9-Assignment/Session9_ros2_ws/build/robot_navigation
[4.489s] Invoked command in '/home/mohamad/Inmind/Robotics-Session9-Assignment/Session9_ros2_ws/build/robot_navigation' returned '0': CMAKE_PREFIX_PATH=/home/mohamad/Inmind/Robotics-Session9-Assignment/Session9_ros2_ws/install/custom_interfaces:/home/mohamad/Inmind/Robotics-Session9-Assignment/Session9_ros2_ws/install/robot_navigation:/home/mohamad/Inmind/Robotics-Session7-Assignment/Session7_ros2_ws/install/custom_interfaces:/home/mohamad/Inmind/Robotics-Session6-Assignment/Session6_ros2_ws/install/custom_interfaces:/home/mohamad/Inmind/Robotics-Session7-Assignment/Session7_ros2_ws/install/navigation_robot:/home/mohamad/Inmind/Robotics-Session6-Assignment/Session6_ros2_ws/install/session6_assignment:/home/mohamad/Inmind/ros2_ws/install/session5_academy:/home/mohamad/Inmind/Robotics-Session5-Ros2/session5_ros2_ws/install/session5_assignment:/home/mohamad/ros2_ws/install/my_robot_controller:/opt/ros/humble /usr/bin/cmake /home/mohamad/Inmind/Robotics-Session9-Assignment/Session9_ros2_ws/src/robot_navigation -DCMAKE_INSTALL_PREFIX=/home/mohamad/Inmind/Robotics-Session9-Assignment/Session9_ros2_ws/install/robot_navigation
[4.491s] Invoking command in '/home/mohamad/Inmind/Robotics-Session9-Assignment/Session9_ros2_ws/build/robot_navigation': CMAKE_PREFIX_PATH=/home/mohamad/Inmind/Robotics-Session9-Assignment/Session9_ros2_ws/install/custom_interfaces:/home/mohamad/Inmind/Robotics-Session9-Assignment/Session9_ros2_ws/install/robot_navigation:/home/mohamad/Inmind/Robotics-Session7-Assignment/Session7_ros2_ws/install/custom_interfaces:/home/mohamad/Inmind/Robotics-Session6-Assignment/Session6_ros2_ws/install/custom_interfaces:/home/mohamad/Inmind/Robotics-Session7-Assignment/Session7_ros2_ws/install/navigation_robot:/home/mohamad/Inmind/Robotics-Session6-Assignment/Session6_ros2_ws/install/session6_assignment:/home/mohamad/Inmind/ros2_ws/install/session5_academy:/home/mohamad/Inmind/Robotics-Session5-Ros2/session5_ros2_ws/install/session5_assignment:/home/mohamad/ros2_ws/install/my_robot_controller:/opt/ros/humble /usr/bin/cmake --build /home/mohamad/Inmind/Robotics-Session9-Assignment/Session9_ros2_ws/build/robot_navigation -- -j4 -l4
[4.574s] [ 50%] [32mBuilding CXX object CMakeFiles/wall_finder_server.dir/src/wall_finder_server.cpp.o[0m
[9.316s] [100%] [32m[1mLinking CXX executable wall_finder_server[0m
[9.739s] [100%] Built target wall_finder_server
[9.945s] Invoked command in '/home/mohamad/Inmind/Robotics-Session9-Assignment/Session9_ros2_ws/build/robot_navigation' returned '0': CMAKE_PREFIX_PATH=/home/mohamad/Inmind/Robotics-Session9-Assignment/Session9_ros2_ws/install/custom_interfaces:/home/mohamad/Inmind/Robotics-Session9-Assignment/Session9_ros2_ws/install/robot_navigation:/home/mohamad/Inmind/Robotics-Session7-Assignment/Session7_ros2_ws/install/custom_interfaces:/home/mohamad/Inmind/Robotics-Session6-Assignment/Session6_ros2_ws/install/custom_interfaces:/home/mohamad/Inmind/Robotics-Session7-Assignment/Session7_ros2_ws/install/navigation_robot:/home/mohamad/Inmind/Robotics-Session6-Assignment/Session6_ros2_ws/install/session6_assignment:/home/mohamad/Inmind/ros2_ws/install/session5_academy:/home/mohamad/Inmind/Robotics-Session5-Ros2/session5_ros2_ws/install/session5_assignment:/home/mohamad/ros2_ws/install/my_robot_controller:/opt/ros/humble /usr/bin/cmake --build /home/mohamad/Inmind/Robotics-Session9-Assignment/Session9_ros2_ws/build/robot_navigation -- -j4 -l4
[10.171s] Invoking command in '/home/mohamad/Inmind/Robotics-Session9-Assignment/Session9_ros2_ws/build/robot_navigation': CMAKE_PREFIX_PATH=/home/mohamad/Inmind/Robotics-Session9-Assignment/Session9_ros2_ws/install/custom_interfaces:/home/mohamad/Inmind/Robotics-Session9-Assignment/Session9_ros2_ws/install/robot_navigation:/home/mohamad/Inmind/Robotics-Session7-Assignment/Session7_ros2_ws/install/custom_interfaces:/home/mohamad/Inmind/Robotics-Session6-Assignment/Session6_ros2_ws/install/custom_interfaces:/home/mohamad/Inmind/Robotics-Session7-Assignment/Session7_ros2_ws/install/navigation_robot:/home/mohamad/Inmind/Robotics-Session6-Assignment/Session6_ros2_ws/install/session6_assignment:/home/mohamad/Inmind/ros2_ws/install/session5_academy:/home/mohamad/Inmind/Robotics-Session5-Ros2/session5_ros2_ws/install/session5_assignment:/home/mohamad/ros2_ws/install/my_robot_controller:/opt/ros/humble /usr/bin/cmake --install /home/mohamad/Inmind/Robotics-Session9-Assignment/Session9_ros2_ws/build/robot_navigation
[10.192s] -- Install configuration: ""
[10.192s] -- Installing: /home/mohamad/Inmind/Robotics-Session9-Assignment/Session9_ros2_ws/install/robot_navigation/lib/robot_navigation/wall_finder_server
[10.192s] -- Set runtime path of "/home/mohamad/Inmind/Robotics-Session9-Assignment/Session9_ros2_ws/install/robot_navigation/lib/robot_navigation/wall_finder_server" to ""
[10.192s] -- Installing: /home/mohamad/Inmind/Robotics-Session9-Assignment/Session9_ros2_ws/install/robot_navigation/share/ament_index/resource_index/package_run_dependencies/robot_navigation
[10.192s] -- Installing: /home/mohamad/Inmind/Robotics-Session9-Assignment/Session9_ros2_ws/install/robot_navigation/share/ament_index/resource_index/parent_prefix_path/robot_navigation
[10.193s] -- Installing: /home/mohamad/Inmind/Robotics-Session9-Assignment/Session9_ros2_ws/install/robot_navigation/share/robot_navigation/environment/ament_prefix_path.sh
[10.193s] -- Installing: /home/mohamad/Inmind/Robotics-Session9-Assignment/Session9_ros2_ws/install/robot_navigation/share/robot_navigation/environment/ament_prefix_path.dsv
[10.194s] -- Installing: /home/mohamad/Inmind/Robotics-Session9-Assignment/Session9_ros2_ws/install/robot_navigation/share/robot_navigation/environment/path.sh
[10.194s] -- Installing: /home/mohamad/Inmind/Robotics-Session9-Assignment/Session9_ros2_ws/install/robot_navigation/share/robot_navigation/environment/path.dsv
[10.195s] -- Installing: /home/mohamad/Inmind/Robotics-Session9-Assignment/Session9_ros2_ws/install/robot_navigation/share/robot_navigation/local_setup.bash
[10.195s] -- Installing: /home/mohamad/Inmind/Robotics-Session9-Assignment/Session9_ros2_ws/install/robot_navigation/share/robot_navigation/local_setup.sh
[10.195s] -- Installing: /home/mohamad/Inmind/Robotics-Session9-Assignment/Session9_ros2_ws/install/robot_navigation/share/robot_navigation/local_setup.zsh
[10.195s] -- Installing: /home/mohamad/Inmind/Robotics-Session9-Assignment/Session9_ros2_ws/install/robot_navigation/share/robot_navigation/local_setup.dsv
[10.195s] -- Installing: /home/mohamad/Inmind/Robotics-Session9-Assignment/Session9_ros2_ws/install/robot_navigation/share/robot_navigation/package.dsv
[10.196s] -- Installing: /home/mohamad/Inmind/Robotics-Session9-Assignment/Session9_ros2_ws/install/robot_navigation/share/ament_index/resource_index/packages/robot_navigation
[10.196s] -- Installing: /home/mohamad/Inmind/Robotics-Session9-Assignment/Session9_ros2_ws/install/robot_navigation/share/robot_navigation/cmake/robot_navigationConfig.cmake
[10.196s] -- Installing: /home/mohamad/Inmind/Robotics-Session9-Assignment/Session9_ros2_ws/install/robot_navigation/share/robot_navigation/cmake/robot_navigationConfig-version.cmake
[10.196s] -- Installing: /home/mohamad/Inmind/Robotics-Session9-Assignment/Session9_ros2_ws/install/robot_navigation/share/robot_navigation/package.xml
[10.232s] Invoked command in '/home/mohamad/Inmind/Robotics-Session9-Assignment/Session9_ros2_ws/build/robot_navigation' returned '0': CMAKE_PREFIX_PATH=/home/mohamad/Inmind/Robotics-Session9-Assignment/Session9_ros2_ws/install/custom_interfaces:/home/mohamad/Inmind/Robotics-Session9-Assignment/Session9_ros2_ws/install/robot_navigation:/home/mohamad/Inmind/Robotics-Session7-Assignment/Session7_ros2_ws/install/custom_interfaces:/home/mohamad/Inmind/Robotics-Session6-Assignment/Session6_ros2_ws/install/custom_interfaces:/home/mohamad/Inmind/Robotics-Session7-Assignment/Session7_ros2_ws/install/navigation_robot:/home/mohamad/Inmind/Robotics-Session6-Assignment/Session6_ros2_ws/install/session6_assignment:/home/mohamad/Inmind/ros2_ws/install/session5_academy:/home/mohamad/Inmind/Robotics-Session5-Ros2/session5_ros2_ws/install/session5_assignment:/home/mohamad/ros2_ws/install/my_robot_controller:/opt/ros/humble /usr/bin/cmake --install /home/mohamad/Inmind/Robotics-Session9-Assignment/Session9_ros2_ws/build/robot_navigation
