[1.486s] DEBUG:colcon:Command line arguments: ['/usr/bin/colcon', 'build']
[1.487s] DEBUG:colcon:Parsed command line arguments: Namespace(log_base=None, log_level=None, verb_name='build', build_base='build', install_base='install', merge_install=False, symlink_install=False, test_result_base=None, continue_on_error=False, executor='parallel', parallel_workers=4, event_handlers=None, ignore_user_meta=False, metas=['./colcon.meta'], base_paths=['.'], packages_ignore=None, packages_ignore_regex=None, paths=None, packages_up_to=None, packages_up_to_regex=None, packages_above=None, packages_above_and_dependencies=None, packages_above_depth=None, packages_select_by_dep=None, packages_skip_by_dep=None, packages_skip_up_to=None, packages_select_build_failed=False, packages_skip_build_finished=False, packages_select_test_failures=False, packages_skip_test_passed=False, packages_select=None, packages_skip=None, packages_select_regex=None, packages_skip_regex=None, packages_start=None, packages_end=None, allow_overriding=[], cmake_args=None, cmake_target=None, cmake_target_skip_unavailable=False, cmake_clean_cache=False, cmake_clean_first=False, cmake_force_configure=False, ament_cmake_args=None, catkin_cmake_args=None, catkin_skip_building_tests=False, verb_parser=<colcon_defaults.argument_parser.defaults.DefaultArgumentsDecorator object at 0x751d66d493c0>, verb_extension=<colcon_core.verb.build.BuildVerb object at 0x751d66d48e80>, main=<bound method BuildVerb.main of <colcon_core.verb.build.BuildVerb object at 0x751d66d48e80>>)
[8.845s] Level 1:colcon.colcon_core.package_discovery:discover_packages(colcon_meta) check parameters
[8.847s] Level 1:colcon.colcon_core.package_discovery:discover_packages(recursive) check parameters
[8.848s] Level 1:colcon.colcon_core.package_discovery:discover_packages(ignore) check parameters
[8.848s] Level 1:colcon.colcon_core.package_discovery:discover_packages(path) check parameters
[8.848s] Level 1:colcon.colcon_core.package_discovery:discover_packages(colcon_meta) discover
[8.848s] Level 1:colcon.colcon_core.package_discovery:discover_packages(recursive) discover
[8.849s] INFO:colcon.colcon_core.package_discovery:Crawling recursively for packages in '/home/mohamad/Inmind/Robotics-Session9-Assignment/Session9_ros2_ws'
[8.849s] Level 1:colcon.colcon_core.package_identification:_identify(.) by extensions ['ignore', 'ignore_ament_install']
[8.850s] Level 1:colcon.colcon_core.package_identification:_identify(.) by extension 'ignore'
[8.850s] Level 1:colcon.colcon_core.package_identification:_identify(.) by extension 'ignore_ament_install'
[8.850s] Level 1:colcon.colcon_core.package_identification:_identify(.) by extensions ['colcon_pkg']
[8.850s] Level 1:colcon.colcon_core.package_identification:_identify(.) by extension 'colcon_pkg'
[8.850s] Level 1:colcon.colcon_core.package_identification:_identify(.) by extensions ['colcon_meta']
[8.850s] Level 1:colcon.colcon_core.package_identification:_identify(.) by extension 'colcon_meta'
[8.850s] Level 1:colcon.colcon_core.package_identification:_identify(.) by extensions ['ros']
[8.850s] Level 1:colcon.colcon_core.package_identification:_identify(.) by extension 'ros'
[9.079s] Level 1:colcon.colcon_core.package_identification:_identify(.) by extensions ['cmake', 'python']
[9.079s] Level 1:colcon.colcon_core.package_identification:_identify(.) by extension 'cmake'
[9.079s] Level 1:colcon.colcon_core.package_identification:_identify(.) by extension 'python'
[9.080s] Level 1:colcon.colcon_core.package_identification:_identify(.) by extensions ['python_setup_py']
[9.080s] Level 1:colcon.colcon_core.package_identification:_identify(.) by extension 'python_setup_py'
[9.095s] Level 1:colcon.colcon_core.package_identification:_identify(build) by extensions ['ignore', 'ignore_ament_install']
[9.095s] Level 1:colcon.colcon_core.package_identification:_identify(build) by extension 'ignore'
[9.096s] Level 1:colcon.colcon_core.package_identification:_identify(build) ignored
[9.109s] Level 1:colcon.colcon_core.package_identification:_identify(install) by extensions ['ignore', 'ignore_ament_install']
[9.110s] Level 1:colcon.colcon_core.package_identification:_identify(install) by extension 'ignore'
[9.110s] Level 1:colcon.colcon_core.package_identification:_identify(install) ignored
[9.116s] Level 1:colcon.colcon_core.package_identification:_identify(log) by extensions ['ignore', 'ignore_ament_install']
[9.116s] Level 1:colcon.colcon_core.package_identification:_identify(log) by extension 'ignore'
[9.116s] Level 1:colcon.colcon_core.package_identification:_identify(log) ignored
[9.136s] Level 1:colcon.colcon_core.package_identification:_identify(src) by extensions ['ignore', 'ignore_ament_install']
[9.137s] Level 1:colcon.colcon_core.package_identification:_identify(src) by extension 'ignore'
[9.137s] Level 1:colcon.colcon_core.package_identification:_identify(src) by extension 'ignore_ament_install'
[9.139s] Level 1:colcon.colcon_core.package_identification:_identify(src) by extensions ['colcon_pkg']
[9.145s] Level 1:colcon.colcon_core.package_identification:_identify(src) by extension 'colcon_pkg'
[9.145s] Level 1:colcon.colcon_core.package_identification:_identify(src) by extensions ['colcon_meta']
[9.145s] Level 1:colcon.colcon_core.package_identification:_identify(src) by extension 'colcon_meta'
[9.145s] Level 1:colcon.colcon_core.package_identification:_identify(src) by extensions ['ros']
[9.145s] Level 1:colcon.colcon_core.package_identification:_identify(src) by extension 'ros'
[9.148s] Level 1:colcon.colcon_core.package_identification:_identify(src) by extensions ['cmake', 'python']
[9.148s] Level 1:colcon.colcon_core.package_identification:_identify(src) by extension 'cmake'
[9.148s] Level 1:colcon.colcon_core.package_identification:_identify(src) by extension 'python'
[9.149s] Level 1:colcon.colcon_core.package_identification:_identify(src) by extensions ['python_setup_py']
[9.149s] Level 1:colcon.colcon_core.package_identification:_identify(src) by extension 'python_setup_py'
[9.149s] Level 1:colcon.colcon_core.package_identification:_identify(src/custom_interfaces) by extensions ['ignore', 'ignore_ament_install']
[9.149s] Level 1:colcon.colcon_core.package_identification:_identify(src/custom_interfaces) by extension 'ignore'
[9.149s] Level 1:colcon.colcon_core.package_identification:_identify(src/custom_interfaces) by extension 'ignore_ament_install'
[9.149s] Level 1:colcon.colcon_core.package_identification:_identify(src/custom_interfaces) by extensions ['colcon_pkg']
[9.149s] Level 1:colcon.colcon_core.package_identification:_identify(src/custom_interfaces) by extension 'colcon_pkg'
[9.151s] Level 1:colcon.colcon_core.package_identification:_identify(src/custom_interfaces) by extensions ['colcon_meta']
[9.151s] Level 1:colcon.colcon_core.package_identification:_identify(src/custom_interfaces) by extension 'colcon_meta'
[9.152s] Level 1:colcon.colcon_core.package_identification:_identify(src/custom_interfaces) by extensions ['ros']
[9.152s] Level 1:colcon.colcon_core.package_identification:_identify(src/custom_interfaces) by extension 'ros'
[9.193s] DEBUG:colcon.colcon_core.package_identification:Package 'src/custom_interfaces' with type 'ros.ament_cmake' and name 'custom_interfaces'
[9.194s] Level 1:colcon.colcon_core.package_identification:_identify(src/robot_navigation) by extensions ['ignore', 'ignore_ament_install']
[9.195s] Level 1:colcon.colcon_core.package_identification:_identify(src/robot_navigation) by extension 'ignore'
[9.195s] Level 1:colcon.colcon_core.package_identification:_identify(src/robot_navigation) by extension 'ignore_ament_install'
[9.195s] Level 1:colcon.colcon_core.package_identification:_identify(src/robot_navigation) by extensions ['colcon_pkg']
[9.195s] Level 1:colcon.colcon_core.package_identification:_identify(src/robot_navigation) by extension 'colcon_pkg'
[9.195s] Level 1:colcon.colcon_core.package_identification:_identify(src/robot_navigation) by extensions ['colcon_meta']
[9.195s] Level 1:colcon.colcon_core.package_identification:_identify(src/robot_navigation) by extension 'colcon_meta'
[9.196s] Level 1:colcon.colcon_core.package_identification:_identify(src/robot_navigation) by extensions ['ros']
[9.196s] Level 1:colcon.colcon_core.package_identification:_identify(src/robot_navigation) by extension 'ros'
[9.211s] DEBUG:colcon.colcon_core.package_identification:Package 'src/robot_navigation' with type 'ros.ament_cmake' and name 'robot_navigation'
[9.212s] Level 1:colcon.colcon_core.package_discovery:discover_packages(recursive) using defaults
[9.212s] Level 1:colcon.colcon_core.package_discovery:discover_packages(ignore) discover
[9.212s] Level 1:colcon.colcon_core.package_discovery:discover_packages(ignore) using defaults
[9.212s] Level 1:colcon.colcon_core.package_discovery:discover_packages(path) discover
[9.212s] Level 1:colcon.colcon_core.package_discovery:discover_packages(path) using defaults
[9.603s] Level 1:colcon.colcon_core.package_discovery:discover_packages(prefix_path) check parameters
[9.603s] Level 1:colcon.colcon_core.package_discovery:discover_packages(prefix_path) discover
[9.729s] DEBUG:colcon.colcon_installed_package_information.package_discovery:Found 2 installed packages in /home/mohamad/Inmind/Robotics-Session9-Assignment/Session9_ros2_ws/install
[9.737s] DEBUG:colcon.colcon_installed_package_information.package_discovery:Found 2 installed packages in /home/mohamad/Inmind/Robotics-Session7-Assignment/Session7_ros2_ws/install
[9.760s] DEBUG:colcon.colcon_installed_package_information.package_discovery:Found 2 installed packages in /home/mohamad/Inmind/Robotics-Session6-Assignment/Session6_ros2_ws/install
[9.782s] DEBUG:colcon.colcon_installed_package_information.package_discovery:Found 1 installed packages in /home/mohamad/Inmind/Robotics-Session5-Ros2/session5_ros2_ws/install
[9.799s] DEBUG:colcon.colcon_installed_package_information.package_discovery:Found 1 installed packages in /home/mohamad/Inmind/ros2_ws/install
[9.800s] DEBUG:colcon.colcon_installed_package_information.package_discovery:Found 1 installed packages in /home/mohamad/ros2_ws/install
[9.803s] DEBUG:colcon.colcon_installed_package_information.package_discovery:Found 337 installed packages in /opt/ros/humble
[9.805s] Level 1:colcon.colcon_core.package_discovery:discover_packages(prefix_path) using defaults
[10.373s] Level 5:colcon.colcon_core.verb:set package 'custom_interfaces' build argument 'cmake_args' from command line to 'None'
[10.373s] Level 5:colcon.colcon_core.verb:set package 'custom_interfaces' build argument 'cmake_target' from command line to 'None'
[10.378s] Level 5:colcon.colcon_core.verb:set package 'custom_interfaces' build argument 'cmake_target_skip_unavailable' from command line to 'False'
[10.381s] Level 5:colcon.colcon_core.verb:set package 'custom_interfaces' build argument 'cmake_clean_cache' from command line to 'False'
[10.382s] Level 5:colcon.colcon_core.verb:set package 'custom_interfaces' build argument 'cmake_clean_first' from command line to 'False'
[10.383s] Level 5:colcon.colcon_core.verb:set package 'custom_interfaces' build argument 'cmake_force_configure' from command line to 'False'
[10.383s] Level 5:colcon.colcon_core.verb:set package 'custom_interfaces' build argument 'ament_cmake_args' from command line to 'None'
[10.383s] Level 5:colcon.colcon_core.verb:set package 'custom_interfaces' build argument 'catkin_cmake_args' from command line to 'None'
[10.384s] Level 5:colcon.colcon_core.verb:set package 'custom_interfaces' build argument 'catkin_skip_building_tests' from command line to 'False'
[10.384s] DEBUG:colcon.colcon_core.verb:Building package 'custom_interfaces' with the following arguments: {'ament_cmake_args': None, 'build_base': '/home/mohamad/Inmind/Robotics-Session9-Assignment/Session9_ros2_ws/build/custom_interfaces', 'catkin_cmake_args': None, 'catkin_skip_building_tests': False, 'cmake_args': None, 'cmake_clean_cache': False, 'cmake_clean_first': False, 'cmake_force_configure': False, 'cmake_target': None, 'cmake_target_skip_unavailable': False, 'install_base': '/home/mohamad/Inmind/Robotics-Session9-Assignment/Session9_ros2_ws/install/custom_interfaces', 'merge_install': False, 'path': '/home/mohamad/Inmind/Robotics-Session9-Assignment/Session9_ros2_ws/src/custom_interfaces', 'symlink_install': False, 'test_result_base': None}
[10.386s] Level 5:colcon.colcon_core.verb:set package 'robot_navigation' build argument 'cmake_args' from command line to 'None'
[10.387s] Level 5:colcon.colcon_core.verb:set package 'robot_navigation' build argument 'cmake_target' from command line to 'None'
[10.387s] Level 5:colcon.colcon_core.verb:set package 'robot_navigation' build argument 'cmake_target_skip_unavailable' from command line to 'False'
[10.387s] Level 5:colcon.colcon_core.verb:set package 'robot_navigation' build argument 'cmake_clean_cache' from command line to 'False'
[10.387s] Level 5:colcon.colcon_core.verb:set package 'robot_navigation' build argument 'cmake_clean_first' from command line to 'False'
[10.387s] Level 5:colcon.colcon_core.verb:set package 'robot_navigation' build argument 'cmake_force_configure' from command line to 'False'
[10.387s] Level 5:colcon.colcon_core.verb:set package 'robot_navigation' build argument 'ament_cmake_args' from command line to 'None'
[10.387s] Level 5:colcon.colcon_core.verb:set package 'robot_navigation' build argument 'catkin_cmake_args' from command line to 'None'
[10.388s] Level 5:colcon.colcon_core.verb:set package 'robot_navigation' build argument 'catkin_skip_building_tests' from command line to 'False'
[10.388s] DEBUG:colcon.colcon_core.verb:Building package 'robot_navigation' with the following arguments: {'ament_cmake_args': None, 'build_base': '/home/mohamad/Inmind/Robotics-Session9-Assignment/Session9_ros2_ws/build/robot_navigation', 'catkin_cmake_args': None, 'catkin_skip_building_tests': False, 'cmake_args': None, 'cmake_clean_cache': False, 'cmake_clean_first': False, 'cmake_force_configure': False, 'cmake_target': None, 'cmake_target_skip_unavailable': False, 'install_base': '/home/mohamad/Inmind/Robotics-Session9-Assignment/Session9_ros2_ws/install/robot_navigation', 'merge_install': False, 'path': '/home/mohamad/Inmind/Robotics-Session9-Assignment/Session9_ros2_ws/src/robot_navigation', 'symlink_install': False, 'test_result_base': None}
[10.389s] INFO:colcon.colcon_core.executor:Executing jobs using 'parallel' executor
[10.400s] DEBUG:colcon.colcon_parallel_executor.executor.parallel:run_until_complete
[10.401s] INFO:colcon.colcon_ros.task.ament_cmake.build:Building ROS package in '/home/mohamad/Inmind/Robotics-Session9-Assignment/Session9_ros2_ws/src/custom_interfaces' with build type 'ament_cmake'
[10.401s] INFO:colcon.colcon_cmake.task.cmake.build:Building CMake package in '/home/mohamad/Inmind/Robotics-Session9-Assignment/Session9_ros2_ws/src/custom_interfaces'
[10.455s] INFO:colcon.colcon_core.plugin_system:Skipping extension 'colcon_core.shell.bat': Not used on non-Windows systems
[10.456s] INFO:colcon.colcon_core.shell:Skip shell extension 'powershell' for command environment: Not usable outside of PowerShell
[10.456s] DEBUG:colcon.colcon_core.shell:Skip shell extension 'dsv' for command environment
[10.735s] DEBUG:colcon.colcon_core.event_handler.log_command:Invoking command in '/home/mohamad/Inmind/Robotics-Session9-Assignment/Session9_ros2_ws/build/custom_interfaces': CMAKE_PREFIX_PATH=${CMAKE_PREFIX_PATH}:/home/mohamad/Inmind/Robotics-Session7-Assignment/Session7_ros2_ws/install/navigation_robot:/home/mohamad/Inmind/Robotics-Session6-Assignment/Session6_ros2_ws/install/session6_assignment:/home/mohamad/Inmind/ros2_ws/install/session5_academy:/home/mohamad/Inmind/Robotics-Session5-Ros2/session5_ros2_ws/install/session5_assignment:/home/mohamad/ros2_ws/install/my_robot_controller:/opt/ros/humble /usr/bin/cmake --build /home/mohamad/Inmind/Robotics-Session9-Assignment/Session9_ros2_ws/build/custom_interfaces -- -j4 -l4
[17.816s] DEBUG:colcon.colcon_core.event_handler.log_command:Invoked command in '/home/mohamad/Inmind/Robotics-Session9-Assignment/Session9_ros2_ws/build/custom_interfaces' returned '0': CMAKE_PREFIX_PATH=${CMAKE_PREFIX_PATH}:/home/mohamad/Inmind/Robotics-Session7-Assignment/Session7_ros2_ws/install/navigation_robot:/home/mohamad/Inmind/Robotics-Session6-Assignment/Session6_ros2_ws/install/session6_assignment:/home/mohamad/Inmind/ros2_ws/install/session5_academy:/home/mohamad/Inmind/Robotics-Session5-Ros2/session5_ros2_ws/install/session5_assignment:/home/mohamad/ros2_ws/install/my_robot_controller:/opt/ros/humble /usr/bin/cmake --build /home/mohamad/Inmind/Robotics-Session9-Assignment/Session9_ros2_ws/build/custom_interfaces -- -j4 -l4
[19.181s] DEBUG:colcon.colcon_core.event_handler.log_command:Invoking command in '/home/mohamad/Inmind/Robotics-Session9-Assignment/Session9_ros2_ws/build/custom_interfaces': CMAKE_PREFIX_PATH=${CMAKE_PREFIX_PATH}:/home/mohamad/Inmind/Robotics-Session7-Assignment/Session7_ros2_ws/install/navigation_robot:/home/mohamad/Inmind/Robotics-Session6-Assignment/Session6_ros2_ws/install/session6_assignment:/home/mohamad/Inmind/ros2_ws/install/session5_academy:/home/mohamad/Inmind/Robotics-Session5-Ros2/session5_ros2_ws/install/session5_assignment:/home/mohamad/ros2_ws/install/my_robot_controller:/opt/ros/humble /usr/bin/cmake --install /home/mohamad/Inmind/Robotics-Session9-Assignment/Session9_ros2_ws/build/custom_interfaces
[20.124s] Level 1:colcon.colcon_core.environment:create_environment_scripts_only(custom_interfaces)
[20.126s] DEBUG:colcon.colcon_core.event_handler.log_command:Invoked command in '/home/mohamad/Inmind/Robotics-Session9-Assignment/Session9_ros2_ws/build/custom_interfaces' returned '0': CMAKE_PREFIX_PATH=${CMAKE_PREFIX_PATH}:/home/mohamad/Inmind/Robotics-Session7-Assignment/Session7_ros2_ws/install/navigation_robot:/home/mohamad/Inmind/Robotics-Session6-Assignment/Session6_ros2_ws/install/session6_assignment:/home/mohamad/Inmind/ros2_ws/install/session5_academy:/home/mohamad/Inmind/Robotics-Session5-Ros2/session5_ros2_ws/install/session5_assignment:/home/mohamad/ros2_ws/install/my_robot_controller:/opt/ros/humble /usr/bin/cmake --install /home/mohamad/Inmind/Robotics-Session9-Assignment/Session9_ros2_ws/build/custom_interfaces
[20.375s] Level 1:colcon.colcon_core.environment:checking '/home/mohamad/Inmind/Robotics-Session9-Assignment/Session9_ros2_ws/install/custom_interfaces' for CMake module files
[20.376s] Level 1:colcon.colcon_core.environment:checking '/home/mohamad/Inmind/Robotics-Session9-Assignment/Session9_ros2_ws/install/custom_interfaces' for CMake config files
[20.381s] Level 1:colcon.colcon_core.shell:create_environment_hook('custom_interfaces', 'cmake_prefix_path')
[20.382s] INFO:colcon.colcon_core.shell:Creating environment hook '/home/mohamad/Inmind/Robotics-Session9-Assignment/Session9_ros2_ws/install/custom_interfaces/share/custom_interfaces/hook/cmake_prefix_path.ps1'
[20.384s] INFO:colcon.colcon_core.shell:Creating environment descriptor '/home/mohamad/Inmind/Robotics-Session9-Assignment/Session9_ros2_ws/install/custom_interfaces/share/custom_interfaces/hook/cmake_prefix_path.dsv'
[20.402s] INFO:colcon.colcon_core.shell:Creating environment hook '/home/mohamad/Inmind/Robotics-Session9-Assignment/Session9_ros2_ws/install/custom_interfaces/share/custom_interfaces/hook/cmake_prefix_path.sh'
[20.407s] Level 1:colcon.colcon_core.environment:checking '/home/mohamad/Inmind/Robotics-Session9-Assignment/Session9_ros2_ws/install/custom_interfaces/lib'
[20.408s] Level 1:colcon.colcon_core.shell:create_environment_hook('custom_interfaces', 'ld_library_path_lib')
[20.408s] INFO:colcon.colcon_core.shell:Creating environment hook '/home/mohamad/Inmind/Robotics-Session9-Assignment/Session9_ros2_ws/install/custom_interfaces/share/custom_interfaces/hook/ld_library_path_lib.ps1'
[20.409s] INFO:colcon.colcon_core.shell:Creating environment descriptor '/home/mohamad/Inmind/Robotics-Session9-Assignment/Session9_ros2_ws/install/custom_interfaces/share/custom_interfaces/hook/ld_library_path_lib.dsv'
[20.410s] INFO:colcon.colcon_core.shell:Creating environment hook '/home/mohamad/Inmind/Robotics-Session9-Assignment/Session9_ros2_ws/install/custom_interfaces/share/custom_interfaces/hook/ld_library_path_lib.sh'
[20.410s] Level 1:colcon.colcon_core.environment:checking '/home/mohamad/Inmind/Robotics-Session9-Assignment/Session9_ros2_ws/install/custom_interfaces/bin'
[20.411s] Level 1:colcon.colcon_core.environment:checking '/home/mohamad/Inmind/Robotics-Session9-Assignment/Session9_ros2_ws/install/custom_interfaces/lib/pkgconfig/custom_interfaces.pc'
[20.411s] Level 1:colcon.colcon_core.environment:checking '/home/mohamad/Inmind/Robotics-Session9-Assignment/Session9_ros2_ws/install/custom_interfaces/lib/python3.10/site-packages'
[20.412s] Level 1:colcon.colcon_core.environment:checking '/home/mohamad/Inmind/Robotics-Session9-Assignment/Session9_ros2_ws/install/custom_interfaces/bin'
[20.412s] INFO:colcon.colcon_core.shell:Creating package script '/home/mohamad/Inmind/Robotics-Session9-Assignment/Session9_ros2_ws/install/custom_interfaces/share/custom_interfaces/package.ps1'
[20.417s] INFO:colcon.colcon_core.shell:Creating package descriptor '/home/mohamad/Inmind/Robotics-Session9-Assignment/Session9_ros2_ws/install/custom_interfaces/share/custom_interfaces/package.dsv'
[20.420s] INFO:colcon.colcon_core.shell:Creating package script '/home/mohamad/Inmind/Robotics-Session9-Assignment/Session9_ros2_ws/install/custom_interfaces/share/custom_interfaces/package.sh'
[20.426s] INFO:colcon.colcon_core.shell:Creating package script '/home/mohamad/Inmind/Robotics-Session9-Assignment/Session9_ros2_ws/install/custom_interfaces/share/custom_interfaces/package.bash'
[20.435s] INFO:colcon.colcon_core.shell:Creating package script '/home/mohamad/Inmind/Robotics-Session9-Assignment/Session9_ros2_ws/install/custom_interfaces/share/custom_interfaces/package.zsh'
[20.468s] Level 1:colcon.colcon_core.environment:create_file_with_runtime_dependencies(/home/mohamad/Inmind/Robotics-Session9-Assignment/Session9_ros2_ws/install/custom_interfaces/share/colcon-core/packages/custom_interfaces)
[21.297s] Level 1:colcon.colcon_core.environment:create_environment_scripts_only(custom_interfaces)
[21.297s] Level 1:colcon.colcon_core.environment:checking '/home/mohamad/Inmind/Robotics-Session9-Assignment/Session9_ros2_ws/install/custom_interfaces' for CMake module files
[21.298s] Level 1:colcon.colcon_core.environment:checking '/home/mohamad/Inmind/Robotics-Session9-Assignment/Session9_ros2_ws/install/custom_interfaces' for CMake config files
[21.299s] Level 1:colcon.colcon_core.shell:create_environment_hook('custom_interfaces', 'cmake_prefix_path')
[21.299s] INFO:colcon.colcon_core.shell:Creating environment hook '/home/mohamad/Inmind/Robotics-Session9-Assignment/Session9_ros2_ws/install/custom_interfaces/share/custom_interfaces/hook/cmake_prefix_path.ps1'
[21.300s] INFO:colcon.colcon_core.shell:Creating environment descriptor '/home/mohamad/Inmind/Robotics-Session9-Assignment/Session9_ros2_ws/install/custom_interfaces/share/custom_interfaces/hook/cmake_prefix_path.dsv'
[21.301s] INFO:colcon.colcon_core.shell:Creating environment hook '/home/mohamad/Inmind/Robotics-Session9-Assignment/Session9_ros2_ws/install/custom_interfaces/share/custom_interfaces/hook/cmake_prefix_path.sh'
[21.304s] Level 1:colcon.colcon_core.environment:checking '/home/mohamad/Inmind/Robotics-Session9-Assignment/Session9_ros2_ws/install/custom_interfaces/lib'
[21.304s] Level 1:colcon.colcon_core.shell:create_environment_hook('custom_interfaces', 'ld_library_path_lib')
[21.305s] INFO:colcon.colcon_core.shell:Creating environment hook '/home/mohamad/Inmind/Robotics-Session9-Assignment/Session9_ros2_ws/install/custom_interfaces/share/custom_interfaces/hook/ld_library_path_lib.ps1'
[21.306s] INFO:colcon.colcon_core.shell:Creating environment descriptor '/home/mohamad/Inmind/Robotics-Session9-Assignment/Session9_ros2_ws/install/custom_interfaces/share/custom_interfaces/hook/ld_library_path_lib.dsv'
[21.307s] INFO:colcon.colcon_core.shell:Creating environment hook '/home/mohamad/Inmind/Robotics-Session9-Assignment/Session9_ros2_ws/install/custom_interfaces/share/custom_interfaces/hook/ld_library_path_lib.sh'
[21.309s] Level 1:colcon.colcon_core.environment:checking '/home/mohamad/Inmind/Robotics-Session9-Assignment/Session9_ros2_ws/install/custom_interfaces/bin'
[21.309s] Level 1:colcon.colcon_core.environment:checking '/home/mohamad/Inmind/Robotics-Session9-Assignment/Session9_ros2_ws/install/custom_interfaces/lib/pkgconfig/custom_interfaces.pc'
[21.311s] Level 1:colcon.colcon_core.environment:checking '/home/mohamad/Inmind/Robotics-Session9-Assignment/Session9_ros2_ws/install/custom_interfaces/lib/python3.10/site-packages'
[21.311s] Level 1:colcon.colcon_core.environment:checking '/home/mohamad/Inmind/Robotics-Session9-Assignment/Session9_ros2_ws/install/custom_interfaces/bin'
[21.312s] INFO:colcon.colcon_core.shell:Creating package script '/home/mohamad/Inmind/Robotics-Session9-Assignment/Session9_ros2_ws/install/custom_interfaces/share/custom_interfaces/package.ps1'
[21.313s] INFO:colcon.colcon_core.shell:Creating package descriptor '/home/mohamad/Inmind/Robotics-Session9-Assignment/Session9_ros2_ws/install/custom_interfaces/share/custom_interfaces/package.dsv'
[21.315s] INFO:colcon.colcon_core.shell:Creating package script '/home/mohamad/Inmind/Robotics-Session9-Assignment/Session9_ros2_ws/install/custom_interfaces/share/custom_interfaces/package.sh'
[21.316s] INFO:colcon.colcon_core.shell:Creating package script '/home/mohamad/Inmind/Robotics-Session9-Assignment/Session9_ros2_ws/install/custom_interfaces/share/custom_interfaces/package.bash'
[21.317s] INFO:colcon.colcon_core.shell:Creating package script '/home/mohamad/Inmind/Robotics-Session9-Assignment/Session9_ros2_ws/install/custom_interfaces/share/custom_interfaces/package.zsh'
[21.320s] Level 1:colcon.colcon_core.environment:create_file_with_runtime_dependencies(/home/mohamad/Inmind/Robotics-Session9-Assignment/Session9_ros2_ws/install/custom_interfaces/share/colcon-core/packages/custom_interfaces)
[21.324s] INFO:colcon.colcon_ros.task.ament_cmake.build:Building ROS package in '/home/mohamad/Inmind/Robotics-Session9-Assignment/Session9_ros2_ws/src/robot_navigation' with build type 'ament_cmake'
[21.325s] INFO:colcon.colcon_cmake.task.cmake.build:Building CMake package in '/home/mohamad/Inmind/Robotics-Session9-Assignment/Session9_ros2_ws/src/robot_navigation'
[21.325s] INFO:colcon.colcon_core.shell:Skip shell extension 'powershell' for command environment: Not usable outside of PowerShell
[21.325s] DEBUG:colcon.colcon_core.shell:Skip shell extension 'dsv' for command environment
[21.660s] DEBUG:colcon.colcon_core.event_handler.log_command:Invoking command in '/home/mohamad/Inmind/Robotics-Session9-Assignment/Session9_ros2_ws/build/robot_navigation': CMAKE_PREFIX_PATH=/home/mohamad/Inmind/Robotics-Session9-Assignment/Session9_ros2_ws/install/custom_interfaces:/home/mohamad/Inmind/Robotics-Session9-Assignment/Session9_ros2_ws/install/robot_navigation:/home/mohamad/Inmind/Robotics-Session7-Assignment/Session7_ros2_ws/install/custom_interfaces:/home/mohamad/Inmind/Robotics-Session6-Assignment/Session6_ros2_ws/install/custom_interfaces:/home/mohamad/Inmind/Robotics-Session7-Assignment/Session7_ros2_ws/install/navigation_robot:/home/mohamad/Inmind/Robotics-Session6-Assignment/Session6_ros2_ws/install/session6_assignment:/home/mohamad/Inmind/ros2_ws/install/session5_academy:/home/mohamad/Inmind/Robotics-Session5-Ros2/session5_ros2_ws/install/session5_assignment:/home/mohamad/ros2_ws/install/my_robot_controller:/opt/ros/humble /usr/bin/cmake --build /home/mohamad/Inmind/Robotics-Session9-Assignment/Session9_ros2_ws/build/robot_navigation -- -j4 -l4
[56.165s] DEBUG:colcon.colcon_core.event_handler.log_command:Invoked command in '/home/mohamad/Inmind/Robotics-Session9-Assignment/Session9_ros2_ws/build/robot_navigation' returned '0': CMAKE_PREFIX_PATH=/home/mohamad/Inmind/Robotics-Session9-Assignment/Session9_ros2_ws/install/custom_interfaces:/home/mohamad/Inmind/Robotics-Session9-Assignment/Session9_ros2_ws/install/robot_navigation:/home/mohamad/Inmind/Robotics-Session7-Assignment/Session7_ros2_ws/install/custom_interfaces:/home/mohamad/Inmind/Robotics-Session6-Assignment/Session6_ros2_ws/install/custom_interfaces:/home/mohamad/Inmind/Robotics-Session7-Assignment/Session7_ros2_ws/install/navigation_robot:/home/mohamad/Inmind/Robotics-Session6-Assignment/Session6_ros2_ws/install/session6_assignment:/home/mohamad/Inmind/ros2_ws/install/session5_academy:/home/mohamad/Inmind/Robotics-Session5-Ros2/session5_ros2_ws/install/session5_assignment:/home/mohamad/ros2_ws/install/my_robot_controller:/opt/ros/humble /usr/bin/cmake --build /home/mohamad/Inmind/Robotics-Session9-Assignment/Session9_ros2_ws/build/robot_navigation -- -j4 -l4
[56.418s] DEBUG:colcon.colcon_core.event_handler.log_command:Invoking command in '/home/mohamad/Inmind/Robotics-Session9-Assignment/Session9_ros2_ws/build/robot_navigation': CMAKE_PREFIX_PATH=/home/mohamad/Inmind/Robotics-Session9-Assignment/Session9_ros2_ws/install/custom_interfaces:/home/mohamad/Inmind/Robotics-Session9-Assignment/Session9_ros2_ws/install/robot_navigation:/home/mohamad/Inmind/Robotics-Session7-Assignment/Session7_ros2_ws/install/custom_interfaces:/home/mohamad/Inmind/Robotics-Session6-Assignment/Session6_ros2_ws/install/custom_interfaces:/home/mohamad/Inmind/Robotics-Session7-Assignment/Session7_ros2_ws/install/navigation_robot:/home/mohamad/Inmind/Robotics-Session6-Assignment/Session6_ros2_ws/install/session6_assignment:/home/mohamad/Inmind/ros2_ws/install/session5_academy:/home/mohamad/Inmind/Robotics-Session5-Ros2/session5_ros2_ws/install/session5_assignment:/home/mohamad/ros2_ws/install/my_robot_controller:/opt/ros/humble /usr/bin/cmake --install /home/mohamad/Inmind/Robotics-Session9-Assignment/Session9_ros2_ws/build/robot_navigation
[57.127s] Level 1:colcon.colcon_core.environment:create_environment_scripts_only(robot_navigation)
[57.128s] DEBUG:colcon.colcon_core.event_handler.log_command:Invoked command in '/home/mohamad/Inmind/Robotics-Session9-Assignment/Session9_ros2_ws/build/robot_navigation' returned '0': CMAKE_PREFIX_PATH=/home/mohamad/Inmind/Robotics-Session9-Assignment/Session9_ros2_ws/install/custom_interfaces:/home/mohamad/Inmind/Robotics-Session9-Assignment/Session9_ros2_ws/install/robot_navigation:/home/mohamad/Inmind/Robotics-Session7-Assignment/Session7_ros2_ws/install/custom_interfaces:/home/mohamad/Inmind/Robotics-Session6-Assignment/Session6_ros2_ws/install/custom_interfaces:/home/mohamad/Inmind/Robotics-Session7-Assignment/Session7_ros2_ws/install/navigation_robot:/home/mohamad/Inmind/Robotics-Session6-Assignment/Session6_ros2_ws/install/session6_assignment:/home/mohamad/Inmind/ros2_ws/install/session5_academy:/home/mohamad/Inmind/Robotics-Session5-Ros2/session5_ros2_ws/install/session5_assignment:/home/mohamad/ros2_ws/install/my_robot_controller:/opt/ros/humble /usr/bin/cmake --install /home/mohamad/Inmind/Robotics-Session9-Assignment/Session9_ros2_ws/build/robot_navigation
[57.300s] Level 1:colcon.colcon_core.environment:checking '/home/mohamad/Inmind/Robotics-Session9-Assignment/Session9_ros2_ws/install/robot_navigation' for CMake module files
[57.305s] Level 1:colcon.colcon_core.environment:checking '/home/mohamad/Inmind/Robotics-Session9-Assignment/Session9_ros2_ws/install/robot_navigation' for CMake config files
[57.308s] Level 1:colcon.colcon_core.shell:create_environment_hook('robot_navigation', 'cmake_prefix_path')
[57.308s] INFO:colcon.colcon_core.shell:Creating environment hook '/home/mohamad/Inmind/Robotics-Session9-Assignment/Session9_ros2_ws/install/robot_navigation/share/robot_navigation/hook/cmake_prefix_path.ps1'
[57.388s] INFO:colcon.colcon_core.shell:Creating environment descriptor '/home/mohamad/Inmind/Robotics-Session9-Assignment/Session9_ros2_ws/install/robot_navigation/share/robot_navigation/hook/cmake_prefix_path.dsv'
[57.392s] INFO:colcon.colcon_core.shell:Creating environment hook '/home/mohamad/Inmind/Robotics-Session9-Assignment/Session9_ros2_ws/install/robot_navigation/share/robot_navigation/hook/cmake_prefix_path.sh'
[57.527s] Level 1:colcon.colcon_core.environment:checking '/home/mohamad/Inmind/Robotics-Session9-Assignment/Session9_ros2_ws/install/robot_navigation/lib'
[57.527s] Level 1:colcon.colcon_core.environment:checking '/home/mohamad/Inmind/Robotics-Session9-Assignment/Session9_ros2_ws/install/robot_navigation/bin'
[57.527s] Level 1:colcon.colcon_core.environment:checking '/home/mohamad/Inmind/Robotics-Session9-Assignment/Session9_ros2_ws/install/robot_navigation/lib/pkgconfig/robot_navigation.pc'
[57.528s] Level 1:colcon.colcon_core.environment:checking '/home/mohamad/Inmind/Robotics-Session9-Assignment/Session9_ros2_ws/install/robot_navigation/lib/python3.10/site-packages'
[57.528s] Level 1:colcon.colcon_core.environment:checking '/home/mohamad/Inmind/Robotics-Session9-Assignment/Session9_ros2_ws/install/robot_navigation/bin'
[57.528s] INFO:colcon.colcon_core.shell:Creating package script '/home/mohamad/Inmind/Robotics-Session9-Assignment/Session9_ros2_ws/install/robot_navigation/share/robot_navigation/package.ps1'
[57.529s] INFO:colcon.colcon_core.shell:Creating package descriptor '/home/mohamad/Inmind/Robotics-Session9-Assignment/Session9_ros2_ws/install/robot_navigation/share/robot_navigation/package.dsv'
[57.530s] INFO:colcon.colcon_core.shell:Creating package script '/home/mohamad/Inmind/Robotics-Session9-Assignment/Session9_ros2_ws/install/robot_navigation/share/robot_navigation/package.sh'
[57.530s] INFO:colcon.colcon_core.shell:Creating package script '/home/mohamad/Inmind/Robotics-Session9-Assignment/Session9_ros2_ws/install/robot_navigation/share/robot_navigation/package.bash'
[57.531s] INFO:colcon.colcon_core.shell:Creating package script '/home/mohamad/Inmind/Robotics-Session9-Assignment/Session9_ros2_ws/install/robot_navigation/share/robot_navigation/package.zsh'
[57.532s] Level 1:colcon.colcon_core.environment:create_file_with_runtime_dependencies(/home/mohamad/Inmind/Robotics-Session9-Assignment/Session9_ros2_ws/install/robot_navigation/share/colcon-core/packages/robot_navigation)
[57.765s] Level 1:colcon.colcon_core.environment:create_environment_scripts_only(robot_navigation)
[57.766s] Level 1:colcon.colcon_core.environment:checking '/home/mohamad/Inmind/Robotics-Session9-Assignment/Session9_ros2_ws/install/robot_navigation' for CMake module files
[57.766s] Level 1:colcon.colcon_core.environment:checking '/home/mohamad/Inmind/Robotics-Session9-Assignment/Session9_ros2_ws/install/robot_navigation' for CMake config files
[57.766s] Level 1:colcon.colcon_core.shell:create_environment_hook('robot_navigation', 'cmake_prefix_path')
[57.767s] INFO:colcon.colcon_core.shell:Creating environment hook '/home/mohamad/Inmind/Robotics-Session9-Assignment/Session9_ros2_ws/install/robot_navigation/share/robot_navigation/hook/cmake_prefix_path.ps1'
[57.781s] INFO:colcon.colcon_core.shell:Creating environment descriptor '/home/mohamad/Inmind/Robotics-Session9-Assignment/Session9_ros2_ws/install/robot_navigation/share/robot_navigation/hook/cmake_prefix_path.dsv'
[57.788s] INFO:colcon.colcon_core.shell:Creating environment hook '/home/mohamad/Inmind/Robotics-Session9-Assignment/Session9_ros2_ws/install/robot_navigation/share/robot_navigation/hook/cmake_prefix_path.sh'
[57.795s] Level 1:colcon.colcon_core.environment:checking '/home/mohamad/Inmind/Robotics-Session9-Assignment/Session9_ros2_ws/install/robot_navigation/lib'
[57.797s] Level 1:colcon.colcon_core.environment:checking '/home/mohamad/Inmind/Robotics-Session9-Assignment/Session9_ros2_ws/install/robot_navigation/bin'
[57.798s] Level 1:colcon.colcon_core.environment:checking '/home/mohamad/Inmind/Robotics-Session9-Assignment/Session9_ros2_ws/install/robot_navigation/lib/pkgconfig/robot_navigation.pc'
[57.799s] Level 1:colcon.colcon_core.environment:checking '/home/mohamad/Inmind/Robotics-Session9-Assignment/Session9_ros2_ws/install/robot_navigation/lib/python3.10/site-packages'
[57.801s] Level 1:colcon.colcon_core.environment:checking '/home/mohamad/Inmind/Robotics-Session9-Assignment/Session9_ros2_ws/install/robot_navigation/bin'
[57.803s] INFO:colcon.colcon_core.shell:Creating package script '/home/mohamad/Inmind/Robotics-Session9-Assignment/Session9_ros2_ws/install/robot_navigation/share/robot_navigation/package.ps1'
[57.807s] INFO:colcon.colcon_core.shell:Creating package descriptor '/home/mohamad/Inmind/Robotics-Session9-Assignment/Session9_ros2_ws/install/robot_navigation/share/robot_navigation/package.dsv'
[57.809s] INFO:colcon.colcon_core.shell:Creating package script '/home/mohamad/Inmind/Robotics-Session9-Assignment/Session9_ros2_ws/install/robot_navigation/share/robot_navigation/package.sh'
[57.810s] INFO:colcon.colcon_core.shell:Creating package script '/home/mohamad/Inmind/Robotics-Session9-Assignment/Session9_ros2_ws/install/robot_navigation/share/robot_navigation/package.bash'
[57.811s] INFO:colcon.colcon_core.shell:Creating package script '/home/mohamad/Inmind/Robotics-Session9-Assignment/Session9_ros2_ws/install/robot_navigation/share/robot_navigation/package.zsh'
[57.813s] Level 1:colcon.colcon_core.environment:create_file_with_runtime_dependencies(/home/mohamad/Inmind/Robotics-Session9-Assignment/Session9_ros2_ws/install/robot_navigation/share/colcon-core/packages/robot_navigation)
[57.819s] DEBUG:colcon.colcon_parallel_executor.executor.parallel:closing loop
[57.819s] DEBUG:colcon.colcon_parallel_executor.executor.parallel:loop closed
[57.820s] DEBUG:colcon.colcon_parallel_executor.executor.parallel:run_until_complete finished with '0'
[57.820s] DEBUG:colcon.colcon_core.event_reactor:joining thread
[59.246s] INFO:colcon.colcon_core.plugin_system:Skipping extension 'colcon_notification.desktop_notification.terminal_notifier': Not used on non-Darwin systems
[59.246s] INFO:colcon.colcon_core.plugin_system:Skipping extension 'colcon_notification.desktop_notification.win32': Not used on non-Windows systems
[59.250s] INFO:colcon.colcon_notification.desktop_notification:Sending desktop notification using 'notify2'
[59.384s] DEBUG:colcon.colcon_core.event_reactor:joined thread
[59.385s] INFO:colcon.colcon_core.shell:Creating prefix script '/home/mohamad/Inmind/Robotics-Session9-Assignment/Session9_ros2_ws/install/local_setup.ps1'
[59.453s] INFO:colcon.colcon_core.shell:Creating prefix util module '/home/mohamad/Inmind/Robotics-Session9-Assignment/Session9_ros2_ws/install/_local_setup_util_ps1.py'
[59.484s] INFO:colcon.colcon_core.shell:Creating prefix chain script '/home/mohamad/Inmind/Robotics-Session9-Assignment/Session9_ros2_ws/install/setup.ps1'
[59.491s] INFO:colcon.colcon_core.shell:Creating prefix script '/home/mohamad/Inmind/Robotics-Session9-Assignment/Session9_ros2_ws/install/local_setup.sh'
[59.508s] INFO:colcon.colcon_core.shell:Creating prefix util module '/home/mohamad/Inmind/Robotics-Session9-Assignment/Session9_ros2_ws/install/_local_setup_util_sh.py'
[59.513s] INFO:colcon.colcon_core.shell:Creating prefix chain script '/home/mohamad/Inmind/Robotics-Session9-Assignment/Session9_ros2_ws/install/setup.sh'
[59.532s] INFO:colcon.colcon_core.shell:Creating prefix script '/home/mohamad/Inmind/Robotics-Session9-Assignment/Session9_ros2_ws/install/local_setup.bash'
[59.622s] INFO:colcon.colcon_core.shell:Creating prefix chain script '/home/mohamad/Inmind/Robotics-Session9-Assignment/Session9_ros2_ws/install/setup.bash'
[59.633s] INFO:colcon.colcon_core.shell:Creating prefix script '/home/mohamad/Inmind/Robotics-Session9-Assignment/Session9_ros2_ws/install/local_setup.zsh'
[59.695s] INFO:colcon.colcon_core.shell:Creating prefix chain script '/home/mohamad/Inmind/Robotics-Session9-Assignment/Session9_ros2_ws/install/setup.zsh'
