[0.111s] Invoking command in '/home/mohamad/Inmind/Robotics-Session9-Assignment/Session9_ros2_ws/build/custom_interfaces': CMAKE_PREFIX_PATH=${CMAKE_PREFIX_PATH}:/home/mohamad/Inmind/Robotics-Session7-Assignment/Session7_ros2_ws/install/navigation_robot:/home/mohamad/Inmind/Robotics-Session6-Assignment/Session6_ros2_ws/install/session6_assignment:/home/mohamad/Inmind/ros2_ws/install/session5_academy:/home/mohamad/Inmind/Robotics-Session5-Ros2/session5_ros2_ws/install/session5_assignment:/home/mohamad/ros2_ws/install/my_robot_controller:/opt/ros/humble /usr/bin/cmake --build /home/mohamad/Inmind/Robotics-Session9-Assignment/Session9_ros2_ws/build/custom_interfaces -- -j4 -l4
[0.418s] [  2%] Built target custom_interfaces__cpp
[0.429s] [ 12%] Built target custom_interfaces__rosidl_generator_c
[0.521s] [ 23%] Built target custom_interfaces__rosidl_typesupport_fastrtps_cpp
[0.525s] [ 23%] Built target ament_cmake_python_symlink_custom_interfaces
[0.584s] [ 33%] Built target custom_interfaces__rosidl_typesupport_introspection_cpp
[0.600s] [ 43%] Built target custom_interfaces__rosidl_typesupport_fastrtps_c
[0.644s] [ 53%] Built target custom_interfaces__rosidl_typesupport_introspection_c
[0.654s] [ 64%] Built target custom_interfaces__rosidl_typesupport_c
[0.801s] [ 74%] Built target custom_interfaces__rosidl_typesupport_cpp
[0.936s] [ 74%] Built target custom_interfaces
[1.039s] [ 76%] Built target custom_interfaces__py
[1.118s] [ 84%] Built target custom_interfaces__rosidl_generator_py
[1.171s] running egg_info
[1.173s] writing custom_interfaces.egg-info/PKG-INFO
[1.174s] writing dependency_links to custom_interfaces.egg-info/dependency_links.txt
[1.174s] writing top-level names to custom_interfaces.egg-info/top_level.txt
[1.178s] reading manifest file 'custom_interfaces.egg-info/SOURCES.txt'
[1.178s] writing manifest file 'custom_interfaces.egg-info/SOURCES.txt'
[1.196s] [ 89%] Built target custom_interfaces__rosidl_typesupport_fastrtps_c__pyext
[1.222s] [ 89%] Built target ament_cmake_python_build_custom_interfaces_egg
[1.277s] [ 94%] Built target custom_interfaces__rosidl_typesupport_c__pyext
[1.297s] [100%] Built target custom_interfaces__rosidl_typesupport_introspection_c__pyext
[1.324s] Invoked command in '/home/mohamad/Inmind/Robotics-Session9-Assignment/Session9_ros2_ws/build/custom_interfaces' returned '0': CMAKE_PREFIX_PATH=${CMAKE_PREFIX_PATH}:/home/mohamad/Inmind/Robotics-Session7-Assignment/Session7_ros2_ws/install/navigation_robot:/home/mohamad/Inmind/Robotics-Session6-Assignment/Session6_ros2_ws/install/session6_assignment:/home/mohamad/Inmind/ros2_ws/install/session5_academy:/home/mohamad/Inmind/Robotics-Session5-Ros2/session5_ros2_ws/install/session5_assignment:/home/mohamad/ros2_ws/install/my_robot_controller:/opt/ros/humble /usr/bin/cmake --build /home/mohamad/Inmind/Robotics-Session9-Assignment/Session9_ros2_ws/build/custom_interfaces -- -j4 -l4
[1.849s] Invoking command in '/home/mohamad/Inmind/Robotics-Session9-Assignment/Session9_ros2_ws/build/custom_interfaces': CMAKE_PREFIX_PATH=${CMAKE_PREFIX_PATH}:/home/mohamad/Inmind/Robotics-Session7-Assignment/Session7_ros2_ws/install/navigation_robot:/home/mohamad/Inmind/Robotics-Session6-Assignment/Session6_ros2_ws/install/session6_assignment:/home/mohamad/Inmind/ros2_ws/install/session5_academy:/home/mohamad/Inmind/Robotics-Session5-Ros2/session5_ros2_ws/install/session5_assignment:/home/mohamad/ros2_ws/install/my_robot_controller:/opt/ros/humble /usr/bin/cmake --install /home/mohamad/Inmind/Robotics-Session9-Assignment/Session9_ros2_ws/build/custom_interfaces
[1.883s] -- Install configuration: ""
[1.883s] -- Execute custom install script
[1.885s] -- Up-to-date symlink: /home/mohamad/Inmind/Robotics-Session9-Assignment/Session9_ros2_ws/install/custom_interfaces/share/ament_index/resource_index/rosidl_interfaces/custom_interfaces
[1.887s] -- Up-to-date symlink: /home/mohamad/Inmind/Robotics-Session9-Assignment/Session9_ros2_ws/install/custom_interfaces/include/custom_interfaces/custom_interfaces/action/detail/measure_lap_time__functions.h
[1.887s] -- Up-to-date symlink: /home/mohamad/Inmind/Robotics-Session9-Assignment/Session9_ros2_ws/install/custom_interfaces/include/custom_interfaces/custom_interfaces/action/detail/measure_lap_time__struct.h
[1.889s] -- Up-to-date symlink: /home/mohamad/Inmind/Robotics-Session9-Assignment/Session9_ros2_ws/install/custom_interfaces/include/custom_interfaces/custom_interfaces/action/detail/measure_lap_time__type_support.h
[1.889s] -- Up-to-date symlink: /home/mohamad/Inmind/Robotics-Session9-Assignment/Session9_ros2_ws/install/custom_interfaces/include/custom_interfaces/custom_interfaces/action/measure_lap_time.h
[1.889s] -- Up-to-date symlink: /home/mohamad/Inmind/Robotics-Session9-Assignment/Session9_ros2_ws/install/custom_interfaces/include/custom_interfaces/custom_interfaces/msg/rosidl_generator_c__visibility_control.h
[1.890s] -- Up-to-date symlink: /home/mohamad/Inmind/Robotics-Session9-Assignment/Session9_ros2_ws/install/custom_interfaces/include/custom_interfaces/custom_interfaces/srv/detail/find_closest_wall__functions.h
[1.891s] -- Up-to-date symlink: /home/mohamad/Inmind/Robotics-Session9-Assignment/Session9_ros2_ws/install/custom_interfaces/include/custom_interfaces/custom_interfaces/srv/detail/find_closest_wall__struct.h
[1.892s] -- Up-to-date symlink: /home/mohamad/Inmind/Robotics-Session9-Assignment/Session9_ros2_ws/install/custom_interfaces/include/custom_interfaces/custom_interfaces/srv/detail/find_closest_wall__type_support.h
[1.892s] -- Up-to-date symlink: /home/mohamad/Inmind/Robotics-Session9-Assignment/Session9_ros2_ws/install/custom_interfaces/include/custom_interfaces/custom_interfaces/srv/find_closest_wall.h
[1.895s] -- Up-to-date symlink: /home/mohamad/Inmind/Robotics-Session9-Assignment/Session9_ros2_ws/install/custom_interfaces/share/custom_interfaces/environment/library_path.sh
[1.895s] -- Up-to-date symlink: /home/mohamad/Inmind/Robotics-Session9-Assignment/Session9_ros2_ws/install/custom_interfaces/share/custom_interfaces/environment/library_path.dsv
[1.897s] -- Up-to-date symlink: /home/mohamad/Inmind/Robotics-Session9-Assignment/Session9_ros2_ws/install/custom_interfaces/include/custom_interfaces/custom_interfaces/action/detail/measure_lap_time__rosidl_typesupport_fastrtps_c.h
[1.897s] -- Up-to-date symlink: /home/mohamad/Inmind/Robotics-Session9-Assignment/Session9_ros2_ws/install/custom_interfaces/include/custom_interfaces/custom_interfaces/msg/rosidl_typesupport_fastrtps_c__visibility_control.h
[1.897s] -- Up-to-date symlink: /home/mohamad/Inmind/Robotics-Session9-Assignment/Session9_ros2_ws/install/custom_interfaces/include/custom_interfaces/custom_interfaces/srv/detail/find_closest_wall__rosidl_typesupport_fastrtps_c.h
[1.900s] -- Up-to-date symlink: /home/mohamad/Inmind/Robotics-Session9-Assignment/Session9_ros2_ws/install/custom_interfaces/include/custom_interfaces/custom_interfaces/action/detail/measure_lap_time__rosidl_typesupport_introspection_c.h
[1.903s] -- Up-to-date symlink: /home/mohamad/Inmind/Robotics-Session9-Assignment/Session9_ros2_ws/install/custom_interfaces/include/custom_interfaces/custom_interfaces/msg/rosidl_typesupport_introspection_c__visibility_control.h
[1.903s] -- Up-to-date symlink: /home/mohamad/Inmind/Robotics-Session9-Assignment/Session9_ros2_ws/install/custom_interfaces/include/custom_interfaces/custom_interfaces/srv/detail/find_closest_wall__rosidl_typesupport_introspection_c.h
[1.904s] -- Up-to-date symlink: /home/mohamad/Inmind/Robotics-Session9-Assignment/Session9_ros2_ws/install/custom_interfaces/include/custom_interfaces/custom_interfaces/action/detail/measure_lap_time__builder.hpp
[1.905s] -- Up-to-date symlink: /home/mohamad/Inmind/Robotics-Session9-Assignment/Session9_ros2_ws/install/custom_interfaces/include/custom_interfaces/custom_interfaces/action/detail/measure_lap_time__struct.hpp
[1.905s] -- Up-to-date symlink: /home/mohamad/Inmind/Robotics-Session9-Assignment/Session9_ros2_ws/install/custom_interfaces/include/custom_interfaces/custom_interfaces/action/detail/measure_lap_time__traits.hpp
[1.907s] -- Up-to-date symlink: /home/mohamad/Inmind/Robotics-Session9-Assignment/Session9_ros2_ws/install/custom_interfaces/include/custom_interfaces/custom_interfaces/action/measure_lap_time.hpp
[1.910s] -- Up-to-date symlink: /home/mohamad/Inmind/Robotics-Session9-Assignment/Session9_ros2_ws/install/custom_interfaces/include/custom_interfaces/custom_interfaces/srv/detail/find_closest_wall__builder.hpp
[1.910s] -- Up-to-date symlink: /home/mohamad/Inmind/Robotics-Session9-Assignment/Session9_ros2_ws/install/custom_interfaces/include/custom_interfaces/custom_interfaces/srv/detail/find_closest_wall__struct.hpp
[1.911s] -- Up-to-date symlink: /home/mohamad/Inmind/Robotics-Session9-Assignment/Session9_ros2_ws/install/custom_interfaces/include/custom_interfaces/custom_interfaces/srv/detail/find_closest_wall__traits.hpp
[1.911s] -- Up-to-date symlink: /home/mohamad/Inmind/Robotics-Session9-Assignment/Session9_ros2_ws/install/custom_interfaces/include/custom_interfaces/custom_interfaces/srv/find_closest_wall.hpp
[1.912s] -- Up-to-date symlink: /home/mohamad/Inmind/Robotics-Session9-Assignment/Session9_ros2_ws/install/custom_interfaces/include/custom_interfaces/custom_interfaces/action/detail/measure_lap_time__rosidl_typesupport_fastrtps_cpp.hpp
[1.913s] -- Up-to-date symlink: /home/mohamad/Inmind/Robotics-Session9-Assignment/Session9_ros2_ws/install/custom_interfaces/include/custom_interfaces/custom_interfaces/msg/rosidl_typesupport_fastrtps_cpp__visibility_control.h
[1.913s] -- Up-to-date symlink: /home/mohamad/Inmind/Robotics-Session9-Assignment/Session9_ros2_ws/install/custom_interfaces/include/custom_interfaces/custom_interfaces/srv/detail/find_closest_wall__rosidl_typesupport_fastrtps_cpp.hpp
[1.914s] -- Up-to-date symlink: /home/mohamad/Inmind/Robotics-Session9-Assignment/Session9_ros2_ws/install/custom_interfaces/include/custom_interfaces/custom_interfaces/action/detail/measure_lap_time__rosidl_typesupport_introspection_cpp.hpp
[1.914s] -- Up-to-date symlink: /home/mohamad/Inmind/Robotics-Session9-Assignment/Session9_ros2_ws/install/custom_interfaces/include/custom_interfaces/custom_interfaces/srv/detail/find_closest_wall__rosidl_typesupport_introspection_cpp.hpp
[1.915s] -- Up-to-date symlink: /home/mohamad/Inmind/Robotics-Session9-Assignment/Session9_ros2_ws/install/custom_interfaces/share/custom_interfaces/environment/pythonpath.sh
[1.915s] -- Up-to-date symlink: /home/mohamad/Inmind/Robotics-Session9-Assignment/Session9_ros2_ws/install/custom_interfaces/share/custom_interfaces/environment/pythonpath.dsv
[1.916s] -- Up-to-date symlink: /home/mohamad/Inmind/Robotics-Session9-Assignment/Session9_ros2_ws/install/custom_interfaces/local/lib/python3.10/dist-packages/custom_interfaces-0.0.0-py3.10.egg-info/PKG-INFO
[1.916s] -- Up-to-date symlink: /home/mohamad/Inmind/Robotics-Session9-Assignment/Session9_ros2_ws/install/custom_interfaces/local/lib/python3.10/dist-packages/custom_interfaces-0.0.0-py3.10.egg-info/SOURCES.txt
[1.917s] -- Up-to-date symlink: /home/mohamad/Inmind/Robotics-Session9-Assignment/Session9_ros2_ws/install/custom_interfaces/local/lib/python3.10/dist-packages/custom_interfaces-0.0.0-py3.10.egg-info/dependency_links.txt
[1.917s] -- Up-to-date symlink: /home/mohamad/Inmind/Robotics-Session9-Assignment/Session9_ros2_ws/install/custom_interfaces/local/lib/python3.10/dist-packages/custom_interfaces-0.0.0-py3.10.egg-info/top_level.txt
[1.917s] -- Up-to-date symlink: /home/mohamad/Inmind/Robotics-Session9-Assignment/Session9_ros2_ws/install/custom_interfaces/local/lib/python3.10/dist-packages/custom_interfaces/__init__.py
[1.917s] -- Up-to-date symlink: /home/mohamad/Inmind/Robotics-Session9-Assignment/Session9_ros2_ws/install/custom_interfaces/local/lib/python3.10/dist-packages/custom_interfaces/_custom_interfaces_s.ep.rosidl_typesupport_c.c
[1.918s] -- Up-to-date symlink: /home/mohamad/Inmind/Robotics-Session9-Assignment/Session9_ros2_ws/install/custom_interfaces/local/lib/python3.10/dist-packages/custom_interfaces/_custom_interfaces_s.ep.rosidl_typesupport_fastrtps_c.c
[1.919s] -- Up-to-date symlink: /home/mohamad/Inmind/Robotics-Session9-Assignment/Session9_ros2_ws/install/custom_interfaces/local/lib/python3.10/dist-packages/custom_interfaces/_custom_interfaces_s.ep.rosidl_typesupport_introspection_c.c
[1.919s] -- Up-to-date symlink: /home/mohamad/Inmind/Robotics-Session9-Assignment/Session9_ros2_ws/install/custom_interfaces/local/lib/python3.10/dist-packages/custom_interfaces/action/__init__.py
[1.921s] -- Up-to-date symlink: /home/mohamad/Inmind/Robotics-Session9-Assignment/Session9_ros2_ws/install/custom_interfaces/local/lib/python3.10/dist-packages/custom_interfaces/action/_measure_lap_time.py
[1.921s] -- Up-to-date symlink: /home/mohamad/Inmind/Robotics-Session9-Assignment/Session9_ros2_ws/install/custom_interfaces/local/lib/python3.10/dist-packages/custom_interfaces/action/_measure_lap_time_s.c
[1.921s] -- Up-to-date symlink: /home/mohamad/Inmind/Robotics-Session9-Assignment/Session9_ros2_ws/install/custom_interfaces/local/lib/python3.10/dist-packages/custom_interfaces/custom_interfaces_s__rosidl_typesupport_c.cpython-310-x86_64-linux-gnu.so
[1.921s] -- Up-to-date symlink: /home/mohamad/Inmind/Robotics-Session9-Assignment/Session9_ros2_ws/install/custom_interfaces/local/lib/python3.10/dist-packages/custom_interfaces/custom_interfaces_s__rosidl_typesupport_fastrtps_c.cpython-310-x86_64-linux-gnu.so
[1.921s] -- Up-to-date symlink: /home/mohamad/Inmind/Robotics-Session9-Assignment/Session9_ros2_ws/install/custom_interfaces/local/lib/python3.10/dist-packages/custom_interfaces/custom_interfaces_s__rosidl_typesupport_introspection_c.cpython-310-x86_64-linux-gnu.so
[1.922s] -- Up-to-date symlink: /home/mohamad/Inmind/Robotics-Session9-Assignment/Session9_ros2_ws/install/custom_interfaces/local/lib/python3.10/dist-packages/custom_interfaces/libcustom_interfaces__rosidl_generator_py.so
[1.922s] -- Up-to-date symlink: /home/mohamad/Inmind/Robotics-Session9-Assignment/Session9_ros2_ws/install/custom_interfaces/local/lib/python3.10/dist-packages/custom_interfaces/srv/__init__.py
[1.922s] -- Up-to-date symlink: /home/mohamad/Inmind/Robotics-Session9-Assignment/Session9_ros2_ws/install/custom_interfaces/local/lib/python3.10/dist-packages/custom_interfaces/srv/_find_closest_wall.py
[1.922s] -- Up-to-date symlink: /home/mohamad/Inmind/Robotics-Session9-Assignment/Session9_ros2_ws/install/custom_interfaces/local/lib/python3.10/dist-packages/custom_interfaces/srv/_find_closest_wall_s.c
[1.923s] -- Up-to-date symlink: /home/mohamad/Inmind/Robotics-Session9-Assignment/Session9_ros2_ws/install/custom_interfaces/local/lib/python3.10/dist-packages/custom_interfaces/custom_interfaces_s__rosidl_typesupport_fastrtps_c.cpython-310-x86_64-linux-gnu.so
[1.923s] -- Up-to-date symlink: /home/mohamad/Inmind/Robotics-Session9-Assignment/Session9_ros2_ws/install/custom_interfaces/local/lib/python3.10/dist-packages/custom_interfaces/custom_interfaces_s__rosidl_typesupport_introspection_c.cpython-310-x86_64-linux-gnu.so
[1.923s] -- Up-to-date symlink: /home/mohamad/Inmind/Robotics-Session9-Assignment/Session9_ros2_ws/install/custom_interfaces/local/lib/python3.10/dist-packages/custom_interfaces/custom_interfaces_s__rosidl_typesupport_c.cpython-310-x86_64-linux-gnu.so
[1.923s] -- Up-to-date symlink: /home/mohamad/Inmind/Robotics-Session9-Assignment/Session9_ros2_ws/install/custom_interfaces/share/custom_interfaces/srv/FindClosestWall.idl
[1.924s] -- Up-to-date symlink: /home/mohamad/Inmind/Robotics-Session9-Assignment/Session9_ros2_ws/install/custom_interfaces/share/custom_interfaces/action/MeasureLapTime.idl
[1.924s] -- Up-to-date symlink: /home/mohamad/Inmind/Robotics-Session9-Assignment/Session9_ros2_ws/install/custom_interfaces/share/custom_interfaces/srv/FindClosestWall.srv
[1.924s] -- Up-to-date symlink: /home/mohamad/Inmind/Robotics-Session9-Assignment/Session9_ros2_ws/install/custom_interfaces/share/custom_interfaces/srv/FindClosestWall_Request.msg
[1.924s] -- Up-to-date symlink: /home/mohamad/Inmind/Robotics-Session9-Assignment/Session9_ros2_ws/install/custom_interfaces/share/custom_interfaces/srv/FindClosestWall_Response.msg
[1.924s] -- Up-to-date symlink: /home/mohamad/Inmind/Robotics-Session9-Assignment/Session9_ros2_ws/install/custom_interfaces/share/custom_interfaces/action/MeasureLapTime.action
[1.924s] -- Up-to-date symlink: /home/mohamad/Inmind/Robotics-Session9-Assignment/Session9_ros2_ws/install/custom_interfaces/share/ament_index/resource_index/package_run_dependencies/custom_interfaces
[1.924s] -- Up-to-date symlink: /home/mohamad/Inmind/Robotics-Session9-Assignment/Session9_ros2_ws/install/custom_interfaces/share/ament_index/resource_index/parent_prefix_path/custom_interfaces
[1.925s] -- Up-to-date symlink: /home/mohamad/Inmind/Robotics-Session9-Assignment/Session9_ros2_ws/install/custom_interfaces/share/custom_interfaces/environment/ament_prefix_path.sh
[1.925s] -- Up-to-date symlink: /home/mohamad/Inmind/Robotics-Session9-Assignment/Session9_ros2_ws/install/custom_interfaces/share/custom_interfaces/environment/ament_prefix_path.dsv
[1.927s] -- Up-to-date symlink: /home/mohamad/Inmind/Robotics-Session9-Assignment/Session9_ros2_ws/install/custom_interfaces/share/custom_interfaces/environment/path.sh
[1.927s] -- Up-to-date symlink: /home/mohamad/Inmind/Robotics-Session9-Assignment/Session9_ros2_ws/install/custom_interfaces/share/custom_interfaces/environment/path.dsv
[1.927s] -- Up-to-date symlink: /home/mohamad/Inmind/Robotics-Session9-Assignment/Session9_ros2_ws/install/custom_interfaces/share/custom_interfaces/local_setup.bash
[1.928s] -- Up-to-date symlink: /home/mohamad/Inmind/Robotics-Session9-Assignment/Session9_ros2_ws/install/custom_interfaces/share/custom_interfaces/local_setup.sh
[1.928s] -- Up-to-date symlink: /home/mohamad/Inmind/Robotics-Session9-Assignment/Session9_ros2_ws/install/custom_interfaces/share/custom_interfaces/local_setup.zsh
[1.928s] -- Up-to-date symlink: /home/mohamad/Inmind/Robotics-Session9-Assignment/Session9_ros2_ws/install/custom_interfaces/share/custom_interfaces/local_setup.dsv
[1.929s] -- Symlinking: /home/mohamad/Inmind/Robotics-Session9-Assignment/Session9_ros2_ws/install/custom_interfaces/share/custom_interfaces/package.dsv
[1.947s] -- Up-to-date symlink: /home/mohamad/Inmind/Robotics-Session9-Assignment/Session9_ros2_ws/install/custom_interfaces/share/ament_index/resource_index/packages/custom_interfaces
[1.948s] -- Up-to-date symlink: /home/mohamad/Inmind/Robotics-Session9-Assignment/Session9_ros2_ws/install/custom_interfaces/share/custom_interfaces/cmake/rosidl_cmake-extras.cmake
[1.948s] -- Up-to-date symlink: /home/mohamad/Inmind/Robotics-Session9-Assignment/Session9_ros2_ws/install/custom_interfaces/share/custom_interfaces/cmake/ament_cmake_export_dependencies-extras.cmake
[1.948s] -- Up-to-date symlink: /home/mohamad/Inmind/Robotics-Session9-Assignment/Session9_ros2_ws/install/custom_interfaces/share/custom_interfaces/cmake/ament_cmake_export_include_directories-extras.cmake
[1.948s] -- Up-to-date symlink: /home/mohamad/Inmind/Robotics-Session9-Assignment/Session9_ros2_ws/install/custom_interfaces/share/custom_interfaces/cmake/ament_cmake_export_libraries-extras.cmake
[1.949s] -- Up-to-date symlink: /home/mohamad/Inmind/Robotics-Session9-Assignment/Session9_ros2_ws/install/custom_interfaces/share/custom_interfaces/cmake/ament_cmake_export_targets-extras.cmake
[1.949s] -- Up-to-date symlink: /home/mohamad/Inmind/Robotics-Session9-Assignment/Session9_ros2_ws/install/custom_interfaces/share/custom_interfaces/cmake/rosidl_cmake_export_typesupport_targets-extras.cmake
[1.949s] -- Up-to-date symlink: /home/mohamad/Inmind/Robotics-Session9-Assignment/Session9_ros2_ws/install/custom_interfaces/share/custom_interfaces/cmake/rosidl_cmake_export_typesupport_libraries-extras.cmake
[1.949s] -- Up-to-date symlink: /home/mohamad/Inmind/Robotics-Session9-Assignment/Session9_ros2_ws/install/custom_interfaces/share/custom_interfaces/cmake/custom_interfacesConfig.cmake
[1.949s] -- Up-to-date symlink: /home/mohamad/Inmind/Robotics-Session9-Assignment/Session9_ros2_ws/install/custom_interfaces/share/custom_interfaces/cmake/custom_interfacesConfig-version.cmake
[1.949s] -- Up-to-date symlink: /home/mohamad/Inmind/Robotics-Session9-Assignment/Session9_ros2_ws/install/custom_interfaces/share/custom_interfaces/package.xml
[1.984s] -- Up-to-date: /home/mohamad/Inmind/Robotics-Session9-Assignment/Session9_ros2_ws/install/custom_interfaces/lib/libcustom_interfaces__rosidl_generator_c.so
[1.984s] -- Up-to-date: /home/mohamad/Inmind/Robotics-Session9-Assignment/Session9_ros2_ws/install/custom_interfaces/lib/libcustom_interfaces__rosidl_typesupport_fastrtps_c.so
[1.985s] -- Up-to-date: /home/mohamad/Inmind/Robotics-Session9-Assignment/Session9_ros2_ws/install/custom_interfaces/lib/libcustom_interfaces__rosidl_typesupport_introspection_c.so
[1.985s] -- Up-to-date: /home/mohamad/Inmind/Robotics-Session9-Assignment/Session9_ros2_ws/install/custom_interfaces/lib/libcustom_interfaces__rosidl_typesupport_c.so
[1.986s] -- Up-to-date: /home/mohamad/Inmind/Robotics-Session9-Assignment/Session9_ros2_ws/install/custom_interfaces/lib/libcustom_interfaces__rosidl_typesupport_fastrtps_cpp.so
[1.986s] -- Up-to-date: /home/mohamad/Inmind/Robotics-Session9-Assignment/Session9_ros2_ws/install/custom_interfaces/lib/libcustom_interfaces__rosidl_typesupport_introspection_cpp.so
[1.986s] -- Up-to-date: /home/mohamad/Inmind/Robotics-Session9-Assignment/Session9_ros2_ws/install/custom_interfaces/lib/libcustom_interfaces__rosidl_typesupport_cpp.so
[2.050s] Listing '/home/mohamad/Inmind/Robotics-Session9-Assignment/Session9_ros2_ws/install/custom_interfaces/local/lib/python3.10/dist-packages/custom_interfaces'...
[2.050s] Listing '/home/mohamad/Inmind/Robotics-Session9-Assignment/Session9_ros2_ws/install/custom_interfaces/local/lib/python3.10/dist-packages/custom_interfaces/action'...
[2.050s] Listing '/home/mohamad/Inmind/Robotics-Session9-Assignment/Session9_ros2_ws/install/custom_interfaces/local/lib/python3.10/dist-packages/custom_interfaces/srv'...
[2.057s] -- Up-to-date: /home/mohamad/Inmind/Robotics-Session9-Assignment/Session9_ros2_ws/install/custom_interfaces/lib/libcustom_interfaces__rosidl_generator_py.so
[2.057s] -- Up-to-date: /home/mohamad/Inmind/Robotics-Session9-Assignment/Session9_ros2_ws/install/custom_interfaces/share/custom_interfaces/cmake/export_custom_interfaces__rosidl_generator_cExport.cmake
[2.058s] -- Up-to-date: /home/mohamad/Inmind/Robotics-Session9-Assignment/Session9_ros2_ws/install/custom_interfaces/share/custom_interfaces/cmake/export_custom_interfaces__rosidl_generator_cExport-noconfig.cmake
[2.058s] -- Up-to-date: /home/mohamad/Inmind/Robotics-Session9-Assignment/Session9_ros2_ws/install/custom_interfaces/share/custom_interfaces/cmake/export_custom_interfaces__rosidl_typesupport_fastrtps_cExport.cmake
[2.058s] -- Up-to-date: /home/mohamad/Inmind/Robotics-Session9-Assignment/Session9_ros2_ws/install/custom_interfaces/share/custom_interfaces/cmake/export_custom_interfaces__rosidl_typesupport_fastrtps_cExport-noconfig.cmake
[2.058s] -- Up-to-date: /home/mohamad/Inmind/Robotics-Session9-Assignment/Session9_ros2_ws/install/custom_interfaces/share/custom_interfaces/cmake/custom_interfaces__rosidl_typesupport_introspection_cExport.cmake
[2.058s] -- Up-to-date: /home/mohamad/Inmind/Robotics-Session9-Assignment/Session9_ros2_ws/install/custom_interfaces/share/custom_interfaces/cmake/custom_interfaces__rosidl_typesupport_introspection_cExport-noconfig.cmake
[2.059s] -- Up-to-date: /home/mohamad/Inmind/Robotics-Session9-Assignment/Session9_ros2_ws/install/custom_interfaces/share/custom_interfaces/cmake/custom_interfaces__rosidl_typesupport_cExport.cmake
[2.059s] -- Up-to-date: /home/mohamad/Inmind/Robotics-Session9-Assignment/Session9_ros2_ws/install/custom_interfaces/share/custom_interfaces/cmake/custom_interfaces__rosidl_typesupport_cExport-noconfig.cmake
[2.059s] -- Up-to-date: /home/mohamad/Inmind/Robotics-Session9-Assignment/Session9_ros2_ws/install/custom_interfaces/share/custom_interfaces/cmake/export_custom_interfaces__rosidl_generator_cppExport.cmake
[2.059s] -- Up-to-date: /home/mohamad/Inmind/Robotics-Session9-Assignment/Session9_ros2_ws/install/custom_interfaces/share/custom_interfaces/cmake/export_custom_interfaces__rosidl_typesupport_fastrtps_cppExport.cmake
[2.059s] -- Up-to-date: /home/mohamad/Inmind/Robotics-Session9-Assignment/Session9_ros2_ws/install/custom_interfaces/share/custom_interfaces/cmake/export_custom_interfaces__rosidl_typesupport_fastrtps_cppExport-noconfig.cmake
[2.059s] -- Up-to-date: /home/mohamad/Inmind/Robotics-Session9-Assignment/Session9_ros2_ws/install/custom_interfaces/share/custom_interfaces/cmake/custom_interfaces__rosidl_typesupport_introspection_cppExport.cmake
[2.059s] -- Up-to-date: /home/mohamad/Inmind/Robotics-Session9-Assignment/Session9_ros2_ws/install/custom_interfaces/share/custom_interfaces/cmake/custom_interfaces__rosidl_typesupport_introspection_cppExport-noconfig.cmake
[2.060s] -- Up-to-date: /home/mohamad/Inmind/Robotics-Session9-Assignment/Session9_ros2_ws/install/custom_interfaces/share/custom_interfaces/cmake/custom_interfaces__rosidl_typesupport_cppExport.cmake
[2.060s] -- Up-to-date: /home/mohamad/Inmind/Robotics-Session9-Assignment/Session9_ros2_ws/install/custom_interfaces/share/custom_interfaces/cmake/custom_interfaces__rosidl_typesupport_cppExport-noconfig.cmake
[2.060s] -- Up-to-date: /home/mohamad/Inmind/Robotics-Session9-Assignment/Session9_ros2_ws/install/custom_interfaces/share/custom_interfaces/cmake/export_custom_interfaces__rosidl_generator_pyExport.cmake
[2.060s] -- Up-to-date: /home/mohamad/Inmind/Robotics-Session9-Assignment/Session9_ros2_ws/install/custom_interfaces/share/custom_interfaces/cmake/export_custom_interfaces__rosidl_generator_pyExport-noconfig.cmake
[2.062s] Invoked command in '/home/mohamad/Inmind/Robotics-Session9-Assignment/Session9_ros2_ws/build/custom_interfaces' returned '0': CMAKE_PREFIX_PATH=${CMAKE_PREFIX_PATH}:/home/mohamad/Inmind/Robotics-Session7-Assignment/Session7_ros2_ws/install/navigation_robot:/home/mohamad/Inmind/Robotics-Session6-Assignment/Session6_ros2_ws/install/session6_assignment:/home/mohamad/Inmind/ros2_ws/install/session5_academy:/home/mohamad/Inmind/Robotics-Session5-Ros2/session5_ros2_ws/install/session5_assignment:/home/mohamad/ros2_ws/install/my_robot_controller:/opt/ros/humble /usr/bin/cmake --install /home/mohamad/Inmind/Robotics-Session9-Assignment/Session9_ros2_ws/build/custom_interfaces
