[0.221s] Invoking command in '/home/mohamad/Inmind/Robotics-Session9-Assignment/Session9_ros2_ws/build/robot_navigation': CMAKE_PREFIX_PATH=/home/mohamad/Inmind/Robotics-Session9-Assignment/Session9_ros2_ws/install/custom_interfaces:/home/mohamad/Inmind/Robotics-Session9-Assignment/Session9_ros2_ws/install/robot_navigation:/home/mohamad/Inmind/Robotics-Session7-Assignment/Session7_ros2_ws/install/custom_interfaces:/home/mohamad/Inmind/Robotics-Session6-Assignment/Session6_ros2_ws/install/custom_interfaces:/home/mohamad/Inmind/Robotics-Session7-Assignment/Session7_ros2_ws/install/navigation_robot:/home/mohamad/Inmind/Robotics-Session6-Assignment/Session6_ros2_ws/install/session6_assignment:/home/mohamad/Inmind/ros2_ws/install/session5_academy:/home/mohamad/Inmind/Robotics-Session5-Ros2/session5_ros2_ws/install/session5_assignment:/home/mohamad/ros2_ws/install/my_robot_controller:/opt/ros/humble /usr/bin/cmake --build /home/mohamad/Inmind/Robotics-Session9-Assignment/Session9_ros2_ws/build/robot_navigation -- -j4 -l4
[1.501s] -- Found ament_cmake: 1.3.9 (/opt/ros/humble/share/ament_cmake/cmake)
[2.538s] -- Override CMake install command with custom implementation using symlinks instead of copying resources
[3.085s] -- Found rclcpp: 16.0.9 (/opt/ros/humble/share/rclcpp/cmake)
[3.737s] -- Found rosidl_generator_c: 3.1.5 (/opt/ros/humble/share/rosidl_generator_c/cmake)
[3.802s] -- Found rosidl_adapter: 3.1.5 (/opt/ros/humble/share/rosidl_adapter/cmake)
[3.846s] -- Found rosidl_generator_cpp: 3.1.5 (/opt/ros/humble/share/rosidl_generator_cpp/cmake)
[4.040s] -- Using all available rosidl_typesupport_c: rosidl_typesupport_fastrtps_c;rosidl_typesupport_introspection_c
[4.240s] -- Using all available rosidl_typesupport_cpp: rosidl_typesupport_fastrtps_cpp;rosidl_typesupport_introspection_cpp
[4.772s] -- Found rmw_implementation_cmake: 6.1.2 (/opt/ros/humble/share/rmw_implementation_cmake/cmake)
[4.829s] -- Found rmw_fastrtps_cpp: 6.2.6 (/opt/ros/humble/share/rmw_fastrtps_cpp/cmake)
[5.574s] -- Using RMW implementation 'rmw_fastrtps_cpp' as default
[6.423s] -- Found rclcpp_action: 16.0.9 (/opt/ros/humble/share/rclcpp_action/cmake)
[6.759s] -- Found custom_interfaces: 0.0.0 (/home/mohamad/Inmind/Robotics-Session9-Assignment/Session9_ros2_ws/install/custom_interfaces/share/custom_interfaces/cmake)
[6.944s] -- Found geometry_msgs: 4.2.4 (/opt/ros/humble/share/geometry_msgs/cmake)
[7.078s] -- Found sensor_msgs: 4.2.4 (/opt/ros/humble/share/sensor_msgs/cmake)
[7.350s] -- Found nav_msgs: 4.2.4 (/opt/ros/humble/share/nav_msgs/cmake)
[7.573s] -- Found ament_lint_auto: 0.12.11 (/opt/ros/humble/share/ament_lint_auto/cmake)
[7.992s] -- Added test 'cppcheck' to perform static code analysis on C / C++ code
[8.000s] -- Configured cppcheck include dirs: /home/mohamad/Inmind/Robotics-Session9-Assignment/Session9_ros2_ws/src/robot_navigation/include
[8.000s] -- Configured cppcheck exclude dirs and/or files: 
[8.003s] -- Added test 'lint_cmake' to check CMake code style
[8.007s] -- Added test 'uncrustify' to check C / C++ code style
[8.007s] -- Configured uncrustify additional arguments: 
[8.008s] -- Added test 'xmllint' to check XML markup files
[8.013s] -- Configuring done
[8.667s] -- Generating done
[8.688s] -- Build files have been written to: /home/mohamad/Inmind/Robotics-Session9-Assignment/Session9_ros2_ws/build/robot_navigation
[8.865s] [35m[1mConsolidate compiler generated dependencies of target wall_finder_server[0m
[8.865s] [35m[1mConsolidate compiler generated dependencies of target wall_follower[0m
[8.873s] [35m[1mConsolidate compiler generated dependencies of target lap_time_server[0m
[9.092s] [ 25%] Built target wall_follower
[9.116s] [ 50%] Built target wall_finder_server
[9.123s] [ 75%] Built target lap_time_server
[9.208s] [ 87%] [32mBuilding CXX object CMakeFiles/lap_time_client.dir/src/lap_time_client.cpp.o[0m
[15.344s] In file included from [01m[K/home/mohamad/Inmind/Robotics-Session9-Assignment/Session9_ros2_ws/src/robot_navigation/src/lap_time_client.cpp:1[m[K:
[15.344s] [01m[K/home/mohamad/Inmind/Robotics-Session9-Assignment/Session9_ros2_ws/src/robot_navigation/src/lap_time_client.h:[m[K In constructor ‘[01m[KLapTimeActionClient::LapTimeActionClient(const rclcpp::NodeOptions&)[m[K’:
[15.344s] [01m[K/home/mohamad/Inmind/Robotics-Session9-Assignment/Session9_ros2_ws/src/robot_navigation/src/lap_time_client.h:11:46:[m[K [01;31m[Kerror: [m[Kexpected ‘[01m[K{[m[K’ at end of input
[15.344s]    11 |     : Node("lap_time_action_client", options)[01;31m[K;[m[K
[15.345s]       |                                              [01;31m[K^[m[K
[15.345s] [01m[K/home/mohamad/Inmind/Robotics-Session9-Assignment/Session9_ros2_ws/src/robot_navigation/src/lap_time_client.cpp:[m[K At global scope:
[15.345s] [01m[K/home/mohamad/Inmind/Robotics-Session9-Assignment/Session9_ros2_ws/src/robot_navigation/src/lap_time_client.cpp:5:5:[m[K [01;31m[Kerror: [m[K‘[01m[Kexplicit[m[K’ outside class declaration
[15.345s]     5 |     [01;31m[Kexplicit[m[K LapTimeActionClient::LapTimeActionClient(const rclcpp::NodeOptions & options = rclcpp::NodeOptions())
[15.345s]       |     [01;31m[K^~~~~~~~[m[K
[15.345s] [01m[K/home/mohamad/Inmind/Robotics-Session9-Assignment/Session9_ros2_ws/src/robot_navigation/src/lap_time_client.cpp:5:14:[m[K [01;31m[Kerror: [m[Kredefinition of ‘[01m[KLapTimeActionClient::LapTimeActionClient(const rclcpp::NodeOptions&)[m[K’
[15.345s]     5 |     explicit [01;31m[KLapTimeActionClient[m[K::LapTimeActionClient(const rclcpp::NodeOptions & options = rclcpp::NodeOptions())
[15.345s]       |              [01;31m[K^~~~~~~~~~~~~~~~~~~[m[K
[15.345s] In file included from [01m[K/home/mohamad/Inmind/Robotics-Session9-Assignment/Session9_ros2_ws/src/robot_navigation/src/lap_time_client.cpp:1[m[K:
[15.345s] [01m[K/home/mohamad/Inmind/Robotics-Session9-Assignment/Session9_ros2_ws/src/robot_navigation/src/lap_time_client.h:10:14:[m[K [01;36m[Knote: [m[K‘[01m[KLapTimeActionClient::LapTimeActionClient(const rclcpp::NodeOptions&)[m[K’ previously defined here
[15.345s]    10 |     explicit [01;36m[KLapTimeActionClient[m[K(const rclcpp::NodeOptions & options = rclcpp::NodeOptions())
[15.345s]       |              [01;36m[K^~~~~~~~~~~~~~~~~~~[m[K
[15.364s] [01m[K/home/mohamad/Inmind/Robotics-Session9-Assignment/Session9_ros2_ws/src/robot_navigation/src/lap_time_client.cpp:[m[K In member function ‘[01m[Kvoid LapTimeActionClient::send_goal()[m[K’:
[15.364s] [01m[K/home/mohamad/Inmind/Robotics-Session9-Assignment/Session9_ros2_ws/src/robot_navigation/src/lap_time_client.cpp:28:13:[m[K [01;31m[Kerror: [m[Kno match for ‘[01m[Koperator=[m[K’ (operand types are ‘[01m[Krclcpp_action::Client<custom_interfaces::action::MeasureLapTime>::FeedbackCallback[m[K’ {aka ‘[01m[Kstd::function<void(std::shared_ptr<rclcpp_action::ClientGoalHandle<custom_interfaces::action::MeasureLapTime> >, std::shared_ptr<const custom_interfaces::action::MeasureLapTime_Feedback_<std::allocator<void> > >)>[m[K’} and ‘[01m[KLapTimeActionClient::send_goal()::<lambda(std::shared_ptr<custom_interfaces::action::MeasureLapTime_Feedback_<std::allocator<void> > >)>[m[K’)
[15.364s]    28 |             [01;31m[K}[m[K;
[15.364s]       |             [01;31m[K^[m[K
[15.364s] In file included from [01m[K/usr/include/c++/11/future:47[m[K,
[15.364s]                  from [01m[K/opt/ros/humble/include/rclcpp/rclcpp/executors.hpp:18[m[K,
[15.364s]                  from [01m[K/opt/ros/humble/include/rclcpp/rclcpp/rclcpp.hpp:155[m[K,
[15.364s]                  from [01m[K/home/mohamad/Inmind/Robotics-Session9-Assignment/Session9_ros2_ws/src/robot_navigation/src/lap_time_client.h:1[m[K,
[15.364s]                  from [01m[K/home/mohamad/Inmind/Robotics-Session9-Assignment/Session9_ros2_ws/src/robot_navigation/src/lap_time_client.cpp:1[m[K:
[15.365s] [01m[K/usr/include/c++/11/bits/std_function.h:530:9:[m[K [01;36m[Knote: [m[Kcandidate: ‘[01m[Ktemplate<class _Functor> std::function<_Res(_ArgTypes ...)>::_Requires<std::function<_Res(_ArgTypes ...)>::_Callable<_Functor>, std::function<_Res(_ArgTypes ...)>&> std::function<_Res(_ArgTypes ...)>::operator=(_Functor&&) [with _Functor = _Functor; _Res = void; _ArgTypes = {std::shared_ptr<rclcpp_action::ClientGoalHandle<custom_interfaces::action::MeasureLapTime> >, std::shared_ptr<const custom_interfaces::action::MeasureLapTime_Feedback_<std::allocator<void> > >}][m[K’
[15.365s]   530 |         [01;36m[Koperator[m[K=(_Functor&& __f)
[15.365s]       |         [01;36m[K^~~~~~~~[m[K
[15.365s] [01m[K/usr/include/c++/11/bits/std_function.h:530:9:[m[K [01;36m[Knote: [m[K  template argument deduction/substitution failed:
[15.366s] In file included from [01m[K/usr/include/c++/11/bits/move.h:57[m[K,
[15.366s]                  from [01m[K/usr/include/c++/11/bits/stl_pair.h:59[m[K,
[15.366s]                  from [01m[K/usr/include/c++/11/bits/stl_algobase.h:64[m[K,
[15.366s]                  from [01m[K/usr/include/c++/11/memory:63[m[K,
[15.366s]                  from [01m[K/opt/ros/humble/include/rclcpp/rclcpp/rclcpp.hpp:153[m[K,
[15.367s]                  from [01m[K/home/mohamad/Inmind/Robotics-Session9-Assignment/Session9_ros2_ws/src/robot_navigation/src/lap_time_client.h:1[m[K,
[15.367s]                  from [01m[K/home/mohamad/Inmind/Robotics-Session9-Assignment/Session9_ros2_ws/src/robot_navigation/src/lap_time_client.cpp:1[m[K:
[15.367s] /usr/include/c++/11/type_traits: In substitution of ‘[01m[Ktemplate<bool _Cond, class _Tp> using __enable_if_t = typename std::enable_if::type [with bool _Cond = false; _Tp = std::function<void(std::shared_ptr<rclcpp_action::ClientGoalHandle<custom_interfaces::action::MeasureLapTime> >, std::shared_ptr<const custom_interfaces::action::MeasureLapTime_Feedback_<std::allocator<void> > >)>&][m[K’:
[15.367s] [01m[K/usr/include/c++/11/bits/std_function.h:353:8:[m[K   required by substitution of ‘[01m[Ktemplate<class _Res, class ... _ArgTypes> template<class _Cond, class _Tp> using _Requires = std::__enable_if_t<_Cond::value, _Tp> [with _Cond = std::function<void(std::shared_ptr<rclcpp_action::ClientGoalHandle<custom_interfaces::action::MeasureLapTime> >, std::shared_ptr<const custom_interfaces::action::MeasureLapTime_Feedback_<std::allocator<void> > >)>::_Callable<LapTimeActionClient::send_goal()::<lambda(std::shared_ptr<custom_interfaces::action::MeasureLapTime_Feedback_<std::allocator<void> > >)>, LapTimeActionClient::send_goal()::<lambda(std::shared_ptr<custom_interfaces::action::MeasureLapTime_Feedback_<std::allocator<void> > >)>, std::__invoke_result<LapTimeActionClient::send_goal()::<lambda(std::shared_ptr<custom_interfaces::action::MeasureLapTime_Feedback_<std::allocator<void> > >)>&, std::shared_ptr<rclcpp_action::ClientGoalHandle<custom_interfaces::action::MeasureLapTime> >, std::shared_ptr<const custom_interfaces::action::MeasureLapTime_Feedback_<std::allocator<void> > > > >; _Tp = std::function<void(std::shared_ptr<rclcpp_action::ClientGoalHandle<custom_interfaces::action::MeasureLapTime> >, std::shared_ptr<const custom_interfaces::action::MeasureLapTime_Feedback_<std::allocator<void> > >)>&; _Res = void; _ArgTypes = {std::shared_ptr<rclcpp_action::ClientGoalHandle<custom_interfaces::action::MeasureLapTime> >, std::shared_ptr<const custom_interfaces::action::MeasureLapTime_Feedback_<std::allocator<void> > >}][m[K’
[15.367s] [01m[K/usr/include/c++/11/bits/std_function.h:530:2:[m[K   required by substitution of ‘[01m[Ktemplate<class _Functor> std::function<void(std::shared_ptr<rclcpp_action::ClientGoalHandle<custom_interfaces::action::MeasureLapTime> >, std::shared_ptr<const custom_interfaces::action::MeasureLapTime_Feedback_<std::allocator<void> > >)>::_Requires<std::function<void(std::shared_ptr<rclcpp_action::ClientGoalHandle<custom_interfaces::action::MeasureLapTime> >, std::shared_ptr<const custom_interfaces::action::MeasureLapTime_Feedback_<std::allocator<void> > >)>::_Callable<_Functor, typename std::enable_if<(! std::is_same<typename std::remove_cv<typename std::remove_reference<_Tp>::type>::type, std::function<void(std::shared_ptr<rclcpp_action::ClientGoalHandle<custom_interfaces::action::MeasureLapTime> >, std::shared_ptr<const custom_interfaces::action::MeasureLapTime_Feedback_<std::allocator<void> > >)> >::value), std::decay<_Tp> >::type::type, std::__invoke_result<typename std::enable_if<(! std::is_same<typename std::remove_cv<typename std::remove_reference<_Tp>::type>::type, std::function<void(std::shared_ptr<rclcpp_action::ClientGoalHandle<custom_interfaces::action::MeasureLapTime> >, std::shared_ptr<const custom_interfaces::action::MeasureLapTime_Feedback_<std::allocator<void> > >)> >::value), std::decay<_Tp> >::type::type&, std::shared_ptr<rclcpp_action::ClientGoalHandle<custom_interfaces::action::MeasureLapTime> >, std::shared_ptr<const custom_interfaces::action::MeasureLapTime_Feedback_<std::allocator<void> > > > >, std::function<void(std::shared_ptr<rclcpp_action::ClientGoalHandle<custom_interfaces::action::MeasureLapTime> >, std::shared_ptr<const custom_interfaces::action::MeasureLapTime_Feedback_<std::allocator<void> > >)>&> std::function<void(std::shared_ptr<rclcpp_action::ClientGoalHandle<custom_interfaces::action::MeasureLapTime> >, std::shared_ptr<const custom_interfaces::action::MeasureLapTime_Feedback_<std::allocator<void> > >)>::operator=<_Functor>(_Functor&&) [with _Functor = LapTimeActionClient::send_goal()::<lambda(std::shared_ptr<custom_interfaces::action::MeasureLapTime_Feedback_<std::allocator<void> > >)>][m[K’
[15.367s] [01m[K/home/mohamad/Inmind/Robotics-Session9-Assignment/Session9_ros2_ws/src/robot_navigation/src/lap_time_client.cpp:28:13:[m[K   required from here
[15.367s] [01m[K/usr/include/c++/11/type_traits:2205:11:[m[K [01;31m[Kerror: [m[Kno type named ‘[01m[Ktype[m[K’ in ‘[01m[Kstruct std::enable_if<false, std::function<void(std::shared_ptr<rclcpp_action::ClientGoalHandle<custom_interfaces::action::MeasureLapTime> >, std::shared_ptr<const custom_interfaces::action::MeasureLapTime_Feedback_<std::allocator<void> > >)>&>[m[K’
[15.367s]  2205 |     using [01;31m[K__enable_if_t[m[K = typename enable_if<_Cond, _Tp>::type;
[15.367s]       |           [01;31m[K^~~~~~~~~~~~~[m[K
[15.367s] In file included from [01m[K/usr/include/c++/11/future:47[m[K,
[15.367s]                  from [01m[K/opt/ros/humble/include/rclcpp/rclcpp/executors.hpp:18[m[K,
[15.367s]                  from [01m[K/opt/ros/humble/include/rclcpp/rclcpp/rclcpp.hpp:155[m[K,
[15.367s]                  from [01m[K/home/mohamad/Inmind/Robotics-Session9-Assignment/Session9_ros2_ws/src/robot_navigation/src/lap_time_client.h:1[m[K,
[15.367s]                  from [01m[K/home/mohamad/Inmind/Robotics-Session9-Assignment/Session9_ros2_ws/src/robot_navigation/src/lap_time_client.cpp:1[m[K:
[15.367s] [01m[K/usr/include/c++/11/bits/std_function.h:540:9:[m[K [01;36m[Knote: [m[Kcandidate: ‘[01m[Ktemplate<class _Functor> std::function<_Res(_ArgTypes ...)>& std::function<_Res(_ArgTypes ...)>::operator=(std::reference_wrapper<_Functor>) [with _Functor = _Functor; _Res = void; _ArgTypes = {std::shared_ptr<rclcpp_action::ClientGoalHandle<custom_interfaces::action::MeasureLapTime> >, std::shared_ptr<const custom_interfaces::action::MeasureLapTime_Feedback_<std::allocator<void> > >}][m[K’
[15.367s]   540 |         [01;36m[Koperator[m[K=(reference_wrapper<_Functor> __f) noexcept
[15.368s]       |         [01;36m[K^~~~~~~~[m[K
[15.368s] [01m[K/usr/include/c++/11/bits/std_function.h:540:9:[m[K [01;36m[Knote: [m[K  template argument deduction/substitution failed:
[15.368s] [01m[K/home/mohamad/Inmind/Robotics-Session9-Assignment/Session9_ros2_ws/src/robot_navigation/src/lap_time_client.cpp:28:13:[m[K [01;36m[Knote: [m[K  ‘[01m[KLapTimeActionClient::send_goal()::<lambda(std::shared_ptr<custom_interfaces::action::MeasureLapTime_Feedback_<std::allocator<void> > >)>[m[K’ is not derived from ‘[01m[Kstd::reference_wrapper<_Tp>[m[K’
[15.368s]    28 |             [01;36m[K}[m[K;
[15.368s]       |             [01;36m[K^[m[K
[15.368s] In file included from [01m[K/usr/include/c++/11/future:47[m[K,
[15.368s]                  from [01m[K/opt/ros/humble/include/rclcpp/rclcpp/executors.hpp:18[m[K,
[15.368s]                  from [01m[K/opt/ros/humble/include/rclcpp/rclcpp/rclcpp.hpp:155[m[K,
[15.368s]                  from [01m[K/home/mohamad/Inmind/Robotics-Session9-Assignment/Session9_ros2_ws/src/robot_navigation/src/lap_time_client.h:1[m[K,
[15.368s]                  from [01m[K/home/mohamad/Inmind/Robotics-Session9-Assignment/Session9_ros2_ws/src/robot_navigation/src/lap_time_client.cpp:1[m[K:
[15.368s] [01m[K/usr/include/c++/11/bits/std_function.h:469:7:[m[K [01;36m[Knote: [m[Kcandidate: ‘[01m[Kstd::function<_Res(_ArgTypes ...)>& std::function<_Res(_ArgTypes ...)>::operator=(const std::function<_Res(_ArgTypes ...)>&) [with _Res = void; _ArgTypes = {std::shared_ptr<rclcpp_action::ClientGoalHandle<custom_interfaces::action::MeasureLapTime> >, std::shared_ptr<const custom_interfaces::action::MeasureLapTime_Feedback_<std::allocator<void> > >}][m[K’
[15.368s]   469 |       [01;36m[Koperator[m[K=(const function& __x)
[15.368s]       |       [01;36m[K^~~~~~~~[m[K
[15.368s] [01m[K/usr/include/c++/11/bits/std_function.h:469:33:[m[K [01;36m[Knote: [m[K  no known conversion for argument 1 from ‘[01m[KLapTimeActionClient::send_goal()::<lambda(std::shared_ptr<custom_interfaces::action::MeasureLapTime_Feedback_<std::allocator<void> > >)>[m[K’ to ‘[01m[Kconst std::function<void(std::shared_ptr<rclcpp_action::ClientGoalHandle<custom_interfaces::action::MeasureLapTime> >, std::shared_ptr<const custom_interfaces::action::MeasureLapTime_Feedback_<std::allocator<void> > >)>&[m[K’
[15.368s]   469 |       operator=([01;36m[Kconst function& __x[m[K)
[15.368s]       |                 [01;36m[K~~~~~~~~~~~~~~~~^~~[m[K
[15.369s] [01m[K/usr/include/c++/11/bits/std_function.h:487:7:[m[K [01;36m[Knote: [m[Kcandidate: ‘[01m[Kstd::function<_Res(_ArgTypes ...)>& std::function<_Res(_ArgTypes ...)>::operator=(std::function<_Res(_ArgTypes ...)>&&) [with _Res = void; _ArgTypes = {std::shared_ptr<rclcpp_action::ClientGoalHandle<custom_interfaces::action::MeasureLapTime> >, std::shared_ptr<const custom_interfaces::action::MeasureLapTime_Feedback_<std::allocator<void> > >}][m[K’
[15.369s]   487 |       [01;36m[Koperator[m[K=(function&& __x) noexcept
[15.369s]       |       [01;36m[K^~~~~~~~[m[K
[15.369s] [01m[K/usr/include/c++/11/bits/std_function.h:487:28:[m[K [01;36m[Knote: [m[K  no known conversion for argument 1 from ‘[01m[KLapTimeActionClient::send_goal()::<lambda(std::shared_ptr<custom_interfaces::action::MeasureLapTime_Feedback_<std::allocator<void> > >)>[m[K’ to ‘[01m[Kstd::function<void(std::shared_ptr<rclcpp_action::ClientGoalHandle<custom_interfaces::action::MeasureLapTime> >, std::shared_ptr<const custom_interfaces::action::MeasureLapTime_Feedback_<std::allocator<void> > >)>&&[m[K’
[15.369s]   487 |       operator=([01;36m[Kfunction&& __x[m[K) noexcept
[15.369s]       |                 [01;36m[K~~~~~~~~~~~^~~[m[K
[15.369s] [01m[K/usr/include/c++/11/bits/std_function.h:501:7:[m[K [01;36m[Knote: [m[Kcandidate: ‘[01m[Kstd::function<_Res(_ArgTypes ...)>& std::function<_Res(_ArgTypes ...)>::operator=(std::nullptr_t) [with _Res = void; _ArgTypes = {std::shared_ptr<rclcpp_action::ClientGoalHandle<custom_interfaces::action::MeasureLapTime> >, std::shared_ptr<const custom_interfaces::action::MeasureLapTime_Feedback_<std::allocator<void> > >}; std::nullptr_t = std::nullptr_t][m[K’
[15.369s]   501 |       [01;36m[Koperator[m[K=(nullptr_t) noexcept
[15.369s]       |       [01;36m[K^~~~~~~~[m[K
[15.369s] [01m[K/usr/include/c++/11/bits/std_function.h:501:17:[m[K [01;36m[Knote: [m[K  no known conversion for argument 1 from ‘[01m[KLapTimeActionClient::send_goal()::<lambda(std::shared_ptr<custom_interfaces::action::MeasureLapTime_Feedback_<std::allocator<void> > >)>[m[K’ to ‘[01m[Kstd::nullptr_t[m[K’
[15.369s]   501 |       operator=([01;36m[Knullptr_t[m[K) noexcept
[15.369s]       |                 [01;36m[K^~~~~~~~~[m[K
[15.375s] [01m[K/home/mohamad/Inmind/Robotics-Session9-Assignment/Session9_ros2_ws/src/robot_navigation/src/lap_time_client.cpp:38:37:[m[K [01;31m[Kerror: [m[K‘[01m[Kusing element_type = class rclcpp_action::ClientGoalHandle<custom_interfaces::action::MeasureLapTime>[m[K’ {aka ‘[01m[Kclass rclcpp_action::ClientGoalHandle<custom_interfaces::action::MeasureLapTime>[m[K’} has no member named ‘[01m[Kaccepted[m[K’
[15.376s]    38 |         if (send_goal_future.get()->[01;31m[Kaccepted[m[K) {
[15.376s]       |                                     [01;31m[K^~~~~~~~[m[K
[16.457s] gmake[2]: *** [CMakeFiles/lap_time_client.dir/build.make:76: CMakeFiles/lap_time_client.dir/src/lap_time_client.cpp.o] Error 1
[16.458s] gmake[1]: *** [CMakeFiles/Makefile2:221: CMakeFiles/lap_time_client.dir/all] Error 2
[16.460s] gmake: *** [Makefile:146: all] Error 2
[16.471s] Invoked command in '/home/mohamad/Inmind/Robotics-Session9-Assignment/Session9_ros2_ws/build/robot_navigation' returned '2': CMAKE_PREFIX_PATH=/home/mohamad/Inmind/Robotics-Session9-Assignment/Session9_ros2_ws/install/custom_interfaces:/home/mohamad/Inmind/Robotics-Session9-Assignment/Session9_ros2_ws/install/robot_navigation:/home/mohamad/Inmind/Robotics-Session7-Assignment/Session7_ros2_ws/install/custom_interfaces:/home/mohamad/Inmind/Robotics-Session6-Assignment/Session6_ros2_ws/install/custom_interfaces:/home/mohamad/Inmind/Robotics-Session7-Assignment/Session7_ros2_ws/install/navigation_robot:/home/mohamad/Inmind/Robotics-Session6-Assignment/Session6_ros2_ws/install/session6_assignment:/home/mohamad/Inmind/ros2_ws/install/session5_academy:/home/mohamad/Inmind/Robotics-Session5-Ros2/session5_ros2_ws/install/session5_assignment:/home/mohamad/ros2_ws/install/my_robot_controller:/opt/ros/humble /usr/bin/cmake --build /home/mohamad/Inmind/Robotics-Session9-Assignment/Session9_ros2_ws/build/robot_navigation -- -j4 -l4
