[4.023s] DEBUG:colcon:Command line arguments: ['/usr/bin/colcon', 'build']
[4.024s] DEBUG:colcon:Parsed command line arguments: Namespace(log_base=None, log_level=None, verb_name='build', build_base='build', install_base='install', merge_install=False, symlink_install=False, test_result_base=None, continue_on_error=False, executor='parallel', parallel_workers=4, event_handlers=None, ignore_user_meta=False, metas=['./colcon.meta'], base_paths=['.'], packages_ignore=None, packages_ignore_regex=None, paths=None, packages_up_to=None, packages_up_to_regex=None, packages_above=None, packages_above_and_dependencies=None, packages_above_depth=None, packages_select_by_dep=None, packages_skip_by_dep=None, packages_skip_up_to=None, packages_select_build_failed=False, packages_skip_build_finished=False, packages_select_test_failures=False, packages_skip_test_passed=False, packages_select=None, packages_skip=None, packages_select_regex=None, packages_skip_regex=None, packages_start=None, packages_end=None, allow_overriding=[], cmake_args=None, cmake_target=None, cmake_target_skip_unavailable=False, cmake_clean_cache=False, cmake_clean_first=False, cmake_force_configure=False, ament_cmake_args=None, catkin_cmake_args=None, catkin_skip_building_tests=False, verb_parser=<colcon_defaults.argument_parser.defaults.DefaultArgumentsDecorator object at 0x72239e0293c0>, verb_extension=<colcon_core.verb.build.BuildVerb object at 0x72239e028e80>, main=<bound method BuildVerb.main of <colcon_core.verb.build.BuildVerb object at 0x72239e028e80>>)
[9.105s] Level 1:colcon.colcon_core.package_discovery:discover_packages(colcon_meta) check parameters
[9.105s] Level 1:colcon.colcon_core.package_discovery:discover_packages(recursive) check parameters
[9.105s] Level 1:colcon.colcon_core.package_discovery:discover_packages(ignore) check parameters
[9.105s] Level 1:colcon.colcon_core.package_discovery:discover_packages(path) check parameters
[9.105s] Level 1:colcon.colcon_core.package_discovery:discover_packages(colcon_meta) discover
[9.105s] Level 1:colcon.colcon_core.package_discovery:discover_packages(recursive) discover
[9.105s] INFO:colcon.colcon_core.package_discovery:Crawling recursively for packages in '/home/mohamad/Inmind/Robotics-Session9-Assignment/Session9_ros2_ws'
[9.105s] Level 1:colcon.colcon_core.package_identification:_identify(.) by extensions ['ignore', 'ignore_ament_install']
[9.105s] Level 1:colcon.colcon_core.package_identification:_identify(.) by extension 'ignore'
[9.105s] Level 1:colcon.colcon_core.package_identification:_identify(.) by extension 'ignore_ament_install'
[9.106s] Level 1:colcon.colcon_core.package_identification:_identify(.) by extensions ['colcon_pkg']
[9.106s] Level 1:colcon.colcon_core.package_identification:_identify(.) by extension 'colcon_pkg'
[9.106s] Level 1:colcon.colcon_core.package_identification:_identify(.) by extensions ['colcon_meta']
[9.106s] Level 1:colcon.colcon_core.package_identification:_identify(.) by extension 'colcon_meta'
[9.106s] Level 1:colcon.colcon_core.package_identification:_identify(.) by extensions ['ros']
[9.106s] Level 1:colcon.colcon_core.package_identification:_identify(.) by extension 'ros'
[9.207s] Level 1:colcon.colcon_core.package_identification:_identify(.) by extensions ['cmake', 'python']
[9.207s] Level 1:colcon.colcon_core.package_identification:_identify(.) by extension 'cmake'
[9.207s] Level 1:colcon.colcon_core.package_identification:_identify(.) by extension 'python'
[9.207s] Level 1:colcon.colcon_core.package_identification:_identify(.) by extensions ['python_setup_py']
[9.208s] Level 1:colcon.colcon_core.package_identification:_identify(.) by extension 'python_setup_py'
[9.223s] Level 1:colcon.colcon_core.package_identification:_identify(build) by extensions ['ignore', 'ignore_ament_install']
[9.224s] Level 1:colcon.colcon_core.package_identification:_identify(build) by extension 'ignore'
[9.224s] Level 1:colcon.colcon_core.package_identification:_identify(build) ignored
[9.225s] Level 1:colcon.colcon_core.package_identification:_identify(install) by extensions ['ignore', 'ignore_ament_install']
[9.225s] Level 1:colcon.colcon_core.package_identification:_identify(install) by extension 'ignore'
[9.225s] Level 1:colcon.colcon_core.package_identification:_identify(install) ignored
[9.226s] Level 1:colcon.colcon_core.package_identification:_identify(log) by extensions ['ignore', 'ignore_ament_install']
[9.226s] Level 1:colcon.colcon_core.package_identification:_identify(log) by extension 'ignore'
[9.226s] Level 1:colcon.colcon_core.package_identification:_identify(log) ignored
[9.227s] Level 1:colcon.colcon_core.package_identification:_identify(src) by extensions ['ignore', 'ignore_ament_install']
[9.227s] Level 1:colcon.colcon_core.package_identification:_identify(src) by extension 'ignore'
[9.227s] Level 1:colcon.colcon_core.package_identification:_identify(src) by extension 'ignore_ament_install'
[9.228s] Level 1:colcon.colcon_core.package_identification:_identify(src) by extensions ['colcon_pkg']
[9.228s] Level 1:colcon.colcon_core.package_identification:_identify(src) by extension 'colcon_pkg'
[9.228s] Level 1:colcon.colcon_core.package_identification:_identify(src) by extensions ['colcon_meta']
[9.228s] Level 1:colcon.colcon_core.package_identification:_identify(src) by extension 'colcon_meta'
[9.228s] Level 1:colcon.colcon_core.package_identification:_identify(src) by extensions ['ros']
[9.229s] Level 1:colcon.colcon_core.package_identification:_identify(src) by extension 'ros'
[9.229s] Level 1:colcon.colcon_core.package_identification:_identify(src) by extensions ['cmake', 'python']
[9.229s] Level 1:colcon.colcon_core.package_identification:_identify(src) by extension 'cmake'
[9.229s] Level 1:colcon.colcon_core.package_identification:_identify(src) by extension 'python'
[9.230s] Level 1:colcon.colcon_core.package_identification:_identify(src) by extensions ['python_setup_py']
[9.230s] Level 1:colcon.colcon_core.package_identification:_identify(src) by extension 'python_setup_py'
[9.230s] Level 1:colcon.colcon_core.package_identification:_identify(src/custom_interfaces) by extensions ['ignore', 'ignore_ament_install']
[9.230s] Level 1:colcon.colcon_core.package_identification:_identify(src/custom_interfaces) by extension 'ignore'
[9.231s] Level 1:colcon.colcon_core.package_identification:_identify(src/custom_interfaces) by extension 'ignore_ament_install'
[9.231s] Level 1:colcon.colcon_core.package_identification:_identify(src/custom_interfaces) by extensions ['colcon_pkg']
[9.231s] Level 1:colcon.colcon_core.package_identification:_identify(src/custom_interfaces) by extension 'colcon_pkg'
[9.232s] Level 1:colcon.colcon_core.package_identification:_identify(src/custom_interfaces) by extensions ['colcon_meta']
[9.232s] Level 1:colcon.colcon_core.package_identification:_identify(src/custom_interfaces) by extension 'colcon_meta'
[9.232s] Level 1:colcon.colcon_core.package_identification:_identify(src/custom_interfaces) by extensions ['ros']
[9.232s] Level 1:colcon.colcon_core.package_identification:_identify(src/custom_interfaces) by extension 'ros'
[9.263s] DEBUG:colcon.colcon_core.package_identification:Package 'src/custom_interfaces' with type 'ros.ament_cmake' and name 'custom_interfaces'
[9.264s] Level 1:colcon.colcon_core.package_identification:_identify(src/robot_navigation) by extensions ['ignore', 'ignore_ament_install']
[9.264s] Level 1:colcon.colcon_core.package_identification:_identify(src/robot_navigation) by extension 'ignore'
[9.264s] Level 1:colcon.colcon_core.package_identification:_identify(src/robot_navigation) by extension 'ignore_ament_install'
[9.264s] Level 1:colcon.colcon_core.package_identification:_identify(src/robot_navigation) by extensions ['colcon_pkg']
[9.265s] Level 1:colcon.colcon_core.package_identification:_identify(src/robot_navigation) by extension 'colcon_pkg'
[9.265s] Level 1:colcon.colcon_core.package_identification:_identify(src/robot_navigation) by extensions ['colcon_meta']
[9.265s] Level 1:colcon.colcon_core.package_identification:_identify(src/robot_navigation) by extension 'colcon_meta'
[9.265s] Level 1:colcon.colcon_core.package_identification:_identify(src/robot_navigation) by extensions ['ros']
[9.265s] Level 1:colcon.colcon_core.package_identification:_identify(src/robot_navigation) by extension 'ros'
[9.275s] DEBUG:colcon.colcon_core.package_identification:Package 'src/robot_navigation' with type 'ros.ament_cmake' and name 'robot_navigation'
[9.275s] Level 1:colcon.colcon_core.package_discovery:discover_packages(recursive) using defaults
[9.275s] Level 1:colcon.colcon_core.package_discovery:discover_packages(ignore) discover
[9.275s] Level 1:colcon.colcon_core.package_discovery:discover_packages(ignore) using defaults
[9.275s] Level 1:colcon.colcon_core.package_discovery:discover_packages(path) discover
[9.275s] Level 1:colcon.colcon_core.package_discovery:discover_packages(path) using defaults
[9.651s] Level 1:colcon.colcon_core.package_discovery:discover_packages(prefix_path) check parameters
[9.651s] Level 1:colcon.colcon_core.package_discovery:discover_packages(prefix_path) discover
[9.893s] DEBUG:colcon.colcon_installed_package_information.package_discovery:Found 2 installed packages in /home/mohamad/Inmind/Robotics-Session9-Assignment/Session9_ros2_ws/install
[9.956s] DEBUG:colcon.colcon_installed_package_information.package_discovery:Found 2 installed packages in /home/mohamad/Inmind/Robotics-Session7-Assignment/Session7_ros2_ws/install
[9.968s] DEBUG:colcon.colcon_installed_package_information.package_discovery:Found 2 installed packages in /home/mohamad/Inmind/Robotics-Session6-Assignment/Session6_ros2_ws/install
[9.999s] DEBUG:colcon.colcon_installed_package_information.package_discovery:Found 1 installed packages in /home/mohamad/Inmind/Robotics-Session5-Ros2/session5_ros2_ws/install
[10.029s] DEBUG:colcon.colcon_installed_package_information.package_discovery:Found 1 installed packages in /home/mohamad/Inmind/ros2_ws/install
[10.060s] DEBUG:colcon.colcon_installed_package_information.package_discovery:Found 1 installed packages in /home/mohamad/ros2_ws/install
[10.133s] DEBUG:colcon.colcon_installed_package_information.package_discovery:Found 337 installed packages in /opt/ros/humble
[10.142s] Level 1:colcon.colcon_core.package_discovery:discover_packages(prefix_path) using defaults
[13.291s] Level 5:colcon.colcon_core.verb:set package 'custom_interfaces' build argument 'cmake_args' from command line to 'None'
[13.291s] Level 5:colcon.colcon_core.verb:set package 'custom_interfaces' build argument 'cmake_target' from command line to 'None'
[13.291s] Level 5:colcon.colcon_core.verb:set package 'custom_interfaces' build argument 'cmake_target_skip_unavailable' from command line to 'False'
[13.291s] Level 5:colcon.colcon_core.verb:set package 'custom_interfaces' build argument 'cmake_clean_cache' from command line to 'False'
[13.291s] Level 5:colcon.colcon_core.verb:set package 'custom_interfaces' build argument 'cmake_clean_first' from command line to 'False'
[13.291s] Level 5:colcon.colcon_core.verb:set package 'custom_interfaces' build argument 'cmake_force_configure' from command line to 'False'
[13.291s] Level 5:colcon.colcon_core.verb:set package 'custom_interfaces' build argument 'ament_cmake_args' from command line to 'None'
[13.291s] Level 5:colcon.colcon_core.verb:set package 'custom_interfaces' build argument 'catkin_cmake_args' from command line to 'None'
[13.291s] Level 5:colcon.colcon_core.verb:set package 'custom_interfaces' build argument 'catkin_skip_building_tests' from command line to 'False'
[13.291s] DEBUG:colcon.colcon_core.verb:Building package 'custom_interfaces' with the following arguments: {'ament_cmake_args': None, 'build_base': '/home/mohamad/Inmind/Robotics-Session9-Assignment/Session9_ros2_ws/build/custom_interfaces', 'catkin_cmake_args': None, 'catkin_skip_building_tests': False, 'cmake_args': None, 'cmake_clean_cache': False, 'cmake_clean_first': False, 'cmake_force_configure': False, 'cmake_target': None, 'cmake_target_skip_unavailable': False, 'install_base': '/home/mohamad/Inmind/Robotics-Session9-Assignment/Session9_ros2_ws/install/custom_interfaces', 'merge_install': False, 'path': '/home/mohamad/Inmind/Robotics-Session9-Assignment/Session9_ros2_ws/src/custom_interfaces', 'symlink_install': False, 'test_result_base': None}
[13.292s] Level 5:colcon.colcon_core.verb:set package 'robot_navigation' build argument 'cmake_args' from command line to 'None'
[13.292s] Level 5:colcon.colcon_core.verb:set package 'robot_navigation' build argument 'cmake_target' from command line to 'None'
[13.292s] Level 5:colcon.colcon_core.verb:set package 'robot_navigation' build argument 'cmake_target_skip_unavailable' from command line to 'False'
[13.292s] Level 5:colcon.colcon_core.verb:set package 'robot_navigation' build argument 'cmake_clean_cache' from command line to 'False'
[13.292s] Level 5:colcon.colcon_core.verb:set package 'robot_navigation' build argument 'cmake_clean_first' from command line to 'False'
[13.292s] Level 5:colcon.colcon_core.verb:set package 'robot_navigation' build argument 'cmake_force_configure' from command line to 'False'
[13.292s] Level 5:colcon.colcon_core.verb:set package 'robot_navigation' build argument 'ament_cmake_args' from command line to 'None'
[13.292s] Level 5:colcon.colcon_core.verb:set package 'robot_navigation' build argument 'catkin_cmake_args' from command line to 'None'
[13.292s] Level 5:colcon.colcon_core.verb:set package 'robot_navigation' build argument 'catkin_skip_building_tests' from command line to 'False'
[13.292s] DEBUG:colcon.colcon_core.verb:Building package 'robot_navigation' with the following arguments: {'ament_cmake_args': None, 'build_base': '/home/mohamad/Inmind/Robotics-Session9-Assignment/Session9_ros2_ws/build/robot_navigation', 'catkin_cmake_args': None, 'catkin_skip_building_tests': False, 'cmake_args': None, 'cmake_clean_cache': False, 'cmake_clean_first': False, 'cmake_force_configure': False, 'cmake_target': None, 'cmake_target_skip_unavailable': False, 'install_base': '/home/mohamad/Inmind/Robotics-Session9-Assignment/Session9_ros2_ws/install/robot_navigation', 'merge_install': False, 'path': '/home/mohamad/Inmind/Robotics-Session9-Assignment/Session9_ros2_ws/src/robot_navigation', 'symlink_install': False, 'test_result_base': None}
[13.292s] INFO:colcon.colcon_core.executor:Executing jobs using 'parallel' executor
[13.297s] DEBUG:colcon.colcon_parallel_executor.executor.parallel:run_until_complete
[13.298s] INFO:colcon.colcon_ros.task.ament_cmake.build:Building ROS package in '/home/mohamad/Inmind/Robotics-Session9-Assignment/Session9_ros2_ws/src/custom_interfaces' with build type 'ament_cmake'
[13.298s] INFO:colcon.colcon_cmake.task.cmake.build:Building CMake package in '/home/mohamad/Inmind/Robotics-Session9-Assignment/Session9_ros2_ws/src/custom_interfaces'
[13.524s] INFO:colcon.colcon_core.plugin_system:Skipping extension 'colcon_core.shell.bat': Not used on non-Windows systems
[13.525s] INFO:colcon.colcon_core.shell:Skip shell extension 'powershell' for command environment: Not usable outside of PowerShell
[13.525s] DEBUG:colcon.colcon_core.shell:Skip shell extension 'dsv' for command environment
[13.769s] DEBUG:colcon.colcon_core.event_handler.log_command:Invoking command in '/home/mohamad/Inmind/Robotics-Session9-Assignment/Session9_ros2_ws/build/custom_interfaces': CMAKE_PREFIX_PATH=${CMAKE_PREFIX_PATH}:/home/mohamad/Inmind/Robotics-Session7-Assignment/Session7_ros2_ws/install/navigation_robot:/home/mohamad/Inmind/Robotics-Session6-Assignment/Session6_ros2_ws/install/session6_assignment:/home/mohamad/Inmind/ros2_ws/install/session5_academy:/home/mohamad/Inmind/Robotics-Session5-Ros2/session5_ros2_ws/install/session5_assignment:/home/mohamad/ros2_ws/install/my_robot_controller:/opt/ros/humble /usr/bin/cmake --build /home/mohamad/Inmind/Robotics-Session9-Assignment/Session9_ros2_ws/build/custom_interfaces -- -j4 -l4
[19.815s] DEBUG:colcon.colcon_core.event_handler.log_command:Invoked command in '/home/mohamad/Inmind/Robotics-Session9-Assignment/Session9_ros2_ws/build/custom_interfaces' returned '0': CMAKE_PREFIX_PATH=${CMAKE_PREFIX_PATH}:/home/mohamad/Inmind/Robotics-Session7-Assignment/Session7_ros2_ws/install/navigation_robot:/home/mohamad/Inmind/Robotics-Session6-Assignment/Session6_ros2_ws/install/session6_assignment:/home/mohamad/Inmind/ros2_ws/install/session5_academy:/home/mohamad/Inmind/Robotics-Session5-Ros2/session5_ros2_ws/install/session5_assignment:/home/mohamad/ros2_ws/install/my_robot_controller:/opt/ros/humble /usr/bin/cmake --build /home/mohamad/Inmind/Robotics-Session9-Assignment/Session9_ros2_ws/build/custom_interfaces -- -j4 -l4
[20.693s] DEBUG:colcon.colcon_core.event_handler.log_command:Invoking command in '/home/mohamad/Inmind/Robotics-Session9-Assignment/Session9_ros2_ws/build/custom_interfaces': CMAKE_PREFIX_PATH=${CMAKE_PREFIX_PATH}:/home/mohamad/Inmind/Robotics-Session7-Assignment/Session7_ros2_ws/install/navigation_robot:/home/mohamad/Inmind/Robotics-Session6-Assignment/Session6_ros2_ws/install/session6_assignment:/home/mohamad/Inmind/ros2_ws/install/session5_academy:/home/mohamad/Inmind/Robotics-Session5-Ros2/session5_ros2_ws/install/session5_assignment:/home/mohamad/ros2_ws/install/my_robot_controller:/opt/ros/humble /usr/bin/cmake --install /home/mohamad/Inmind/Robotics-Session9-Assignment/Session9_ros2_ws/build/custom_interfaces
[21.935s] Level 1:colcon.colcon_core.environment:create_environment_scripts_only(custom_interfaces)
[21.936s] DEBUG:colcon.colcon_core.event_handler.log_command:Invoked command in '/home/mohamad/Inmind/Robotics-Session9-Assignment/Session9_ros2_ws/build/custom_interfaces' returned '0': CMAKE_PREFIX_PATH=${CMAKE_PREFIX_PATH}:/home/mohamad/Inmind/Robotics-Session7-Assignment/Session7_ros2_ws/install/navigation_robot:/home/mohamad/Inmind/Robotics-Session6-Assignment/Session6_ros2_ws/install/session6_assignment:/home/mohamad/Inmind/ros2_ws/install/session5_academy:/home/mohamad/Inmind/Robotics-Session5-Ros2/session5_ros2_ws/install/session5_assignment:/home/mohamad/ros2_ws/install/my_robot_controller:/opt/ros/humble /usr/bin/cmake --install /home/mohamad/Inmind/Robotics-Session9-Assignment/Session9_ros2_ws/build/custom_interfaces
[22.016s] Level 1:colcon.colcon_core.environment:checking '/home/mohamad/Inmind/Robotics-Session9-Assignment/Session9_ros2_ws/install/custom_interfaces' for CMake module files
[22.018s] Level 1:colcon.colcon_core.environment:checking '/home/mohamad/Inmind/Robotics-Session9-Assignment/Session9_ros2_ws/install/custom_interfaces' for CMake config files
[22.080s] Level 1:colcon.colcon_core.shell:create_environment_hook('custom_interfaces', 'cmake_prefix_path')
[22.080s] INFO:colcon.colcon_core.shell:Creating environment hook '/home/mohamad/Inmind/Robotics-Session9-Assignment/Session9_ros2_ws/install/custom_interfaces/share/custom_interfaces/hook/cmake_prefix_path.ps1'
[22.097s] INFO:colcon.colcon_core.shell:Creating environment descriptor '/home/mohamad/Inmind/Robotics-Session9-Assignment/Session9_ros2_ws/install/custom_interfaces/share/custom_interfaces/hook/cmake_prefix_path.dsv'
[22.105s] INFO:colcon.colcon_core.shell:Creating environment hook '/home/mohamad/Inmind/Robotics-Session9-Assignment/Session9_ros2_ws/install/custom_interfaces/share/custom_interfaces/hook/cmake_prefix_path.sh'
[22.107s] Level 1:colcon.colcon_core.environment:checking '/home/mohamad/Inmind/Robotics-Session9-Assignment/Session9_ros2_ws/install/custom_interfaces/lib'
[22.107s] Level 1:colcon.colcon_core.shell:create_environment_hook('custom_interfaces', 'ld_library_path_lib')
[22.108s] INFO:colcon.colcon_core.shell:Creating environment hook '/home/mohamad/Inmind/Robotics-Session9-Assignment/Session9_ros2_ws/install/custom_interfaces/share/custom_interfaces/hook/ld_library_path_lib.ps1'
[22.108s] INFO:colcon.colcon_core.shell:Creating environment descriptor '/home/mohamad/Inmind/Robotics-Session9-Assignment/Session9_ros2_ws/install/custom_interfaces/share/custom_interfaces/hook/ld_library_path_lib.dsv'
[22.109s] INFO:colcon.colcon_core.shell:Creating environment hook '/home/mohamad/Inmind/Robotics-Session9-Assignment/Session9_ros2_ws/install/custom_interfaces/share/custom_interfaces/hook/ld_library_path_lib.sh'
[22.109s] Level 1:colcon.colcon_core.environment:checking '/home/mohamad/Inmind/Robotics-Session9-Assignment/Session9_ros2_ws/install/custom_interfaces/bin'
[22.109s] Level 1:colcon.colcon_core.environment:checking '/home/mohamad/Inmind/Robotics-Session9-Assignment/Session9_ros2_ws/install/custom_interfaces/lib/pkgconfig/custom_interfaces.pc'
[22.110s] Level 1:colcon.colcon_core.environment:checking '/home/mohamad/Inmind/Robotics-Session9-Assignment/Session9_ros2_ws/install/custom_interfaces/lib/python3.10/site-packages'
[22.110s] Level 1:colcon.colcon_core.environment:checking '/home/mohamad/Inmind/Robotics-Session9-Assignment/Session9_ros2_ws/install/custom_interfaces/bin'
[22.110s] INFO:colcon.colcon_core.shell:Creating package script '/home/mohamad/Inmind/Robotics-Session9-Assignment/Session9_ros2_ws/install/custom_interfaces/share/custom_interfaces/package.ps1'
[22.112s] INFO:colcon.colcon_core.shell:Creating package descriptor '/home/mohamad/Inmind/Robotics-Session9-Assignment/Session9_ros2_ws/install/custom_interfaces/share/custom_interfaces/package.dsv'
[22.114s] INFO:colcon.colcon_core.shell:Creating package script '/home/mohamad/Inmind/Robotics-Session9-Assignment/Session9_ros2_ws/install/custom_interfaces/share/custom_interfaces/package.sh'
[22.115s] INFO:colcon.colcon_core.shell:Creating package script '/home/mohamad/Inmind/Robotics-Session9-Assignment/Session9_ros2_ws/install/custom_interfaces/share/custom_interfaces/package.bash'
[22.125s] INFO:colcon.colcon_core.shell:Creating package script '/home/mohamad/Inmind/Robotics-Session9-Assignment/Session9_ros2_ws/install/custom_interfaces/share/custom_interfaces/package.zsh'
[22.143s] Level 1:colcon.colcon_core.environment:create_file_with_runtime_dependencies(/home/mohamad/Inmind/Robotics-Session9-Assignment/Session9_ros2_ws/install/custom_interfaces/share/colcon-core/packages/custom_interfaces)
[22.375s] Level 1:colcon.colcon_core.environment:create_environment_scripts_only(custom_interfaces)
[22.375s] Level 1:colcon.colcon_core.environment:checking '/home/mohamad/Inmind/Robotics-Session9-Assignment/Session9_ros2_ws/install/custom_interfaces' for CMake module files
[22.376s] Level 1:colcon.colcon_core.environment:checking '/home/mohamad/Inmind/Robotics-Session9-Assignment/Session9_ros2_ws/install/custom_interfaces' for CMake config files
[22.377s] Level 1:colcon.colcon_core.shell:create_environment_hook('custom_interfaces', 'cmake_prefix_path')
[22.377s] INFO:colcon.colcon_core.shell:Creating environment hook '/home/mohamad/Inmind/Robotics-Session9-Assignment/Session9_ros2_ws/install/custom_interfaces/share/custom_interfaces/hook/cmake_prefix_path.ps1'
[22.378s] INFO:colcon.colcon_core.shell:Creating environment descriptor '/home/mohamad/Inmind/Robotics-Session9-Assignment/Session9_ros2_ws/install/custom_interfaces/share/custom_interfaces/hook/cmake_prefix_path.dsv'
[22.378s] INFO:colcon.colcon_core.shell:Creating environment hook '/home/mohamad/Inmind/Robotics-Session9-Assignment/Session9_ros2_ws/install/custom_interfaces/share/custom_interfaces/hook/cmake_prefix_path.sh'
[22.379s] Level 1:colcon.colcon_core.environment:checking '/home/mohamad/Inmind/Robotics-Session9-Assignment/Session9_ros2_ws/install/custom_interfaces/lib'
[22.379s] Level 1:colcon.colcon_core.shell:create_environment_hook('custom_interfaces', 'ld_library_path_lib')
[22.379s] INFO:colcon.colcon_core.shell:Creating environment hook '/home/mohamad/Inmind/Robotics-Session9-Assignment/Session9_ros2_ws/install/custom_interfaces/share/custom_interfaces/hook/ld_library_path_lib.ps1'
[22.380s] INFO:colcon.colcon_core.shell:Creating environment descriptor '/home/mohamad/Inmind/Robotics-Session9-Assignment/Session9_ros2_ws/install/custom_interfaces/share/custom_interfaces/hook/ld_library_path_lib.dsv'
[22.381s] INFO:colcon.colcon_core.shell:Creating environment hook '/home/mohamad/Inmind/Robotics-Session9-Assignment/Session9_ros2_ws/install/custom_interfaces/share/custom_interfaces/hook/ld_library_path_lib.sh'
[22.381s] Level 1:colcon.colcon_core.environment:checking '/home/mohamad/Inmind/Robotics-Session9-Assignment/Session9_ros2_ws/install/custom_interfaces/bin'
[22.381s] Level 1:colcon.colcon_core.environment:checking '/home/mohamad/Inmind/Robotics-Session9-Assignment/Session9_ros2_ws/install/custom_interfaces/lib/pkgconfig/custom_interfaces.pc'
[22.382s] Level 1:colcon.colcon_core.environment:checking '/home/mohamad/Inmind/Robotics-Session9-Assignment/Session9_ros2_ws/install/custom_interfaces/lib/python3.10/site-packages'
[22.382s] Level 1:colcon.colcon_core.environment:checking '/home/mohamad/Inmind/Robotics-Session9-Assignment/Session9_ros2_ws/install/custom_interfaces/bin'
[22.382s] INFO:colcon.colcon_core.shell:Creating package script '/home/mohamad/Inmind/Robotics-Session9-Assignment/Session9_ros2_ws/install/custom_interfaces/share/custom_interfaces/package.ps1'
[22.383s] INFO:colcon.colcon_core.shell:Creating package descriptor '/home/mohamad/Inmind/Robotics-Session9-Assignment/Session9_ros2_ws/install/custom_interfaces/share/custom_interfaces/package.dsv'
[22.384s] INFO:colcon.colcon_core.shell:Creating package script '/home/mohamad/Inmind/Robotics-Session9-Assignment/Session9_ros2_ws/install/custom_interfaces/share/custom_interfaces/package.sh'
[22.384s] INFO:colcon.colcon_core.shell:Creating package script '/home/mohamad/Inmind/Robotics-Session9-Assignment/Session9_ros2_ws/install/custom_interfaces/share/custom_interfaces/package.bash'
[22.385s] INFO:colcon.colcon_core.shell:Creating package script '/home/mohamad/Inmind/Robotics-Session9-Assignment/Session9_ros2_ws/install/custom_interfaces/share/custom_interfaces/package.zsh'
[22.386s] Level 1:colcon.colcon_core.environment:create_file_with_runtime_dependencies(/home/mohamad/Inmind/Robotics-Session9-Assignment/Session9_ros2_ws/install/custom_interfaces/share/colcon-core/packages/custom_interfaces)
[22.387s] INFO:colcon.colcon_ros.task.ament_cmake.build:Building ROS package in '/home/mohamad/Inmind/Robotics-Session9-Assignment/Session9_ros2_ws/src/robot_navigation' with build type 'ament_cmake'
[22.387s] INFO:colcon.colcon_cmake.task.cmake.build:Building CMake package in '/home/mohamad/Inmind/Robotics-Session9-Assignment/Session9_ros2_ws/src/robot_navigation'
[22.387s] INFO:colcon.colcon_core.shell:Skip shell extension 'powershell' for command environment: Not usable outside of PowerShell
[22.387s] DEBUG:colcon.colcon_core.shell:Skip shell extension 'dsv' for command environment
[22.559s] DEBUG:colcon.colcon_core.event_handler.log_command:Invoking command in '/home/mohamad/Inmind/Robotics-Session9-Assignment/Session9_ros2_ws/build/robot_navigation': CMAKE_PREFIX_PATH=/home/mohamad/Inmind/Robotics-Session9-Assignment/Session9_ros2_ws/install/custom_interfaces:/home/mohamad/Inmind/Robotics-Session9-Assignment/Session9_ros2_ws/install/robot_navigation:/home/mohamad/Inmind/Robotics-Session7-Assignment/Session7_ros2_ws/install/custom_interfaces:/home/mohamad/Inmind/Robotics-Session6-Assignment/Session6_ros2_ws/install/custom_interfaces:/home/mohamad/Inmind/Robotics-Session7-Assignment/Session7_ros2_ws/install/navigation_robot:/home/mohamad/Inmind/Robotics-Session6-Assignment/Session6_ros2_ws/install/session6_assignment:/home/mohamad/Inmind/ros2_ws/install/session5_academy:/home/mohamad/Inmind/Robotics-Session5-Ros2/session5_ros2_ws/install/session5_assignment:/home/mohamad/ros2_ws/install/my_robot_controller:/opt/ros/humble /usr/bin/cmake --build /home/mohamad/Inmind/Robotics-Session9-Assignment/Session9_ros2_ws/build/robot_navigation -- -j4 -l4
[59.869s] DEBUG:colcon.colcon_core.event_handler.log_command:Invoked command in '/home/mohamad/Inmind/Robotics-Session9-Assignment/Session9_ros2_ws/build/robot_navigation' returned '0': CMAKE_PREFIX_PATH=/home/mohamad/Inmind/Robotics-Session9-Assignment/Session9_ros2_ws/install/custom_interfaces:/home/mohamad/Inmind/Robotics-Session9-Assignment/Session9_ros2_ws/install/robot_navigation:/home/mohamad/Inmind/Robotics-Session7-Assignment/Session7_ros2_ws/install/custom_interfaces:/home/mohamad/Inmind/Robotics-Session6-Assignment/Session6_ros2_ws/install/custom_interfaces:/home/mohamad/Inmind/Robotics-Session7-Assignment/Session7_ros2_ws/install/navigation_robot:/home/mohamad/Inmind/Robotics-Session6-Assignment/Session6_ros2_ws/install/session6_assignment:/home/mohamad/Inmind/ros2_ws/install/session5_academy:/home/mohamad/Inmind/Robotics-Session5-Ros2/session5_ros2_ws/install/session5_assignment:/home/mohamad/ros2_ws/install/my_robot_controller:/opt/ros/humble /usr/bin/cmake --build /home/mohamad/Inmind/Robotics-Session9-Assignment/Session9_ros2_ws/build/robot_navigation -- -j4 -l4
[60.058s] DEBUG:colcon.colcon_core.event_handler.log_command:Invoking command in '/home/mohamad/Inmind/Robotics-Session9-Assignment/Session9_ros2_ws/build/robot_navigation': CMAKE_PREFIX_PATH=/home/mohamad/Inmind/Robotics-Session9-Assignment/Session9_ros2_ws/install/custom_interfaces:/home/mohamad/Inmind/Robotics-Session9-Assignment/Session9_ros2_ws/install/robot_navigation:/home/mohamad/Inmind/Robotics-Session7-Assignment/Session7_ros2_ws/install/custom_interfaces:/home/mohamad/Inmind/Robotics-Session6-Assignment/Session6_ros2_ws/install/custom_interfaces:/home/mohamad/Inmind/Robotics-Session7-Assignment/Session7_ros2_ws/install/navigation_robot:/home/mohamad/Inmind/Robotics-Session6-Assignment/Session6_ros2_ws/install/session6_assignment:/home/mohamad/Inmind/ros2_ws/install/session5_academy:/home/mohamad/Inmind/Robotics-Session5-Ros2/session5_ros2_ws/install/session5_assignment:/home/mohamad/ros2_ws/install/my_robot_controller:/opt/ros/humble /usr/bin/cmake --install /home/mohamad/Inmind/Robotics-Session9-Assignment/Session9_ros2_ws/build/robot_navigation
[60.673s] Level 1:colcon.colcon_core.environment:create_environment_scripts_only(robot_navigation)
[60.674s] Level 1:colcon.colcon_core.environment:checking '/home/mohamad/Inmind/Robotics-Session9-Assignment/Session9_ros2_ws/install/robot_navigation' for CMake module files
[60.675s] DEBUG:colcon.colcon_core.event_handler.log_command:Invoked command in '/home/mohamad/Inmind/Robotics-Session9-Assignment/Session9_ros2_ws/build/robot_navigation' returned '0': CMAKE_PREFIX_PATH=/home/mohamad/Inmind/Robotics-Session9-Assignment/Session9_ros2_ws/install/custom_interfaces:/home/mohamad/Inmind/Robotics-Session9-Assignment/Session9_ros2_ws/install/robot_navigation:/home/mohamad/Inmind/Robotics-Session7-Assignment/Session7_ros2_ws/install/custom_interfaces:/home/mohamad/Inmind/Robotics-Session6-Assignment/Session6_ros2_ws/install/custom_interfaces:/home/mohamad/Inmind/Robotics-Session7-Assignment/Session7_ros2_ws/install/navigation_robot:/home/mohamad/Inmind/Robotics-Session6-Assignment/Session6_ros2_ws/install/session6_assignment:/home/mohamad/Inmind/ros2_ws/install/session5_academy:/home/mohamad/Inmind/Robotics-Session5-Ros2/session5_ros2_ws/install/session5_assignment:/home/mohamad/ros2_ws/install/my_robot_controller:/opt/ros/humble /usr/bin/cmake --install /home/mohamad/Inmind/Robotics-Session9-Assignment/Session9_ros2_ws/build/robot_navigation
[60.677s] Level 1:colcon.colcon_core.environment:checking '/home/mohamad/Inmind/Robotics-Session9-Assignment/Session9_ros2_ws/install/robot_navigation' for CMake config files
[60.734s] Level 1:colcon.colcon_core.shell:create_environment_hook('robot_navigation', 'cmake_prefix_path')
[60.734s] INFO:colcon.colcon_core.shell:Creating environment hook '/home/mohamad/Inmind/Robotics-Session9-Assignment/Session9_ros2_ws/install/robot_navigation/share/robot_navigation/hook/cmake_prefix_path.ps1'
[60.736s] INFO:colcon.colcon_core.shell:Creating environment descriptor '/home/mohamad/Inmind/Robotics-Session9-Assignment/Session9_ros2_ws/install/robot_navigation/share/robot_navigation/hook/cmake_prefix_path.dsv'
[60.750s] INFO:colcon.colcon_core.shell:Creating environment hook '/home/mohamad/Inmind/Robotics-Session9-Assignment/Session9_ros2_ws/install/robot_navigation/share/robot_navigation/hook/cmake_prefix_path.sh'
[60.756s] Level 1:colcon.colcon_core.environment:checking '/home/mohamad/Inmind/Robotics-Session9-Assignment/Session9_ros2_ws/install/robot_navigation/lib'
[60.756s] Level 1:colcon.colcon_core.environment:checking '/home/mohamad/Inmind/Robotics-Session9-Assignment/Session9_ros2_ws/install/robot_navigation/bin'
[60.760s] Level 1:colcon.colcon_core.environment:checking '/home/mohamad/Inmind/Robotics-Session9-Assignment/Session9_ros2_ws/install/robot_navigation/lib/pkgconfig/robot_navigation.pc'
[60.761s] Level 1:colcon.colcon_core.environment:checking '/home/mohamad/Inmind/Robotics-Session9-Assignment/Session9_ros2_ws/install/robot_navigation/lib/python3.10/site-packages'
[60.761s] Level 1:colcon.colcon_core.environment:checking '/home/mohamad/Inmind/Robotics-Session9-Assignment/Session9_ros2_ws/install/robot_navigation/bin'
[60.762s] INFO:colcon.colcon_core.shell:Creating package script '/home/mohamad/Inmind/Robotics-Session9-Assignment/Session9_ros2_ws/install/robot_navigation/share/robot_navigation/package.ps1'
[60.763s] INFO:colcon.colcon_core.shell:Creating package descriptor '/home/mohamad/Inmind/Robotics-Session9-Assignment/Session9_ros2_ws/install/robot_navigation/share/robot_navigation/package.dsv'
[60.764s] INFO:colcon.colcon_core.shell:Creating package script '/home/mohamad/Inmind/Robotics-Session9-Assignment/Session9_ros2_ws/install/robot_navigation/share/robot_navigation/package.sh'
[60.766s] INFO:colcon.colcon_core.shell:Creating package script '/home/mohamad/Inmind/Robotics-Session9-Assignment/Session9_ros2_ws/install/robot_navigation/share/robot_navigation/package.bash'
[60.768s] INFO:colcon.colcon_core.shell:Creating package script '/home/mohamad/Inmind/Robotics-Session9-Assignment/Session9_ros2_ws/install/robot_navigation/share/robot_navigation/package.zsh'
[60.769s] Level 1:colcon.colcon_core.environment:create_file_with_runtime_dependencies(/home/mohamad/Inmind/Robotics-Session9-Assignment/Session9_ros2_ws/install/robot_navigation/share/colcon-core/packages/robot_navigation)
[60.946s] Level 1:colcon.colcon_core.environment:create_environment_scripts_only(robot_navigation)
[60.947s] Level 1:colcon.colcon_core.environment:checking '/home/mohamad/Inmind/Robotics-Session9-Assignment/Session9_ros2_ws/install/robot_navigation' for CMake module files
[60.948s] Level 1:colcon.colcon_core.environment:checking '/home/mohamad/Inmind/Robotics-Session9-Assignment/Session9_ros2_ws/install/robot_navigation' for CMake config files
[60.948s] Level 1:colcon.colcon_core.shell:create_environment_hook('robot_navigation', 'cmake_prefix_path')
[60.949s] INFO:colcon.colcon_core.shell:Creating environment hook '/home/mohamad/Inmind/Robotics-Session9-Assignment/Session9_ros2_ws/install/robot_navigation/share/robot_navigation/hook/cmake_prefix_path.ps1'
[60.952s] INFO:colcon.colcon_core.shell:Creating environment descriptor '/home/mohamad/Inmind/Robotics-Session9-Assignment/Session9_ros2_ws/install/robot_navigation/share/robot_navigation/hook/cmake_prefix_path.dsv'
[60.953s] INFO:colcon.colcon_core.shell:Creating environment hook '/home/mohamad/Inmind/Robotics-Session9-Assignment/Session9_ros2_ws/install/robot_navigation/share/robot_navigation/hook/cmake_prefix_path.sh'
[60.956s] Level 1:colcon.colcon_core.environment:checking '/home/mohamad/Inmind/Robotics-Session9-Assignment/Session9_ros2_ws/install/robot_navigation/lib'
[60.956s] Level 1:colcon.colcon_core.environment:checking '/home/mohamad/Inmind/Robotics-Session9-Assignment/Session9_ros2_ws/install/robot_navigation/bin'
[60.956s] Level 1:colcon.colcon_core.environment:checking '/home/mohamad/Inmind/Robotics-Session9-Assignment/Session9_ros2_ws/install/robot_navigation/lib/pkgconfig/robot_navigation.pc'
[60.956s] Level 1:colcon.colcon_core.environment:checking '/home/mohamad/Inmind/Robotics-Session9-Assignment/Session9_ros2_ws/install/robot_navigation/lib/python3.10/site-packages'
[60.957s] Level 1:colcon.colcon_core.environment:checking '/home/mohamad/Inmind/Robotics-Session9-Assignment/Session9_ros2_ws/install/robot_navigation/bin'
[60.957s] INFO:colcon.colcon_core.shell:Creating package script '/home/mohamad/Inmind/Robotics-Session9-Assignment/Session9_ros2_ws/install/robot_navigation/share/robot_navigation/package.ps1'
[60.958s] INFO:colcon.colcon_core.shell:Creating package descriptor '/home/mohamad/Inmind/Robotics-Session9-Assignment/Session9_ros2_ws/install/robot_navigation/share/robot_navigation/package.dsv'
[60.958s] INFO:colcon.colcon_core.shell:Creating package script '/home/mohamad/Inmind/Robotics-Session9-Assignment/Session9_ros2_ws/install/robot_navigation/share/robot_navigation/package.sh'
[60.960s] INFO:colcon.colcon_core.shell:Creating package script '/home/mohamad/Inmind/Robotics-Session9-Assignment/Session9_ros2_ws/install/robot_navigation/share/robot_navigation/package.bash'
[60.961s] INFO:colcon.colcon_core.shell:Creating package script '/home/mohamad/Inmind/Robotics-Session9-Assignment/Session9_ros2_ws/install/robot_navigation/share/robot_navigation/package.zsh'
[60.961s] Level 1:colcon.colcon_core.environment:create_file_with_runtime_dependencies(/home/mohamad/Inmind/Robotics-Session9-Assignment/Session9_ros2_ws/install/robot_navigation/share/colcon-core/packages/robot_navigation)
[60.964s] DEBUG:colcon.colcon_parallel_executor.executor.parallel:closing loop
[60.964s] DEBUG:colcon.colcon_parallel_executor.executor.parallel:loop closed
[60.964s] DEBUG:colcon.colcon_parallel_executor.executor.parallel:run_until_complete finished with '0'
[60.964s] DEBUG:colcon.colcon_core.event_reactor:joining thread
[61.364s] INFO:colcon.colcon_core.plugin_system:Skipping extension 'colcon_notification.desktop_notification.terminal_notifier': Not used on non-Darwin systems
[61.364s] INFO:colcon.colcon_core.plugin_system:Skipping extension 'colcon_notification.desktop_notification.win32': Not used on non-Windows systems
[61.364s] INFO:colcon.colcon_notification.desktop_notification:Sending desktop notification using 'notify2'
[63.605s] DEBUG:colcon.colcon_core.event_reactor:joined thread
[63.611s] INFO:colcon.colcon_core.shell:Creating prefix script '/home/mohamad/Inmind/Robotics-Session9-Assignment/Session9_ros2_ws/install/local_setup.ps1'
[63.642s] INFO:colcon.colcon_core.shell:Creating prefix util module '/home/mohamad/Inmind/Robotics-Session9-Assignment/Session9_ros2_ws/install/_local_setup_util_ps1.py'
[63.662s] INFO:colcon.colcon_core.shell:Creating prefix chain script '/home/mohamad/Inmind/Robotics-Session9-Assignment/Session9_ros2_ws/install/setup.ps1'
[63.666s] INFO:colcon.colcon_core.shell:Creating prefix script '/home/mohamad/Inmind/Robotics-Session9-Assignment/Session9_ros2_ws/install/local_setup.sh'
[63.677s] INFO:colcon.colcon_core.shell:Creating prefix util module '/home/mohamad/Inmind/Robotics-Session9-Assignment/Session9_ros2_ws/install/_local_setup_util_sh.py'
[63.679s] INFO:colcon.colcon_core.shell:Creating prefix chain script '/home/mohamad/Inmind/Robotics-Session9-Assignment/Session9_ros2_ws/install/setup.sh'
[63.705s] INFO:colcon.colcon_core.shell:Creating prefix script '/home/mohamad/Inmind/Robotics-Session9-Assignment/Session9_ros2_ws/install/local_setup.bash'
[63.736s] INFO:colcon.colcon_core.shell:Creating prefix chain script '/home/mohamad/Inmind/Robotics-Session9-Assignment/Session9_ros2_ws/install/setup.bash'
[63.739s] INFO:colcon.colcon_core.shell:Creating prefix script '/home/mohamad/Inmind/Robotics-Session9-Assignment/Session9_ros2_ws/install/local_setup.zsh'
[63.800s] INFO:colcon.colcon_core.shell:Creating prefix chain script '/home/mohamad/Inmind/Robotics-Session9-Assignment/Session9_ros2_ws/install/setup.zsh'
