[0.058s] Invoking command in '/home/mohamad/Inmind/Robotics-Session9-Assignment/Session9_ros2_ws/build/custom_interfaces': CMAKE_PREFIX_PATH=${CMAKE_PREFIX_PATH}:/home/mohamad/Inmind/Robotics-Session7-Assignment/Session7_ros2_ws/install/navigation_robot:/home/mohamad/Inmind/Robotics-Session6-Assignment/Session6_ros2_ws/install/session6_assignment:/home/mohamad/Inmind/ros2_ws/install/session5_academy:/home/mohamad/Inmind/Robotics-Session5-Ros2/session5_ros2_ws/install/session5_assignment:/home/mohamad/ros2_ws/install/my_robot_controller:/opt/ros/humble /usr/bin/cmake --build /home/mohamad/Inmind/Robotics-Session9-Assignment/Session9_ros2_ws/build/custom_interfaces -- -j4 -l4
[0.262s] [ 10%] Built target custom_interfaces__rosidl_generator_c
[0.305s] [ 10%] Built target ament_cmake_python_symlink_custom_interfaces
[0.308s] [ 12%] Built target custom_interfaces__cpp
[0.402s] [ 23%] Built target custom_interfaces__rosidl_typesupport_fastrtps_c
[0.428s] [ 33%] Built target custom_interfaces__rosidl_typesupport_introspection_c
[0.498s] [ 43%] Built target custom_interfaces__rosidl_typesupport_c
[0.612s] [ 53%] Built target custom_interfaces__rosidl_typesupport_fastrtps_cpp
[0.655s] [ 64%] Built target custom_interfaces__rosidl_typesupport_cpp
[0.716s] [ 74%] Built target custom_interfaces__rosidl_typesupport_introspection_cpp
[0.836s] [ 74%] Built target custom_interfaces
[0.929s] [ 76%] Built target custom_interfaces__py
[1.095s] [ 84%] Built target custom_interfaces__rosidl_generator_py
[1.245s] [ 89%] Built target custom_interfaces__rosidl_typesupport_c__pyext
[1.288s] running egg_info
[1.289s] [ 94%] Built target custom_interfaces__rosidl_typesupport_introspection_c__pyext
[1.289s] writing custom_interfaces.egg-info/PKG-INFO
[1.289s] writing dependency_links to custom_interfaces.egg-info/dependency_links.txt
[1.289s] writing top-level names to custom_interfaces.egg-info/top_level.txt
[1.300s] reading manifest file 'custom_interfaces.egg-info/SOURCES.txt'
[1.303s] writing manifest file 'custom_interfaces.egg-info/SOURCES.txt'
[1.319s] [100%] Built target custom_interfaces__rosidl_typesupport_fastrtps_c__pyext
[1.397s] [100%] Built target ament_cmake_python_build_custom_interfaces_egg
[1.499s] Invoked command in '/home/mohamad/Inmind/Robotics-Session9-Assignment/Session9_ros2_ws/build/custom_interfaces' returned '0': CMAKE_PREFIX_PATH=${CMAKE_PREFIX_PATH}:/home/mohamad/Inmind/Robotics-Session7-Assignment/Session7_ros2_ws/install/navigation_robot:/home/mohamad/Inmind/Robotics-Session6-Assignment/Session6_ros2_ws/install/session6_assignment:/home/mohamad/Inmind/ros2_ws/install/session5_academy:/home/mohamad/Inmind/Robotics-Session5-Ros2/session5_ros2_ws/install/session5_assignment:/home/mohamad/ros2_ws/install/my_robot_controller:/opt/ros/humble /usr/bin/cmake --build /home/mohamad/Inmind/Robotics-Session9-Assignment/Session9_ros2_ws/build/custom_interfaces -- -j4 -l4
[2.297s] Invoking command in '/home/mohamad/Inmind/Robotics-Session9-Assignment/Session9_ros2_ws/build/custom_interfaces': CMAKE_PREFIX_PATH=${CMAKE_PREFIX_PATH}:/home/mohamad/Inmind/Robotics-Session7-Assignment/Session7_ros2_ws/install/navigation_robot:/home/mohamad/Inmind/Robotics-Session6-Assignment/Session6_ros2_ws/install/session6_assignment:/home/mohamad/Inmind/ros2_ws/install/session5_academy:/home/mohamad/Inmind/Robotics-Session5-Ros2/session5_ros2_ws/install/session5_assignment:/home/mohamad/ros2_ws/install/my_robot_controller:/opt/ros/humble /usr/bin/cmake --install /home/mohamad/Inmind/Robotics-Session9-Assignment/Session9_ros2_ws/build/custom_interfaces
[2.318s] -- Install configuration: ""
[2.321s] -- Execute custom install script
[2.321s] -- Up-to-date symlink: /home/mohamad/Inmind/Robotics-Session9-Assignment/Session9_ros2_ws/install/custom_interfaces/share/ament_index/resource_index/rosidl_interfaces/custom_interfaces
[2.325s] -- Up-to-date symlink: /home/mohamad/Inmind/Robotics-Session9-Assignment/Session9_ros2_ws/install/custom_interfaces/include/custom_interfaces/custom_interfaces/action/detail/measure_lap_time__functions.h
[2.327s] -- Up-to-date symlink: /home/mohamad/Inmind/Robotics-Session9-Assignment/Session9_ros2_ws/install/custom_interfaces/include/custom_interfaces/custom_interfaces/action/detail/measure_lap_time__struct.h
[2.328s] -- Up-to-date symlink: /home/mohamad/Inmind/Robotics-Session9-Assignment/Session9_ros2_ws/install/custom_interfaces/include/custom_interfaces/custom_interfaces/action/detail/measure_lap_time__type_support.h
[2.330s] -- Up-to-date symlink: /home/mohamad/Inmind/Robotics-Session9-Assignment/Session9_ros2_ws/install/custom_interfaces/include/custom_interfaces/custom_interfaces/action/measure_lap_time.h
[2.330s] -- Up-to-date symlink: /home/mohamad/Inmind/Robotics-Session9-Assignment/Session9_ros2_ws/install/custom_interfaces/include/custom_interfaces/custom_interfaces/msg/rosidl_generator_c__visibility_control.h
[2.331s] -- Up-to-date symlink: /home/mohamad/Inmind/Robotics-Session9-Assignment/Session9_ros2_ws/install/custom_interfaces/include/custom_interfaces/custom_interfaces/srv/detail/find_closest_wall__functions.h
[2.332s] -- Up-to-date symlink: /home/mohamad/Inmind/Robotics-Session9-Assignment/Session9_ros2_ws/install/custom_interfaces/include/custom_interfaces/custom_interfaces/srv/detail/find_closest_wall__struct.h
[2.333s] -- Up-to-date symlink: /home/mohamad/Inmind/Robotics-Session9-Assignment/Session9_ros2_ws/install/custom_interfaces/include/custom_interfaces/custom_interfaces/srv/detail/find_closest_wall__type_support.h
[2.333s] -- Up-to-date symlink: /home/mohamad/Inmind/Robotics-Session9-Assignment/Session9_ros2_ws/install/custom_interfaces/include/custom_interfaces/custom_interfaces/srv/find_closest_wall.h
[2.334s] -- Up-to-date symlink: /home/mohamad/Inmind/Robotics-Session9-Assignment/Session9_ros2_ws/install/custom_interfaces/share/custom_interfaces/environment/library_path.sh
[2.335s] -- Up-to-date symlink: /home/mohamad/Inmind/Robotics-Session9-Assignment/Session9_ros2_ws/install/custom_interfaces/share/custom_interfaces/environment/library_path.dsv
[2.338s] -- Up-to-date symlink: /home/mohamad/Inmind/Robotics-Session9-Assignment/Session9_ros2_ws/install/custom_interfaces/include/custom_interfaces/custom_interfaces/action/detail/measure_lap_time__rosidl_typesupport_fastrtps_c.h
[2.340s] -- Up-to-date symlink: /home/mohamad/Inmind/Robotics-Session9-Assignment/Session9_ros2_ws/install/custom_interfaces/include/custom_interfaces/custom_interfaces/msg/rosidl_typesupport_fastrtps_c__visibility_control.h
[2.340s] -- Up-to-date symlink: /home/mohamad/Inmind/Robotics-Session9-Assignment/Session9_ros2_ws/install/custom_interfaces/include/custom_interfaces/custom_interfaces/srv/detail/find_closest_wall__rosidl_typesupport_fastrtps_c.h
[2.340s] -- Up-to-date symlink: /home/mohamad/Inmind/Robotics-Session9-Assignment/Session9_ros2_ws/install/custom_interfaces/include/custom_interfaces/custom_interfaces/action/detail/measure_lap_time__rosidl_typesupport_introspection_c.h
[2.342s] -- Up-to-date symlink: /home/mohamad/Inmind/Robotics-Session9-Assignment/Session9_ros2_ws/install/custom_interfaces/include/custom_interfaces/custom_interfaces/msg/rosidl_typesupport_introspection_c__visibility_control.h
[2.343s] -- Up-to-date symlink: /home/mohamad/Inmind/Robotics-Session9-Assignment/Session9_ros2_ws/install/custom_interfaces/include/custom_interfaces/custom_interfaces/srv/detail/find_closest_wall__rosidl_typesupport_introspection_c.h
[2.346s] -- Up-to-date symlink: /home/mohamad/Inmind/Robotics-Session9-Assignment/Session9_ros2_ws/install/custom_interfaces/include/custom_interfaces/custom_interfaces/action/detail/measure_lap_time__builder.hpp
[2.346s] -- Up-to-date symlink: /home/mohamad/Inmind/Robotics-Session9-Assignment/Session9_ros2_ws/install/custom_interfaces/include/custom_interfaces/custom_interfaces/action/detail/measure_lap_time__struct.hpp
[2.348s] -- Up-to-date symlink: /home/mohamad/Inmind/Robotics-Session9-Assignment/Session9_ros2_ws/install/custom_interfaces/include/custom_interfaces/custom_interfaces/action/detail/measure_lap_time__traits.hpp
[2.348s] -- Up-to-date symlink: /home/mohamad/Inmind/Robotics-Session9-Assignment/Session9_ros2_ws/install/custom_interfaces/include/custom_interfaces/custom_interfaces/action/measure_lap_time.hpp
[2.349s] -- Up-to-date symlink: /home/mohamad/Inmind/Robotics-Session9-Assignment/Session9_ros2_ws/install/custom_interfaces/include/custom_interfaces/custom_interfaces/srv/detail/find_closest_wall__builder.hpp
[2.351s] -- Up-to-date symlink: /home/mohamad/Inmind/Robotics-Session9-Assignment/Session9_ros2_ws/install/custom_interfaces/include/custom_interfaces/custom_interfaces/srv/detail/find_closest_wall__struct.hpp
[2.354s] -- Up-to-date symlink: /home/mohamad/Inmind/Robotics-Session9-Assignment/Session9_ros2_ws/install/custom_interfaces/include/custom_interfaces/custom_interfaces/srv/detail/find_closest_wall__traits.hpp
[2.358s] -- Up-to-date symlink: /home/mohamad/Inmind/Robotics-Session9-Assignment/Session9_ros2_ws/install/custom_interfaces/include/custom_interfaces/custom_interfaces/srv/find_closest_wall.hpp
[2.359s] -- Up-to-date symlink: /home/mohamad/Inmind/Robotics-Session9-Assignment/Session9_ros2_ws/install/custom_interfaces/include/custom_interfaces/custom_interfaces/action/detail/measure_lap_time__rosidl_typesupport_fastrtps_cpp.hpp
[2.360s] -- Up-to-date symlink: /home/mohamad/Inmind/Robotics-Session9-Assignment/Session9_ros2_ws/install/custom_interfaces/include/custom_interfaces/custom_interfaces/msg/rosidl_typesupport_fastrtps_cpp__visibility_control.h
[2.360s] -- Up-to-date symlink: /home/mohamad/Inmind/Robotics-Session9-Assignment/Session9_ros2_ws/install/custom_interfaces/include/custom_interfaces/custom_interfaces/srv/detail/find_closest_wall__rosidl_typesupport_fastrtps_cpp.hpp
[2.361s] -- Up-to-date symlink: /home/mohamad/Inmind/Robotics-Session9-Assignment/Session9_ros2_ws/install/custom_interfaces/include/custom_interfaces/custom_interfaces/action/detail/measure_lap_time__rosidl_typesupport_introspection_cpp.hpp
[2.362s] -- Up-to-date symlink: /home/mohamad/Inmind/Robotics-Session9-Assignment/Session9_ros2_ws/install/custom_interfaces/include/custom_interfaces/custom_interfaces/srv/detail/find_closest_wall__rosidl_typesupport_introspection_cpp.hpp
[2.362s] -- Up-to-date symlink: /home/mohamad/Inmind/Robotics-Session9-Assignment/Session9_ros2_ws/install/custom_interfaces/share/custom_interfaces/environment/pythonpath.sh
[2.363s] -- Up-to-date symlink: /home/mohamad/Inmind/Robotics-Session9-Assignment/Session9_ros2_ws/install/custom_interfaces/share/custom_interfaces/environment/pythonpath.dsv
[2.363s] -- Up-to-date symlink: /home/mohamad/Inmind/Robotics-Session9-Assignment/Session9_ros2_ws/install/custom_interfaces/local/lib/python3.10/dist-packages/custom_interfaces-0.0.0-py3.10.egg-info/PKG-INFO
[2.368s] -- Up-to-date symlink: /home/mohamad/Inmind/Robotics-Session9-Assignment/Session9_ros2_ws/install/custom_interfaces/local/lib/python3.10/dist-packages/custom_interfaces-0.0.0-py3.10.egg-info/SOURCES.txt
[2.422s] -- Up-to-date symlink: /home/mohamad/Inmind/Robotics-Session9-Assignment/Session9_ros2_ws/install/custom_interfaces/local/lib/python3.10/dist-packages/custom_interfaces-0.0.0-py3.10.egg-info/dependency_links.txt
[2.422s] -- Up-to-date symlink: /home/mohamad/Inmind/Robotics-Session9-Assignment/Session9_ros2_ws/install/custom_interfaces/local/lib/python3.10/dist-packages/custom_interfaces-0.0.0-py3.10.egg-info/top_level.txt
[2.425s] -- Up-to-date symlink: /home/mohamad/Inmind/Robotics-Session9-Assignment/Session9_ros2_ws/install/custom_interfaces/local/lib/python3.10/dist-packages/custom_interfaces/__init__.py
[2.428s] -- Up-to-date symlink: /home/mohamad/Inmind/Robotics-Session9-Assignment/Session9_ros2_ws/install/custom_interfaces/local/lib/python3.10/dist-packages/custom_interfaces/_custom_interfaces_s.ep.rosidl_typesupport_c.c
[2.429s] -- Up-to-date symlink: /home/mohamad/Inmind/Robotics-Session9-Assignment/Session9_ros2_ws/install/custom_interfaces/local/lib/python3.10/dist-packages/custom_interfaces/_custom_interfaces_s.ep.rosidl_typesupport_fastrtps_c.c
[2.429s] -- Up-to-date symlink: /home/mohamad/Inmind/Robotics-Session9-Assignment/Session9_ros2_ws/install/custom_interfaces/local/lib/python3.10/dist-packages/custom_interfaces/_custom_interfaces_s.ep.rosidl_typesupport_introspection_c.c
[2.430s] -- Up-to-date symlink: /home/mohamad/Inmind/Robotics-Session9-Assignment/Session9_ros2_ws/install/custom_interfaces/local/lib/python3.10/dist-packages/custom_interfaces/action/__init__.py
[2.430s] -- Up-to-date symlink: /home/mohamad/Inmind/Robotics-Session9-Assignment/Session9_ros2_ws/install/custom_interfaces/local/lib/python3.10/dist-packages/custom_interfaces/action/_measure_lap_time.py
[2.434s] -- Up-to-date symlink: /home/mohamad/Inmind/Robotics-Session9-Assignment/Session9_ros2_ws/install/custom_interfaces/local/lib/python3.10/dist-packages/custom_interfaces/action/_measure_lap_time_s.c
[2.435s] -- Up-to-date symlink: /home/mohamad/Inmind/Robotics-Session9-Assignment/Session9_ros2_ws/install/custom_interfaces/local/lib/python3.10/dist-packages/custom_interfaces/custom_interfaces_s__rosidl_typesupport_c.cpython-310-x86_64-linux-gnu.so
[2.436s] -- Up-to-date symlink: /home/mohamad/Inmind/Robotics-Session9-Assignment/Session9_ros2_ws/install/custom_interfaces/local/lib/python3.10/dist-packages/custom_interfaces/custom_interfaces_s__rosidl_typesupport_fastrtps_c.cpython-310-x86_64-linux-gnu.so
[2.437s] -- Up-to-date symlink: /home/mohamad/Inmind/Robotics-Session9-Assignment/Session9_ros2_ws/install/custom_interfaces/local/lib/python3.10/dist-packages/custom_interfaces/custom_interfaces_s__rosidl_typesupport_introspection_c.cpython-310-x86_64-linux-gnu.so
[2.437s] -- Up-to-date symlink: /home/mohamad/Inmind/Robotics-Session9-Assignment/Session9_ros2_ws/install/custom_interfaces/local/lib/python3.10/dist-packages/custom_interfaces/libcustom_interfaces__rosidl_generator_py.so
[2.438s] -- Up-to-date symlink: /home/mohamad/Inmind/Robotics-Session9-Assignment/Session9_ros2_ws/install/custom_interfaces/local/lib/python3.10/dist-packages/custom_interfaces/srv/__init__.py
[2.439s] -- Up-to-date symlink: /home/mohamad/Inmind/Robotics-Session9-Assignment/Session9_ros2_ws/install/custom_interfaces/local/lib/python3.10/dist-packages/custom_interfaces/srv/_find_closest_wall.py
[2.439s] -- Up-to-date symlink: /home/mohamad/Inmind/Robotics-Session9-Assignment/Session9_ros2_ws/install/custom_interfaces/local/lib/python3.10/dist-packages/custom_interfaces/srv/_find_closest_wall_s.c
[2.440s] -- Up-to-date symlink: /home/mohamad/Inmind/Robotics-Session9-Assignment/Session9_ros2_ws/install/custom_interfaces/local/lib/python3.10/dist-packages/custom_interfaces/custom_interfaces_s__rosidl_typesupport_fastrtps_c.cpython-310-x86_64-linux-gnu.so
[2.441s] -- Up-to-date symlink: /home/mohamad/Inmind/Robotics-Session9-Assignment/Session9_ros2_ws/install/custom_interfaces/local/lib/python3.10/dist-packages/custom_interfaces/custom_interfaces_s__rosidl_typesupport_introspection_c.cpython-310-x86_64-linux-gnu.so
[2.441s] -- Up-to-date symlink: /home/mohamad/Inmind/Robotics-Session9-Assignment/Session9_ros2_ws/install/custom_interfaces/local/lib/python3.10/dist-packages/custom_interfaces/custom_interfaces_s__rosidl_typesupport_c.cpython-310-x86_64-linux-gnu.so
[2.443s] -- Up-to-date symlink: /home/mohamad/Inmind/Robotics-Session9-Assignment/Session9_ros2_ws/install/custom_interfaces/share/custom_interfaces/srv/FindClosestWall.idl
[2.445s] -- Up-to-date symlink: /home/mohamad/Inmind/Robotics-Session9-Assignment/Session9_ros2_ws/install/custom_interfaces/share/custom_interfaces/action/MeasureLapTime.idl
[2.445s] -- Up-to-date symlink: /home/mohamad/Inmind/Robotics-Session9-Assignment/Session9_ros2_ws/install/custom_interfaces/share/custom_interfaces/srv/FindClosestWall.srv
[2.446s] -- Up-to-date symlink: /home/mohamad/Inmind/Robotics-Session9-Assignment/Session9_ros2_ws/install/custom_interfaces/share/custom_interfaces/srv/FindClosestWall_Request.msg
[2.448s] -- Up-to-date symlink: /home/mohamad/Inmind/Robotics-Session9-Assignment/Session9_ros2_ws/install/custom_interfaces/share/custom_interfaces/srv/FindClosestWall_Response.msg
[2.454s] -- Up-to-date symlink: /home/mohamad/Inmind/Robotics-Session9-Assignment/Session9_ros2_ws/install/custom_interfaces/share/custom_interfaces/action/MeasureLapTime.action
[2.456s] -- Up-to-date symlink: /home/mohamad/Inmind/Robotics-Session9-Assignment/Session9_ros2_ws/install/custom_interfaces/share/ament_index/resource_index/package_run_dependencies/custom_interfaces
[2.457s] -- Up-to-date symlink: /home/mohamad/Inmind/Robotics-Session9-Assignment/Session9_ros2_ws/install/custom_interfaces/share/ament_index/resource_index/parent_prefix_path/custom_interfaces
[2.457s] -- Up-to-date symlink: /home/mohamad/Inmind/Robotics-Session9-Assignment/Session9_ros2_ws/install/custom_interfaces/share/custom_interfaces/environment/ament_prefix_path.sh
[2.457s] -- Up-to-date symlink: /home/mohamad/Inmind/Robotics-Session9-Assignment/Session9_ros2_ws/install/custom_interfaces/share/custom_interfaces/environment/ament_prefix_path.dsv
[2.458s] -- Up-to-date symlink: /home/mohamad/Inmind/Robotics-Session9-Assignment/Session9_ros2_ws/install/custom_interfaces/share/custom_interfaces/environment/path.sh
[2.459s] -- Up-to-date symlink: /home/mohamad/Inmind/Robotics-Session9-Assignment/Session9_ros2_ws/install/custom_interfaces/share/custom_interfaces/environment/path.dsv
[2.460s] -- Up-to-date symlink: /home/mohamad/Inmind/Robotics-Session9-Assignment/Session9_ros2_ws/install/custom_interfaces/share/custom_interfaces/local_setup.bash
[2.473s] -- Up-to-date symlink: /home/mohamad/Inmind/Robotics-Session9-Assignment/Session9_ros2_ws/install/custom_interfaces/share/custom_interfaces/local_setup.sh
[2.473s] -- Up-to-date symlink: /home/mohamad/Inmind/Robotics-Session9-Assignment/Session9_ros2_ws/install/custom_interfaces/share/custom_interfaces/local_setup.zsh
[2.473s] -- Up-to-date symlink: /home/mohamad/Inmind/Robotics-Session9-Assignment/Session9_ros2_ws/install/custom_interfaces/share/custom_interfaces/local_setup.dsv
[2.473s] -- Symlinking: /home/mohamad/Inmind/Robotics-Session9-Assignment/Session9_ros2_ws/install/custom_interfaces/share/custom_interfaces/package.dsv
[2.620s] -- Up-to-date symlink: /home/mohamad/Inmind/Robotics-Session9-Assignment/Session9_ros2_ws/install/custom_interfaces/share/ament_index/resource_index/packages/custom_interfaces
[2.620s] -- Up-to-date symlink: /home/mohamad/Inmind/Robotics-Session9-Assignment/Session9_ros2_ws/install/custom_interfaces/share/custom_interfaces/cmake/rosidl_cmake-extras.cmake
[2.621s] -- Up-to-date symlink: /home/mohamad/Inmind/Robotics-Session9-Assignment/Session9_ros2_ws/install/custom_interfaces/share/custom_interfaces/cmake/ament_cmake_export_dependencies-extras.cmake
[2.621s] -- Up-to-date symlink: /home/mohamad/Inmind/Robotics-Session9-Assignment/Session9_ros2_ws/install/custom_interfaces/share/custom_interfaces/cmake/ament_cmake_export_include_directories-extras.cmake
[2.628s] -- Up-to-date symlink: /home/mohamad/Inmind/Robotics-Session9-Assignment/Session9_ros2_ws/install/custom_interfaces/share/custom_interfaces/cmake/ament_cmake_export_libraries-extras.cmake
[2.629s] -- Up-to-date symlink: /home/mohamad/Inmind/Robotics-Session9-Assignment/Session9_ros2_ws/install/custom_interfaces/share/custom_interfaces/cmake/ament_cmake_export_targets-extras.cmake
[2.629s] -- Up-to-date symlink: /home/mohamad/Inmind/Robotics-Session9-Assignment/Session9_ros2_ws/install/custom_interfaces/share/custom_interfaces/cmake/rosidl_cmake_export_typesupport_targets-extras.cmake
[2.629s] -- Up-to-date symlink: /home/mohamad/Inmind/Robotics-Session9-Assignment/Session9_ros2_ws/install/custom_interfaces/share/custom_interfaces/cmake/rosidl_cmake_export_typesupport_libraries-extras.cmake
[2.629s] -- Up-to-date symlink: /home/mohamad/Inmind/Robotics-Session9-Assignment/Session9_ros2_ws/install/custom_interfaces/share/custom_interfaces/cmake/custom_interfacesConfig.cmake
[2.629s] -- Up-to-date symlink: /home/mohamad/Inmind/Robotics-Session9-Assignment/Session9_ros2_ws/install/custom_interfaces/share/custom_interfaces/cmake/custom_interfacesConfig-version.cmake
[2.629s] -- Up-to-date symlink: /home/mohamad/Inmind/Robotics-Session9-Assignment/Session9_ros2_ws/install/custom_interfaces/share/custom_interfaces/package.xml
[2.629s] -- Up-to-date: /home/mohamad/Inmind/Robotics-Session9-Assignment/Session9_ros2_ws/install/custom_interfaces/lib/libcustom_interfaces__rosidl_generator_c.so
[2.630s] -- Up-to-date: /home/mohamad/Inmind/Robotics-Session9-Assignment/Session9_ros2_ws/install/custom_interfaces/lib/libcustom_interfaces__rosidl_typesupport_fastrtps_c.so
[2.630s] -- Up-to-date: /home/mohamad/Inmind/Robotics-Session9-Assignment/Session9_ros2_ws/install/custom_interfaces/lib/libcustom_interfaces__rosidl_typesupport_introspection_c.so
[2.630s] -- Up-to-date: /home/mohamad/Inmind/Robotics-Session9-Assignment/Session9_ros2_ws/install/custom_interfaces/lib/libcustom_interfaces__rosidl_typesupport_c.so
[2.630s] -- Up-to-date: /home/mohamad/Inmind/Robotics-Session9-Assignment/Session9_ros2_ws/install/custom_interfaces/lib/libcustom_interfaces__rosidl_typesupport_fastrtps_cpp.so
[2.630s] -- Up-to-date: /home/mohamad/Inmind/Robotics-Session9-Assignment/Session9_ros2_ws/install/custom_interfaces/lib/libcustom_interfaces__rosidl_typesupport_introspection_cpp.so
[2.630s] -- Up-to-date: /home/mohamad/Inmind/Robotics-Session9-Assignment/Session9_ros2_ws/install/custom_interfaces/lib/libcustom_interfaces__rosidl_typesupport_cpp.so
[2.773s] Listing '/home/mohamad/Inmind/Robotics-Session9-Assignment/Session9_ros2_ws/install/custom_interfaces/local/lib/python3.10/dist-packages/custom_interfaces'...
[2.773s] Listing '/home/mohamad/Inmind/Robotics-Session9-Assignment/Session9_ros2_ws/install/custom_interfaces/local/lib/python3.10/dist-packages/custom_interfaces/action'...
[2.773s] Listing '/home/mohamad/Inmind/Robotics-Session9-Assignment/Session9_ros2_ws/install/custom_interfaces/local/lib/python3.10/dist-packages/custom_interfaces/srv'...
[2.794s] -- Up-to-date: /home/mohamad/Inmind/Robotics-Session9-Assignment/Session9_ros2_ws/install/custom_interfaces/lib/libcustom_interfaces__rosidl_generator_py.so
[2.795s] -- Up-to-date: /home/mohamad/Inmind/Robotics-Session9-Assignment/Session9_ros2_ws/install/custom_interfaces/share/custom_interfaces/cmake/export_custom_interfaces__rosidl_generator_cExport.cmake
[2.795s] -- Up-to-date: /home/mohamad/Inmind/Robotics-Session9-Assignment/Session9_ros2_ws/install/custom_interfaces/share/custom_interfaces/cmake/export_custom_interfaces__rosidl_generator_cExport-noconfig.cmake
[2.796s] -- Up-to-date: /home/mohamad/Inmind/Robotics-Session9-Assignment/Session9_ros2_ws/install/custom_interfaces/share/custom_interfaces/cmake/export_custom_interfaces__rosidl_typesupport_fastrtps_cExport.cmake
[2.796s] -- Up-to-date: /home/mohamad/Inmind/Robotics-Session9-Assignment/Session9_ros2_ws/install/custom_interfaces/share/custom_interfaces/cmake/export_custom_interfaces__rosidl_typesupport_fastrtps_cExport-noconfig.cmake
[2.798s] -- Up-to-date: /home/mohamad/Inmind/Robotics-Session9-Assignment/Session9_ros2_ws/install/custom_interfaces/share/custom_interfaces/cmake/custom_interfaces__rosidl_typesupport_introspection_cExport.cmake
[2.798s] -- Up-to-date: /home/mohamad/Inmind/Robotics-Session9-Assignment/Session9_ros2_ws/install/custom_interfaces/share/custom_interfaces/cmake/custom_interfaces__rosidl_typesupport_introspection_cExport-noconfig.cmake
[2.798s] -- Up-to-date: /home/mohamad/Inmind/Robotics-Session9-Assignment/Session9_ros2_ws/install/custom_interfaces/share/custom_interfaces/cmake/custom_interfaces__rosidl_typesupport_cExport.cmake
[2.799s] -- Up-to-date: /home/mohamad/Inmind/Robotics-Session9-Assignment/Session9_ros2_ws/install/custom_interfaces/share/custom_interfaces/cmake/custom_interfaces__rosidl_typesupport_cExport-noconfig.cmake
[2.799s] -- Up-to-date: /home/mohamad/Inmind/Robotics-Session9-Assignment/Session9_ros2_ws/install/custom_interfaces/share/custom_interfaces/cmake/export_custom_interfaces__rosidl_generator_cppExport.cmake
[2.799s] -- Up-to-date: /home/mohamad/Inmind/Robotics-Session9-Assignment/Session9_ros2_ws/install/custom_interfaces/share/custom_interfaces/cmake/export_custom_interfaces__rosidl_typesupport_fastrtps_cppExport.cmake
[2.799s] -- Up-to-date: /home/mohamad/Inmind/Robotics-Session9-Assignment/Session9_ros2_ws/install/custom_interfaces/share/custom_interfaces/cmake/export_custom_interfaces__rosidl_typesupport_fastrtps_cppExport-noconfig.cmake
[2.799s] -- Up-to-date: /home/mohamad/Inmind/Robotics-Session9-Assignment/Session9_ros2_ws/install/custom_interfaces/share/custom_interfaces/cmake/custom_interfaces__rosidl_typesupport_introspection_cppExport.cmake
[2.799s] -- Up-to-date: /home/mohamad/Inmind/Robotics-Session9-Assignment/Session9_ros2_ws/install/custom_interfaces/share/custom_interfaces/cmake/custom_interfaces__rosidl_typesupport_introspection_cppExport-noconfig.cmake
[2.799s] -- Up-to-date: /home/mohamad/Inmind/Robotics-Session9-Assignment/Session9_ros2_ws/install/custom_interfaces/share/custom_interfaces/cmake/custom_interfaces__rosidl_typesupport_cppExport.cmake
[2.799s] -- Up-to-date: /home/mohamad/Inmind/Robotics-Session9-Assignment/Session9_ros2_ws/install/custom_interfaces/share/custom_interfaces/cmake/custom_interfaces__rosidl_typesupport_cppExport-noconfig.cmake
[2.799s] -- Up-to-date: /home/mohamad/Inmind/Robotics-Session9-Assignment/Session9_ros2_ws/install/custom_interfaces/share/custom_interfaces/cmake/export_custom_interfaces__rosidl_generator_pyExport.cmake
[2.799s] -- Up-to-date: /home/mohamad/Inmind/Robotics-Session9-Assignment/Session9_ros2_ws/install/custom_interfaces/share/custom_interfaces/cmake/export_custom_interfaces__rosidl_generator_pyExport-noconfig.cmake
[2.807s] Invoked command in '/home/mohamad/Inmind/Robotics-Session9-Assignment/Session9_ros2_ws/build/custom_interfaces' returned '0': CMAKE_PREFIX_PATH=${CMAKE_PREFIX_PATH}:/home/mohamad/Inmind/Robotics-Session7-Assignment/Session7_ros2_ws/install/navigation_robot:/home/mohamad/Inmind/Robotics-Session6-Assignment/Session6_ros2_ws/install/session6_assignment:/home/mohamad/Inmind/ros2_ws/install/session5_academy:/home/mohamad/Inmind/Robotics-Session5-Ros2/session5_ros2_ws/install/session5_assignment:/home/mohamad/ros2_ws/install/my_robot_controller:/opt/ros/humble /usr/bin/cmake --install /home/mohamad/Inmind/Robotics-Session9-Assignment/Session9_ros2_ws/build/custom_interfaces
