[01m[K/home/mohamad/Inmind/Robotics-Session9-Assignment/Session9_ros2_ws/src/robot_navigation/src/lap_time_client.cpp:[m[K In lambda function:
[01m[K/home/mohamad/Inmind/Robotics-Session9-Assignment/Session9_ros2_ws/src/robot_navigation/src/lap_time_client.cpp:25:27:[m[K [01;31m[Kerror: [m[K‘[01m[Kusing element_type = class rclcpp_action::ClientGoalHandle<custom_interfaces::action::MeasureLapTime>[m[K’ {aka ‘[01m[Kclass rclcpp_action::ClientGoalHandle<custom_interfaces::action::MeasureLapTime>[m[K’} has no member named ‘[01m[Kasync_result_callback[m[K’; did you mean ‘[01m[Kset_result_callback[m[K’?
   25 |             goal_handle_->[01;31m[Kasync_result_callback[m[K([this](auto result) {
      |                           [01;31m[K^~~~~~~~~~~~~~~~~~~~~[m[K
      |                           [32m[Kset_result_callback[m[K
[01m[K/home/mohamad/Inmind/Robotics-Session9-Assignment/Session9_ros2_ws/src/robot_navigation/src/lap_time_client.cpp:33:27:[m[K [01;31m[Kerror: [m[K‘[01m[Kusing element_type = class rclcpp_action::ClientGoalHandle<custom_interfaces::action::MeasureLapTime>[m[K’ {aka ‘[01m[Kclass rclcpp_action::ClientGoalHandle<custom_interfaces::action::MeasureLapTime>[m[K’} has no member named ‘[01m[Kasync_feedback_callback[m[K’; did you mean ‘[01m[Kset_feedback_callback[m[K’?
   33 |             goal_handle_->[01;31m[Kasync_feedback_callback[m[K([this](auto feedback) {
      |                           [01;31m[K^~~~~~~~~~~~~~~~~~~~~~~[m[K
      |                           [32m[Kset_feedback_callback[m[K
[01m[K/home/mohamad/Inmind/Robotics-Session9-Assignment/Session9_ros2_ws/src/robot_navigation/src/lap_time_client.cpp:[m[K In member function ‘[01m[Kvoid LapTimeActionClient::send_goal()[m[K’:
[01m[K/home/mohamad/Inmind/Robotics-Session9-Assignment/Session9_ros2_ws/src/robot_navigation/src/lap_time_client.cpp:14:53:[m[K [01;31m[Kerror: [m[Kno matching function for call to ‘[01m[Krclcpp_action::Client<custom_interfaces::action::MeasureLapTime>::async_send_goal(custom_interfaces::action::MeasureLapTime_Goal_<std::allocator<void> >&, LapTimeActionClient::send_goal()::<lambda(auto:40)>, LapTimeActionClient::send_goal()::<lambda(auto:43)>, LapTimeActionClient::send_goal()::<lambda(auto:44)>)[m[K’
   14 |     auto send_goal_future = [01;31m[Kclient_->async_send_goal([m[K
      |                             [01;31m[K~~~~~~~~~~~~~~~~~~~~~~~~^[m[K
   15 | [01;31m[K        goal_msg,[m[K
      |         [01;31m[K~~~~~~~~~[m[K                                    
   16 | [01;31m[K        [this](auto goal_handle) {[m[K
      |         [01;31m[K~~~~~~~~~~~~~~~~~~~~~~~~~~[m[K                   
   17 | [01;31m[K            if (!goal_handle) {[m[K
      |             [01;31m[K~~~~~~~~~~~~~~~~~~~[m[K                      
   18 | [01;31m[K                RCLCPP_ERROR(this->get_logger(), "Goal was rejected");[m[K
      |                 [01;31m[K~~~~~~~~~~~~~~~~~~~~~~~~~~~~~~~~~~~~~~~~~~~~~~~~~~~~~~[m[K
   19 | [01;31m[K                return;[m[K
      |                 [01;31m[K~~~~~~~[m[K                              
   20 | [01;31m[K            }[m[K
      |             [01;31m[K~[m[K                                        
   21 | [01;31m[K            RCLCPP_INFO(this->get_logger(), "Goal accepted");[m[K
      |             [01;31m[K~~~~~~~~~~~~~~~~~~~~~~~~~~~~~~~~~~~~~~~~~~~~~~~~~[m[K
   22 | [01;31m[K            goal_handle_ = goal_handle;[m[K
      |             [01;31m[K~~~~~~~~~~~~~~~~~~~~~~~~~~~[m[K              
   23 | 
      |                                                      
   24 | [01;31m[K            // Set up result and feedback callbacks[m[K
      |             [01;31m[K~~~~~~~~~~~~~~~~~~~~~~~~~~~~~~~~~~~~~~~[m[K  
   25 | [01;31m[K            goal_handle_->async_result_callback([this](auto result) {[m[K
      |             [01;31m[K~~~~~~~~~~~~~~~~~~~~~~~~~~~~~~~~~~~~~~~~~~~~~~~~~~~~~~~~~[m[K
   26 | [01;31m[K                if (result->get_status() == rclcpp_action::GoalStatus::STATUS_SUCCEEDED) {[m[K
      |                 [01;31m[K~~~~~~~~~~~~~~~~~~~~~~~~~~~~~~~~~~~~~~~~~~~~~~~~~~~~~~~~~~~~~~~~~~~~~~~~~~[m[K
   27 | [01;31m[K                    RCLCPP_INFO(this->get_logger(), "Goal succeeded");[m[K
      |                     [01;31m[K~~~~~~~~~~~~~~~~~~~~~~~~~~~~~~~~~~~~~~~~~~~~~~~~~~[m[K
   28 | [01;31m[K                } else {[m[K
      |                 [01;31m[K~~~~~~~~[m[K                             
   29 | [01;31m[K                    RCLCPP_ERROR(this->get_logger(), "Goal failed");[m[K
      |                     [01;31m[K~~~~~~~~~~~~~~~~~~~~~~~~~~~~~~~~~~~~~~~~~~~~~~~~[m[K
   30 | [01;31m[K                }[m[K
      |                 [01;31m[K~[m[K                                    
   31 | [01;31m[K            });[m[K
      |             [01;31m[K~~~[m[K                                      
   32 | 
      |                                                      
   33 | [01;31m[K            goal_handle_->async_feedback_callback([this](auto feedback) {[m[K
      |             [01;31m[K~~~~~~~~~~~~~~~~~~~~~~~~~~~~~~~~~~~~~~~~~~~~~~~~~~~~~~~~~~~~~[m[K
   34 | [01;31m[K                this->feedback_callback(feedback);[m[K
      |                 [01;31m[K~~~~~~~~~~~~~~~~~~~~~~~~~~~~~~~~~~[m[K   
   35 | [01;31m[K            });[m[K
      |             [01;31m[K~~~[m[K                                      
   36 | [01;31m[K        },[m[K
      |         [01;31m[K~~[m[K                                           
   37 | [01;31m[K        [this](auto feedback) {[m[K
      |         [01;31m[K~~~~~~~~~~~~~~~~~~~~~~~[m[K                      
   38 | [01;31m[K            this->feedback_callback(feedback);[m[K
      |             [01;31m[K~~~~~~~~~~~~~~~~~~~~~~~~~~~~~~~~~~[m[K       
   39 | [01;31m[K        },[m[K
      |         [01;31m[K~~[m[K                                           
   40 | [01;31m[K        [this](auto result) {[m[K
      |         [01;31m[K~~~~~~~~~~~~~~~~~~~~~[m[K                        
   41 | [01;31m[K            if (result->get_status() == rclcpp_action::GoalStatus::STATUS_SUCCEEDED) {[m[K
      |             [01;31m[K~~~~~~~~~~~~~~~~~~~~~~~~~~~~~~~~~~~~~~~~~~~~~~~~~~~~~~~~~~~~~~~~~~~~~~~~~~[m[K
   42 | [01;31m[K                RCLCPP_INFO(this->get_logger(), "Goal succeeded");[m[K
      |                 [01;31m[K~~~~~~~~~~~~~~~~~~~~~~~~~~~~~~~~~~~~~~~~~~~~~~~~~~[m[K
   43 | [01;31m[K            } else {[m[K
      |             [01;31m[K~~~~~~~~[m[K                                 
   44 | [01;31m[K                RCLCPP_ERROR(this->get_logger(), "Goal failed");[m[K
      |                 [01;31m[K~~~~~~~~~~~~~~~~~~~~~~~~~~~~~~~~~~~~~~~~~~~~~~~~[m[K
   45 | [01;31m[K            }[m[K
      |             [01;31m[K~[m[K                                        
   46 | [01;31m[K        })[m[K;
      |         [01;31m[K~~[m[K                                           
In file included from [01m[K/opt/ros/humble/include/rclcpp_action/rclcpp_action/rclcpp_action.hpp:36[m[K,
                 from [01m[K/home/mohamad/Inmind/Robotics-Session9-Assignment/Session9_ros2_ws/src/robot_navigation/src/lap_time_client.h:5[m[K,
                 from [01m[K/home/mohamad/Inmind/Robotics-Session9-Assignment/Session9_ros2_ws/src/robot_navigation/src/lap_time_client.cpp:1[m[K:
[01m[K/opt/ros/humble/include/rclcpp_action/rclcpp_action/client.hpp:422:3:[m[K [01;36m[Knote: [m[Kcandidate: ‘[01m[Kstd::shared_future<typename rclcpp_action::ClientGoalHandle<ActionT>::SharedPtr> rclcpp_action::Client<ActionT>::async_send_goal(const Goal&, const rclcpp_action::Client<ActionT>::SendGoalOptions&) [with ActionT = custom_interfaces::action::MeasureLapTime; typename rclcpp_action::ClientGoalHandle<ActionT>::SharedPtr = std::shared_ptr<rclcpp_action::ClientGoalHandle<custom_interfaces::action::MeasureLapTime> >; rclcpp_action::Client<ActionT>::Goal = custom_interfaces::action::MeasureLapTime_Goal_<std::allocator<void> >][m[K’
  422 |   [01;36m[Kasync_send_goal[m[K(const Goal & goal, const SendGoalOptions & options = SendGoalOptions())
      |   [01;36m[K^~~~~~~~~~~~~~~[m[K
[01m[K/opt/ros/humble/include/rclcpp_action/rclcpp_action/client.hpp:422:3:[m[K [01;36m[Knote: [m[K  candidate expects 2 arguments, 4 provided
[01m[K/home/mohamad/Inmind/Robotics-Session9-Assignment/Session9_ros2_ws/src/robot_navigation/src/lap_time_client.cpp:[m[K In member function ‘[01m[Kvoid LapTimeActionClient::feedback_callback(std::shared_ptr<custom_interfaces::action::MeasureLapTime_Feedback_<std::allocator<void> > >)[m[K’:
[01m[K/home/mohamad/Inmind/Robotics-Session9-Assignment/Session9_ros2_ws/src/robot_navigation/src/lap_time_client.cpp:49:93:[m[K [01;35m[Kwarning: [m[Kunused parameter ‘[01m[Kfeedback[m[K’ [[01;35m[K]8;;https://gcc.gnu.org/onlinedocs/gcc/Warning-Options.html#index-Wunused-parameter-Wunused-parameter]8;;[m[K]
   49 | void LapTimeActionClient::feedback_callback([01;35m[Kconst std::shared_ptr<MeasureLapTime::Feedback> feedback[m[K)
      |                                             [01;35m[K~~~~~~~~~~~~~~~~~~~~~~~~~~~~~~~~~~~~~~~~~~~~~~~~^~~~~~~~[m[K
gmake[2]: *** [CMakeFiles/lap_time_client.dir/build.make:76: CMakeFiles/lap_time_client.dir/src/lap_time_client.cpp.o] Error 1
gmake[1]: *** [CMakeFiles/Makefile2:221: CMakeFiles/lap_time_client.dir/all] Error 2
gmake: *** [Makefile:146: all] Error 2
