[0.402s] Invoking command in '/home/mohamad/Inmind/Robotics-Session9-Assignment/Session9_ros2_ws/build/custom_interfaces': CMAKE_PREFIX_PATH=${CMAKE_PREFIX_PATH}:/home/mohamad/Inmind/Robotics-Session7-Assignment/Session7_ros2_ws/install/navigation_robot:/home/mohamad/Inmind/Robotics-Session6-Assignment/Session6_ros2_ws/install/session6_assignment:/home/mohamad/Inmind/ros2_ws/install/session5_academy:/home/mohamad/Inmind/Robotics-Session5-Ros2/session5_ros2_ws/install/session5_assignment:/home/mohamad/ros2_ws/install/my_robot_controller:/opt/ros/humble /usr/bin/cmake --build /home/mohamad/Inmind/Robotics-Session9-Assignment/Session9_ros2_ws/build/custom_interfaces -- -j4 -l4
[2.463s] [  2%] Built target custom_interfaces__cpp
[2.658s] [  2%] Built target ament_cmake_python_symlink_custom_interfaces
[2.906s] [ 12%] Built target custom_interfaces__rosidl_typesupport_fastrtps_cpp
[3.140s] [ 23%] Built target custom_interfaces__rosidl_typesupport_introspection_cpp
[3.920s] running egg_info
[3.920s] writing custom_interfaces.egg-info/PKG-INFO
[3.924s] writing dependency_links to custom_interfaces.egg-info/dependency_links.txt
[3.958s] writing top-level names to custom_interfaces.egg-info/top_level.txt
[3.968s] reading manifest file 'custom_interfaces.egg-info/SOURCES.txt'
[3.971s] writing manifest file 'custom_interfaces.egg-info/SOURCES.txt'
[4.076s] [ 23%] Built target ament_cmake_python_build_custom_interfaces_egg
[4.249s] [ 33%] Built target custom_interfaces__rosidl_typesupport_cpp
[4.462s] [ 43%] Built target custom_interfaces__rosidl_generator_c
[4.656s] [ 53%] Built target custom_interfaces__rosidl_typesupport_fastrtps_c
[4.769s] [ 64%] Built target custom_interfaces__rosidl_typesupport_c
[4.854s] [ 74%] Built target custom_interfaces__rosidl_typesupport_introspection_c
[5.008s] [ 74%] Built target custom_interfaces
[5.182s] [ 76%] Built target custom_interfaces__py
[5.407s] [ 84%] Built target custom_interfaces__rosidl_generator_py
[5.626s] [ 89%] Built target custom_interfaces__rosidl_typesupport_fastrtps_c__pyext
[5.773s] [ 94%] Built target custom_interfaces__rosidl_typesupport_c__pyext
[5.908s] [100%] Built target custom_interfaces__rosidl_typesupport_introspection_c__pyext
[5.941s] Invoked command in '/home/mohamad/Inmind/Robotics-Session9-Assignment/Session9_ros2_ws/build/custom_interfaces' returned '0': CMAKE_PREFIX_PATH=${CMAKE_PREFIX_PATH}:/home/mohamad/Inmind/Robotics-Session7-Assignment/Session7_ros2_ws/install/navigation_robot:/home/mohamad/Inmind/Robotics-Session6-Assignment/Session6_ros2_ws/install/session6_assignment:/home/mohamad/Inmind/ros2_ws/install/session5_academy:/home/mohamad/Inmind/Robotics-Session5-Ros2/session5_ros2_ws/install/session5_assignment:/home/mohamad/ros2_ws/install/my_robot_controller:/opt/ros/humble /usr/bin/cmake --build /home/mohamad/Inmind/Robotics-Session9-Assignment/Session9_ros2_ws/build/custom_interfaces -- -j4 -l4
[6.986s] Invoking command in '/home/mohamad/Inmind/Robotics-Session9-Assignment/Session9_ros2_ws/build/custom_interfaces': CMAKE_PREFIX_PATH=${CMAKE_PREFIX_PATH}:/home/mohamad/Inmind/Robotics-Session7-Assignment/Session7_ros2_ws/install/navigation_robot:/home/mohamad/Inmind/Robotics-Session6-Assignment/Session6_ros2_ws/install/session6_assignment:/home/mohamad/Inmind/ros2_ws/install/session5_academy:/home/mohamad/Inmind/Robotics-Session5-Ros2/session5_ros2_ws/install/session5_assignment:/home/mohamad/ros2_ws/install/my_robot_controller:/opt/ros/humble /usr/bin/cmake --install /home/mohamad/Inmind/Robotics-Session9-Assignment/Session9_ros2_ws/build/custom_interfaces
[7.097s] -- Install configuration: ""
[7.125s] -- Execute custom install script
[7.131s] -- Up-to-date symlink: /home/mohamad/Inmind/Robotics-Session9-Assignment/Session9_ros2_ws/install/custom_interfaces/share/ament_index/resource_index/rosidl_interfaces/custom_interfaces
[7.148s] -- Up-to-date symlink: /home/mohamad/Inmind/Robotics-Session9-Assignment/Session9_ros2_ws/install/custom_interfaces/include/custom_interfaces/custom_interfaces/action/detail/measure_lap_time__functions.h
[7.149s] -- Up-to-date symlink: /home/mohamad/Inmind/Robotics-Session9-Assignment/Session9_ros2_ws/install/custom_interfaces/include/custom_interfaces/custom_interfaces/action/detail/measure_lap_time__struct.h
[7.151s] -- Up-to-date symlink: /home/mohamad/Inmind/Robotics-Session9-Assignment/Session9_ros2_ws/install/custom_interfaces/include/custom_interfaces/custom_interfaces/action/detail/measure_lap_time__type_support.h
[7.152s] -- Up-to-date symlink: /home/mohamad/Inmind/Robotics-Session9-Assignment/Session9_ros2_ws/install/custom_interfaces/include/custom_interfaces/custom_interfaces/action/measure_lap_time.h
[7.163s] -- Up-to-date symlink: /home/mohamad/Inmind/Robotics-Session9-Assignment/Session9_ros2_ws/install/custom_interfaces/include/custom_interfaces/custom_interfaces/msg/rosidl_generator_c__visibility_control.h
[7.195s] -- Up-to-date symlink: /home/mohamad/Inmind/Robotics-Session9-Assignment/Session9_ros2_ws/install/custom_interfaces/include/custom_interfaces/custom_interfaces/srv/detail/find_closest_wall__functions.h
[7.197s] -- Up-to-date symlink: /home/mohamad/Inmind/Robotics-Session9-Assignment/Session9_ros2_ws/install/custom_interfaces/include/custom_interfaces/custom_interfaces/srv/detail/find_closest_wall__struct.h
[7.199s] -- Up-to-date symlink: /home/mohamad/Inmind/Robotics-Session9-Assignment/Session9_ros2_ws/install/custom_interfaces/include/custom_interfaces/custom_interfaces/srv/detail/find_closest_wall__type_support.h
[7.201s] -- Up-to-date symlink: /home/mohamad/Inmind/Robotics-Session9-Assignment/Session9_ros2_ws/install/custom_interfaces/include/custom_interfaces/custom_interfaces/srv/find_closest_wall.h
[7.241s] -- Up-to-date symlink: /home/mohamad/Inmind/Robotics-Session9-Assignment/Session9_ros2_ws/install/custom_interfaces/share/custom_interfaces/environment/library_path.sh
[7.242s] -- Up-to-date symlink: /home/mohamad/Inmind/Robotics-Session9-Assignment/Session9_ros2_ws/install/custom_interfaces/share/custom_interfaces/environment/library_path.dsv
[7.243s] -- Up-to-date symlink: /home/mohamad/Inmind/Robotics-Session9-Assignment/Session9_ros2_ws/install/custom_interfaces/include/custom_interfaces/custom_interfaces/action/detail/measure_lap_time__rosidl_typesupport_fastrtps_c.h
[7.245s] -- Up-to-date symlink: /home/mohamad/Inmind/Robotics-Session9-Assignment/Session9_ros2_ws/install/custom_interfaces/include/custom_interfaces/custom_interfaces/msg/rosidl_typesupport_fastrtps_c__visibility_control.h
[7.246s] -- Up-to-date symlink: /home/mohamad/Inmind/Robotics-Session9-Assignment/Session9_ros2_ws/install/custom_interfaces/include/custom_interfaces/custom_interfaces/srv/detail/find_closest_wall__rosidl_typesupport_fastrtps_c.h
[7.248s] -- Up-to-date symlink: /home/mohamad/Inmind/Robotics-Session9-Assignment/Session9_ros2_ws/install/custom_interfaces/include/custom_interfaces/custom_interfaces/action/detail/measure_lap_time__rosidl_typesupport_introspection_c.h
[7.254s] -- Up-to-date symlink: /home/mohamad/Inmind/Robotics-Session9-Assignment/Session9_ros2_ws/install/custom_interfaces/include/custom_interfaces/custom_interfaces/msg/rosidl_typesupport_introspection_c__visibility_control.h
[7.256s] -- Up-to-date symlink: /home/mohamad/Inmind/Robotics-Session9-Assignment/Session9_ros2_ws/install/custom_interfaces/include/custom_interfaces/custom_interfaces/srv/detail/find_closest_wall__rosidl_typesupport_introspection_c.h
[7.296s] -- Up-to-date symlink: /home/mohamad/Inmind/Robotics-Session9-Assignment/Session9_ros2_ws/install/custom_interfaces/include/custom_interfaces/custom_interfaces/action/detail/measure_lap_time__builder.hpp
[7.296s] -- Up-to-date symlink: /home/mohamad/Inmind/Robotics-Session9-Assignment/Session9_ros2_ws/install/custom_interfaces/include/custom_interfaces/custom_interfaces/action/detail/measure_lap_time__struct.hpp
[7.296s] -- Up-to-date symlink: /home/mohamad/Inmind/Robotics-Session9-Assignment/Session9_ros2_ws/install/custom_interfaces/include/custom_interfaces/custom_interfaces/action/detail/measure_lap_time__traits.hpp
[7.297s] -- Up-to-date symlink: /home/mohamad/Inmind/Robotics-Session9-Assignment/Session9_ros2_ws/install/custom_interfaces/include/custom_interfaces/custom_interfaces/action/measure_lap_time.hpp
[7.298s] -- Up-to-date symlink: /home/mohamad/Inmind/Robotics-Session9-Assignment/Session9_ros2_ws/install/custom_interfaces/include/custom_interfaces/custom_interfaces/srv/detail/find_closest_wall__builder.hpp
[7.298s] -- Up-to-date symlink: /home/mohamad/Inmind/Robotics-Session9-Assignment/Session9_ros2_ws/install/custom_interfaces/include/custom_interfaces/custom_interfaces/srv/detail/find_closest_wall__struct.hpp
[7.298s] -- Up-to-date symlink: /home/mohamad/Inmind/Robotics-Session9-Assignment/Session9_ros2_ws/install/custom_interfaces/include/custom_interfaces/custom_interfaces/srv/detail/find_closest_wall__traits.hpp
[7.298s] -- Up-to-date symlink: /home/mohamad/Inmind/Robotics-Session9-Assignment/Session9_ros2_ws/install/custom_interfaces/include/custom_interfaces/custom_interfaces/srv/find_closest_wall.hpp
[7.305s] -- Up-to-date symlink: /home/mohamad/Inmind/Robotics-Session9-Assignment/Session9_ros2_ws/install/custom_interfaces/include/custom_interfaces/custom_interfaces/action/detail/measure_lap_time__rosidl_typesupport_fastrtps_cpp.hpp
[7.312s] -- Up-to-date symlink: /home/mohamad/Inmind/Robotics-Session9-Assignment/Session9_ros2_ws/install/custom_interfaces/include/custom_interfaces/custom_interfaces/msg/rosidl_typesupport_fastrtps_cpp__visibility_control.h
[7.313s] -- Up-to-date symlink: /home/mohamad/Inmind/Robotics-Session9-Assignment/Session9_ros2_ws/install/custom_interfaces/include/custom_interfaces/custom_interfaces/srv/detail/find_closest_wall__rosidl_typesupport_fastrtps_cpp.hpp
[7.316s] -- Up-to-date symlink: /home/mohamad/Inmind/Robotics-Session9-Assignment/Session9_ros2_ws/install/custom_interfaces/include/custom_interfaces/custom_interfaces/action/detail/measure_lap_time__rosidl_typesupport_introspection_cpp.hpp
[7.318s] -- Up-to-date symlink: /home/mohamad/Inmind/Robotics-Session9-Assignment/Session9_ros2_ws/install/custom_interfaces/include/custom_interfaces/custom_interfaces/srv/detail/find_closest_wall__rosidl_typesupport_introspection_cpp.hpp
[7.320s] -- Up-to-date symlink: /home/mohamad/Inmind/Robotics-Session9-Assignment/Session9_ros2_ws/install/custom_interfaces/share/custom_interfaces/environment/pythonpath.sh
[7.321s] -- Up-to-date symlink: /home/mohamad/Inmind/Robotics-Session9-Assignment/Session9_ros2_ws/install/custom_interfaces/share/custom_interfaces/environment/pythonpath.dsv
[7.324s] -- Up-to-date symlink: /home/mohamad/Inmind/Robotics-Session9-Assignment/Session9_ros2_ws/install/custom_interfaces/local/lib/python3.10/dist-packages/custom_interfaces-0.0.0-py3.10.egg-info/PKG-INFO
[7.337s] -- Up-to-date symlink: /home/mohamad/Inmind/Robotics-Session9-Assignment/Session9_ros2_ws/install/custom_interfaces/local/lib/python3.10/dist-packages/custom_interfaces-0.0.0-py3.10.egg-info/SOURCES.txt
[7.339s] -- Up-to-date symlink: /home/mohamad/Inmind/Robotics-Session9-Assignment/Session9_ros2_ws/install/custom_interfaces/local/lib/python3.10/dist-packages/custom_interfaces-0.0.0-py3.10.egg-info/dependency_links.txt
[7.339s] -- Up-to-date symlink: /home/mohamad/Inmind/Robotics-Session9-Assignment/Session9_ros2_ws/install/custom_interfaces/local/lib/python3.10/dist-packages/custom_interfaces-0.0.0-py3.10.egg-info/top_level.txt
[7.370s] -- Up-to-date symlink: /home/mohamad/Inmind/Robotics-Session9-Assignment/Session9_ros2_ws/install/custom_interfaces/local/lib/python3.10/dist-packages/custom_interfaces/__init__.py
[7.384s] -- Up-to-date symlink: /home/mohamad/Inmind/Robotics-Session9-Assignment/Session9_ros2_ws/install/custom_interfaces/local/lib/python3.10/dist-packages/custom_interfaces/_custom_interfaces_s.ep.rosidl_typesupport_c.c
[7.396s] -- Up-to-date symlink: /home/mohamad/Inmind/Robotics-Session9-Assignment/Session9_ros2_ws/install/custom_interfaces/local/lib/python3.10/dist-packages/custom_interfaces/_custom_interfaces_s.ep.rosidl_typesupport_fastrtps_c.c
[7.399s] -- Up-to-date symlink: /home/mohamad/Inmind/Robotics-Session9-Assignment/Session9_ros2_ws/install/custom_interfaces/local/lib/python3.10/dist-packages/custom_interfaces/_custom_interfaces_s.ep.rosidl_typesupport_introspection_c.c
[7.410s] -- Up-to-date symlink: /home/mohamad/Inmind/Robotics-Session9-Assignment/Session9_ros2_ws/install/custom_interfaces/local/lib/python3.10/dist-packages/custom_interfaces/action/__init__.py
[7.413s] -- Up-to-date symlink: /home/mohamad/Inmind/Robotics-Session9-Assignment/Session9_ros2_ws/install/custom_interfaces/local/lib/python3.10/dist-packages/custom_interfaces/action/_measure_lap_time.py
[7.415s] -- Up-to-date symlink: /home/mohamad/Inmind/Robotics-Session9-Assignment/Session9_ros2_ws/install/custom_interfaces/local/lib/python3.10/dist-packages/custom_interfaces/action/_measure_lap_time_s.c
[7.416s] -- Up-to-date symlink: /home/mohamad/Inmind/Robotics-Session9-Assignment/Session9_ros2_ws/install/custom_interfaces/local/lib/python3.10/dist-packages/custom_interfaces/custom_interfaces_s__rosidl_typesupport_c.cpython-310-x86_64-linux-gnu.so
[7.419s] -- Up-to-date symlink: /home/mohamad/Inmind/Robotics-Session9-Assignment/Session9_ros2_ws/install/custom_interfaces/local/lib/python3.10/dist-packages/custom_interfaces/custom_interfaces_s__rosidl_typesupport_fastrtps_c.cpython-310-x86_64-linux-gnu.so
[7.420s] -- Up-to-date symlink: /home/mohamad/Inmind/Robotics-Session9-Assignment/Session9_ros2_ws/install/custom_interfaces/local/lib/python3.10/dist-packages/custom_interfaces/custom_interfaces_s__rosidl_typesupport_introspection_c.cpython-310-x86_64-linux-gnu.so
[7.424s] -- Up-to-date symlink: /home/mohamad/Inmind/Robotics-Session9-Assignment/Session9_ros2_ws/install/custom_interfaces/local/lib/python3.10/dist-packages/custom_interfaces/libcustom_interfaces__rosidl_generator_py.so
[7.428s] -- Up-to-date symlink: /home/mohamad/Inmind/Robotics-Session9-Assignment/Session9_ros2_ws/install/custom_interfaces/local/lib/python3.10/dist-packages/custom_interfaces/srv/__init__.py
[7.429s] -- Up-to-date symlink: /home/mohamad/Inmind/Robotics-Session9-Assignment/Session9_ros2_ws/install/custom_interfaces/local/lib/python3.10/dist-packages/custom_interfaces/srv/_find_closest_wall.py
[7.432s] -- Up-to-date symlink: /home/mohamad/Inmind/Robotics-Session9-Assignment/Session9_ros2_ws/install/custom_interfaces/local/lib/python3.10/dist-packages/custom_interfaces/srv/_find_closest_wall_s.c
[7.437s] -- Up-to-date symlink: /home/mohamad/Inmind/Robotics-Session9-Assignment/Session9_ros2_ws/install/custom_interfaces/local/lib/python3.10/dist-packages/custom_interfaces/custom_interfaces_s__rosidl_typesupport_fastrtps_c.cpython-310-x86_64-linux-gnu.so
[7.438s] -- Up-to-date symlink: /home/mohamad/Inmind/Robotics-Session9-Assignment/Session9_ros2_ws/install/custom_interfaces/local/lib/python3.10/dist-packages/custom_interfaces/custom_interfaces_s__rosidl_typesupport_introspection_c.cpython-310-x86_64-linux-gnu.so
[7.440s] -- Up-to-date symlink: /home/mohamad/Inmind/Robotics-Session9-Assignment/Session9_ros2_ws/install/custom_interfaces/local/lib/python3.10/dist-packages/custom_interfaces/custom_interfaces_s__rosidl_typesupport_c.cpython-310-x86_64-linux-gnu.so
[7.476s] -- Up-to-date symlink: /home/mohamad/Inmind/Robotics-Session9-Assignment/Session9_ros2_ws/install/custom_interfaces/share/custom_interfaces/srv/FindClosestWall.idl
[7.501s] -- Up-to-date symlink: /home/mohamad/Inmind/Robotics-Session9-Assignment/Session9_ros2_ws/install/custom_interfaces/share/custom_interfaces/action/MeasureLapTime.idl
[7.507s] -- Up-to-date symlink: /home/mohamad/Inmind/Robotics-Session9-Assignment/Session9_ros2_ws/install/custom_interfaces/share/custom_interfaces/srv/FindClosestWall.srv
[7.512s] -- Up-to-date symlink: /home/mohamad/Inmind/Robotics-Session9-Assignment/Session9_ros2_ws/install/custom_interfaces/share/custom_interfaces/srv/FindClosestWall_Request.msg
[7.514s] -- Up-to-date symlink: /home/mohamad/Inmind/Robotics-Session9-Assignment/Session9_ros2_ws/install/custom_interfaces/share/custom_interfaces/srv/FindClosestWall_Response.msg
[7.519s] -- Up-to-date symlink: /home/mohamad/Inmind/Robotics-Session9-Assignment/Session9_ros2_ws/install/custom_interfaces/share/custom_interfaces/action/MeasureLapTime.action
[7.519s] -- Up-to-date symlink: /home/mohamad/Inmind/Robotics-Session9-Assignment/Session9_ros2_ws/install/custom_interfaces/share/ament_index/resource_index/package_run_dependencies/custom_interfaces
[7.521s] -- Up-to-date symlink: /home/mohamad/Inmind/Robotics-Session9-Assignment/Session9_ros2_ws/install/custom_interfaces/share/ament_index/resource_index/parent_prefix_path/custom_interfaces
[7.525s] -- Up-to-date symlink: /home/mohamad/Inmind/Robotics-Session9-Assignment/Session9_ros2_ws/install/custom_interfaces/share/custom_interfaces/environment/ament_prefix_path.sh
[7.526s] -- Up-to-date symlink: /home/mohamad/Inmind/Robotics-Session9-Assignment/Session9_ros2_ws/install/custom_interfaces/share/custom_interfaces/environment/ament_prefix_path.dsv
[7.528s] -- Up-to-date symlink: /home/mohamad/Inmind/Robotics-Session9-Assignment/Session9_ros2_ws/install/custom_interfaces/share/custom_interfaces/environment/path.sh
[7.530s] -- Up-to-date symlink: /home/mohamad/Inmind/Robotics-Session9-Assignment/Session9_ros2_ws/install/custom_interfaces/share/custom_interfaces/environment/path.dsv
[7.531s] -- Up-to-date symlink: /home/mohamad/Inmind/Robotics-Session9-Assignment/Session9_ros2_ws/install/custom_interfaces/share/custom_interfaces/local_setup.bash
[7.532s] -- Up-to-date symlink: /home/mohamad/Inmind/Robotics-Session9-Assignment/Session9_ros2_ws/install/custom_interfaces/share/custom_interfaces/local_setup.sh
[7.548s] -- Up-to-date symlink: /home/mohamad/Inmind/Robotics-Session9-Assignment/Session9_ros2_ws/install/custom_interfaces/share/custom_interfaces/local_setup.zsh
[7.551s] -- Up-to-date symlink: /home/mohamad/Inmind/Robotics-Session9-Assignment/Session9_ros2_ws/install/custom_interfaces/share/custom_interfaces/local_setup.dsv
[7.553s] -- Symlinking: /home/mohamad/Inmind/Robotics-Session9-Assignment/Session9_ros2_ws/install/custom_interfaces/share/custom_interfaces/package.dsv
[7.607s] -- Up-to-date symlink: /home/mohamad/Inmind/Robotics-Session9-Assignment/Session9_ros2_ws/install/custom_interfaces/share/ament_index/resource_index/packages/custom_interfaces
[7.611s] -- Up-to-date symlink: /home/mohamad/Inmind/Robotics-Session9-Assignment/Session9_ros2_ws/install/custom_interfaces/share/custom_interfaces/cmake/rosidl_cmake-extras.cmake
[7.613s] -- Up-to-date symlink: /home/mohamad/Inmind/Robotics-Session9-Assignment/Session9_ros2_ws/install/custom_interfaces/share/custom_interfaces/cmake/ament_cmake_export_dependencies-extras.cmake
[7.616s] -- Up-to-date symlink: /home/mohamad/Inmind/Robotics-Session9-Assignment/Session9_ros2_ws/install/custom_interfaces/share/custom_interfaces/cmake/ament_cmake_export_include_directories-extras.cmake
[7.621s] -- Up-to-date symlink: /home/mohamad/Inmind/Robotics-Session9-Assignment/Session9_ros2_ws/install/custom_interfaces/share/custom_interfaces/cmake/ament_cmake_export_libraries-extras.cmake
[7.624s] -- Up-to-date symlink: /home/mohamad/Inmind/Robotics-Session9-Assignment/Session9_ros2_ws/install/custom_interfaces/share/custom_interfaces/cmake/ament_cmake_export_targets-extras.cmake
[7.627s] -- Up-to-date symlink: /home/mohamad/Inmind/Robotics-Session9-Assignment/Session9_ros2_ws/install/custom_interfaces/share/custom_interfaces/cmake/rosidl_cmake_export_typesupport_targets-extras.cmake
[7.628s] -- Up-to-date symlink: /home/mohamad/Inmind/Robotics-Session9-Assignment/Session9_ros2_ws/install/custom_interfaces/share/custom_interfaces/cmake/rosidl_cmake_export_typesupport_libraries-extras.cmake
[7.630s] -- Up-to-date symlink: /home/mohamad/Inmind/Robotics-Session9-Assignment/Session9_ros2_ws/install/custom_interfaces/share/custom_interfaces/cmake/custom_interfacesConfig.cmake
[7.632s] -- Up-to-date symlink: /home/mohamad/Inmind/Robotics-Session9-Assignment/Session9_ros2_ws/install/custom_interfaces/share/custom_interfaces/cmake/custom_interfacesConfig-version.cmake
[7.635s] -- Up-to-date symlink: /home/mohamad/Inmind/Robotics-Session9-Assignment/Session9_ros2_ws/install/custom_interfaces/share/custom_interfaces/package.xml
[7.652s] -- Up-to-date: /home/mohamad/Inmind/Robotics-Session9-Assignment/Session9_ros2_ws/install/custom_interfaces/lib/libcustom_interfaces__rosidl_generator_c.so
[7.655s] -- Up-to-date: /home/mohamad/Inmind/Robotics-Session9-Assignment/Session9_ros2_ws/install/custom_interfaces/lib/libcustom_interfaces__rosidl_typesupport_fastrtps_c.so
[7.677s] -- Up-to-date: /home/mohamad/Inmind/Robotics-Session9-Assignment/Session9_ros2_ws/install/custom_interfaces/lib/libcustom_interfaces__rosidl_typesupport_introspection_c.so
[7.704s] -- Up-to-date: /home/mohamad/Inmind/Robotics-Session9-Assignment/Session9_ros2_ws/install/custom_interfaces/lib/libcustom_interfaces__rosidl_typesupport_c.so
[7.723s] -- Up-to-date: /home/mohamad/Inmind/Robotics-Session9-Assignment/Session9_ros2_ws/install/custom_interfaces/lib/libcustom_interfaces__rosidl_typesupport_fastrtps_cpp.so
[7.740s] -- Up-to-date: /home/mohamad/Inmind/Robotics-Session9-Assignment/Session9_ros2_ws/install/custom_interfaces/lib/libcustom_interfaces__rosidl_typesupport_introspection_cpp.so
[7.757s] -- Up-to-date: /home/mohamad/Inmind/Robotics-Session9-Assignment/Session9_ros2_ws/install/custom_interfaces/lib/libcustom_interfaces__rosidl_typesupport_cpp.so
[7.999s] Listing '/home/mohamad/Inmind/Robotics-Session9-Assignment/Session9_ros2_ws/install/custom_interfaces/local/lib/python3.10/dist-packages/custom_interfaces'...
[7.999s] Listing '/home/mohamad/Inmind/Robotics-Session9-Assignment/Session9_ros2_ws/install/custom_interfaces/local/lib/python3.10/dist-packages/custom_interfaces/action'...
[8.000s] Listing '/home/mohamad/Inmind/Robotics-Session9-Assignment/Session9_ros2_ws/install/custom_interfaces/local/lib/python3.10/dist-packages/custom_interfaces/srv'...
[8.029s] -- Up-to-date: /home/mohamad/Inmind/Robotics-Session9-Assignment/Session9_ros2_ws/install/custom_interfaces/lib/libcustom_interfaces__rosidl_generator_py.so
[8.031s] -- Up-to-date: /home/mohamad/Inmind/Robotics-Session9-Assignment/Session9_ros2_ws/install/custom_interfaces/share/custom_interfaces/cmake/export_custom_interfaces__rosidl_generator_cExport.cmake
[8.034s] -- Up-to-date: /home/mohamad/Inmind/Robotics-Session9-Assignment/Session9_ros2_ws/install/custom_interfaces/share/custom_interfaces/cmake/export_custom_interfaces__rosidl_generator_cExport-noconfig.cmake
[8.052s] -- Up-to-date: /home/mohamad/Inmind/Robotics-Session9-Assignment/Session9_ros2_ws/install/custom_interfaces/share/custom_interfaces/cmake/export_custom_interfaces__rosidl_typesupport_fastrtps_cExport.cmake
[8.053s] -- Up-to-date: /home/mohamad/Inmind/Robotics-Session9-Assignment/Session9_ros2_ws/install/custom_interfaces/share/custom_interfaces/cmake/export_custom_interfaces__rosidl_typesupport_fastrtps_cExport-noconfig.cmake
[8.096s] -- Up-to-date: /home/mohamad/Inmind/Robotics-Session9-Assignment/Session9_ros2_ws/install/custom_interfaces/share/custom_interfaces/cmake/custom_interfaces__rosidl_typesupport_introspection_cExport.cmake
[8.096s] -- Up-to-date: /home/mohamad/Inmind/Robotics-Session9-Assignment/Session9_ros2_ws/install/custom_interfaces/share/custom_interfaces/cmake/custom_interfaces__rosidl_typesupport_introspection_cExport-noconfig.cmake
[8.098s] -- Up-to-date: /home/mohamad/Inmind/Robotics-Session9-Assignment/Session9_ros2_ws/install/custom_interfaces/share/custom_interfaces/cmake/custom_interfaces__rosidl_typesupport_cExport.cmake
[8.099s] -- Up-to-date: /home/mohamad/Inmind/Robotics-Session9-Assignment/Session9_ros2_ws/install/custom_interfaces/share/custom_interfaces/cmake/custom_interfaces__rosidl_typesupport_cExport-noconfig.cmake
[8.104s] -- Up-to-date: /home/mohamad/Inmind/Robotics-Session9-Assignment/Session9_ros2_ws/install/custom_interfaces/share/custom_interfaces/cmake/export_custom_interfaces__rosidl_generator_cppExport.cmake
[8.109s] -- Up-to-date: /home/mohamad/Inmind/Robotics-Session9-Assignment/Session9_ros2_ws/install/custom_interfaces/share/custom_interfaces/cmake/export_custom_interfaces__rosidl_typesupport_fastrtps_cppExport.cmake
[8.110s] -- Up-to-date: /home/mohamad/Inmind/Robotics-Session9-Assignment/Session9_ros2_ws/install/custom_interfaces/share/custom_interfaces/cmake/export_custom_interfaces__rosidl_typesupport_fastrtps_cppExport-noconfig.cmake
[8.115s] -- Up-to-date: /home/mohamad/Inmind/Robotics-Session9-Assignment/Session9_ros2_ws/install/custom_interfaces/share/custom_interfaces/cmake/custom_interfaces__rosidl_typesupport_introspection_cppExport.cmake
[8.116s] -- Up-to-date: /home/mohamad/Inmind/Robotics-Session9-Assignment/Session9_ros2_ws/install/custom_interfaces/share/custom_interfaces/cmake/custom_interfaces__rosidl_typesupport_introspection_cppExport-noconfig.cmake
[8.126s] -- Up-to-date: /home/mohamad/Inmind/Robotics-Session9-Assignment/Session9_ros2_ws/install/custom_interfaces/share/custom_interfaces/cmake/custom_interfaces__rosidl_typesupport_cppExport.cmake
[8.126s] -- Up-to-date: /home/mohamad/Inmind/Robotics-Session9-Assignment/Session9_ros2_ws/install/custom_interfaces/share/custom_interfaces/cmake/custom_interfaces__rosidl_typesupport_cppExport-noconfig.cmake
[8.132s] -- Up-to-date: /home/mohamad/Inmind/Robotics-Session9-Assignment/Session9_ros2_ws/install/custom_interfaces/share/custom_interfaces/cmake/export_custom_interfaces__rosidl_generator_pyExport.cmake
[8.134s] -- Up-to-date: /home/mohamad/Inmind/Robotics-Session9-Assignment/Session9_ros2_ws/install/custom_interfaces/share/custom_interfaces/cmake/export_custom_interfaces__rosidl_generator_pyExport-noconfig.cmake
[8.144s] Invoked command in '/home/mohamad/Inmind/Robotics-Session9-Assignment/Session9_ros2_ws/build/custom_interfaces' returned '0': CMAKE_PREFIX_PATH=${CMAKE_PREFIX_PATH}:/home/mohamad/Inmind/Robotics-Session7-Assignment/Session7_ros2_ws/install/navigation_robot:/home/mohamad/Inmind/Robotics-Session6-Assignment/Session6_ros2_ws/install/session6_assignment:/home/mohamad/Inmind/ros2_ws/install/session5_academy:/home/mohamad/Inmind/Robotics-Session5-Ros2/session5_ros2_ws/install/session5_assignment:/home/mohamad/ros2_ws/install/my_robot_controller:/opt/ros/humble /usr/bin/cmake --install /home/mohamad/Inmind/Robotics-Session9-Assignment/Session9_ros2_ws/build/custom_interfaces
