[0.252s] Invoking command in '/home/mohamad/Inmind/Robotics-Session9-Assignment/Session9_ros2_ws/build/robot_navigation': CMAKE_PREFIX_PATH=/home/mohamad/Inmind/Robotics-Session9-Assignment/Session9_ros2_ws/install/custom_interfaces:/home/mohamad/Inmind/Robotics-Session9-Assignment/Session9_ros2_ws/install/robot_navigation:/home/mohamad/Inmind/Robotics-Session7-Assignment/Session7_ros2_ws/install/custom_interfaces:/home/mohamad/Inmind/Robotics-Session6-Assignment/Session6_ros2_ws/install/custom_interfaces:/home/mohamad/Inmind/Robotics-Session7-Assignment/Session7_ros2_ws/install/navigation_robot:/home/mohamad/Inmind/Robotics-Session6-Assignment/Session6_ros2_ws/install/session6_assignment:/home/mohamad/Inmind/ros2_ws/install/session5_academy:/home/mohamad/Inmind/Robotics-Session5-Ros2/session5_ros2_ws/install/session5_assignment:/home/mohamad/ros2_ws/install/my_robot_controller:/opt/ros/humble /usr/bin/cmake --build /home/mohamad/Inmind/Robotics-Session9-Assignment/Session9_ros2_ws/build/robot_navigation -- -j4 -l4
[0.955s] [ 25%] Built target wall_finder_server
[1.052s] [35m[1mConsolidate compiler generated dependencies of target lap_time_client[0m
[1.112s] [ 37%] [32mBuilding CXX object CMakeFiles/lap_time_client.dir/src/lap_time_client.cpp.o[0m
[7.144s] [01m[K/home/mohamad/Inmind/Robotics-Session9-Assignment/Session9_ros2_ws/src/robot_navigation/src/lap_time_client.cpp:[m[K In member function ‘[01m[Kvoid LapTimeActionClient::send_goal()[m[K’:
[7.145s] [01m[K/home/mohamad/Inmind/Robotics-Session9-Assignment/Session9_ros2_ws/src/robot_navigation/src/lap_time_client.cpp:25:9:[m[K [01;31m[Kerror: [m[Kno match for ‘[01m[Koperator=[m[K’ (operand types are ‘[01m[Krclcpp_action::Client<custom_interfaces::action::MeasureLapTime>::FeedbackCallback[m[K’ {aka ‘[01m[Kstd::function<void(std::shared_ptr<rclcpp_action::ClientGoalHandle<custom_interfaces::action::MeasureLapTime> >, std::shared_ptr<const custom_interfaces::action::MeasureLapTime_Feedback_<std::allocator<void> > >)>[m[K’} and ‘[01m[KLapTimeActionClient::send_goal()::<lambda(std::shared_ptr<custom_interfaces::action::MeasureLapTime_Feedback_<std::allocator<void> > >)>[m[K’)
[7.145s]    25 |         [01;31m[K}[m[K;
[7.145s]       |         [01;31m[K^[m[K
[7.145s] In file included from [01m[K/usr/include/c++/11/future:47[m[K,
[7.145s]                  from [01m[K/opt/ros/humble/include/rclcpp/rclcpp/executors.hpp:18[m[K,
[7.145s]                  from [01m[K/opt/ros/humble/include/rclcpp/rclcpp/rclcpp.hpp:155[m[K,
[7.145s]                  from [01m[K/home/mohamad/Inmind/Robotics-Session9-Assignment/Session9_ros2_ws/src/robot_navigation/src/lap_time_client.h:1[m[K,
[7.145s]                  from [01m[K/home/mohamad/Inmind/Robotics-Session9-Assignment/Session9_ros2_ws/src/robot_navigation/src/lap_time_client.cpp:1[m[K:
[7.145s] [01m[K/usr/include/c++/11/bits/std_function.h:530:9:[m[K [01;36m[Knote: [m[Kcandidate: ‘[01m[Ktemplate<class _Functor> std::function<_Res(_ArgTypes ...)>::_Requires<std::function<_Res(_ArgTypes ...)>::_Callable<_Functor>, std::function<_Res(_ArgTypes ...)>&> std::function<_Res(_ArgTypes ...)>::operator=(_Functor&&) [with _Functor = _Functor; _Res = void; _ArgTypes = {std::shared_ptr<rclcpp_action::ClientGoalHandle<custom_interfaces::action::MeasureLapTime> >, std::shared_ptr<const custom_interfaces::action::MeasureLapTime_Feedback_<std::allocator<void> > >}][m[K’
[7.146s]   530 |         [01;36m[Koperator[m[K=(_Functor&& __f)
[7.146s]       |         [01;36m[K^~~~~~~~[m[K
[7.146s] [01m[K/usr/include/c++/11/bits/std_function.h:530:9:[m[K [01;36m[Knote: [m[K  template argument deduction/substitution failed:
[7.146s] In file included from [01m[K/usr/include/c++/11/bits/move.h:57[m[K,
[7.146s]                  from [01m[K/usr/include/c++/11/bits/stl_pair.h:59[m[K,
[7.146s]                  from [01m[K/usr/include/c++/11/bits/stl_algobase.h:64[m[K,
[7.146s]                  from [01m[K/usr/include/c++/11/memory:63[m[K,
[7.146s]                  from [01m[K/opt/ros/humble/include/rclcpp/rclcpp/rclcpp.hpp:153[m[K,
[7.146s]                  from [01m[K/home/mohamad/Inmind/Robotics-Session9-Assignment/Session9_ros2_ws/src/robot_navigation/src/lap_time_client.h:1[m[K,
[7.146s]                  from [01m[K/home/mohamad/Inmind/Robotics-Session9-Assignment/Session9_ros2_ws/src/robot_navigation/src/lap_time_client.cpp:1[m[K:
[7.146s] /usr/include/c++/11/type_traits: In substitution of ‘[01m[Ktemplate<bool _Cond, class _Tp> using __enable_if_t = typename std::enable_if::type [with bool _Cond = false; _Tp = std::function<void(std::shared_ptr<rclcpp_action::ClientGoalHandle<custom_interfaces::action::MeasureLapTime> >, std::shared_ptr<const custom_interfaces::action::MeasureLapTime_Feedback_<std::allocator<void> > >)>&][m[K’:
[7.146s] [01m[K/usr/include/c++/11/bits/std_function.h:353:8:[m[K   required by substitution of ‘[01m[Ktemplate<class _Res, class ... _ArgTypes> template<class _Cond, class _Tp> using _Requires = std::__enable_if_t<_Cond::value, _Tp> [with _Cond = std::function<void(std::shared_ptr<rclcpp_action::ClientGoalHandle<custom_interfaces::action::MeasureLapTime> >, std::shared_ptr<const custom_interfaces::action::MeasureLapTime_Feedback_<std::allocator<void> > >)>::_Callable<LapTimeActionClient::send_goal()::<lambda(std::shared_ptr<custom_interfaces::action::MeasureLapTime_Feedback_<std::allocator<void> > >)>, LapTimeActionClient::send_goal()::<lambda(std::shared_ptr<custom_interfaces::action::MeasureLapTime_Feedback_<std::allocator<void> > >)>, std::__invoke_result<LapTimeActionClient::send_goal()::<lambda(std::shared_ptr<custom_interfaces::action::MeasureLapTime_Feedback_<std::allocator<void> > >)>&, std::shared_ptr<rclcpp_action::ClientGoalHandle<custom_interfaces::action::MeasureLapTime> >, std::shared_ptr<const custom_interfaces::action::MeasureLapTime_Feedback_<std::allocator<void> > > > >; _Tp = std::function<void(std::shared_ptr<rclcpp_action::ClientGoalHandle<custom_interfaces::action::MeasureLapTime> >, std::shared_ptr<const custom_interfaces::action::MeasureLapTime_Feedback_<std::allocator<void> > >)>&; _Res = void; _ArgTypes = {std::shared_ptr<rclcpp_action::ClientGoalHandle<custom_interfaces::action::MeasureLapTime> >, std::shared_ptr<const custom_interfaces::action::MeasureLapTime_Feedback_<std::allocator<void> > >}][m[K’
[7.147s] [01m[K/usr/include/c++/11/bits/std_function.h:530:2:[m[K   required by substitution of ‘[01m[Ktemplate<class _Functor> std::function<void(std::shared_ptr<rclcpp_action::ClientGoalHandle<custom_interfaces::action::MeasureLapTime> >, std::shared_ptr<const custom_interfaces::action::MeasureLapTime_Feedback_<std::allocator<void> > >)>::_Requires<std::function<void(std::shared_ptr<rclcpp_action::ClientGoalHandle<custom_interfaces::action::MeasureLapTime> >, std::shared_ptr<const custom_interfaces::action::MeasureLapTime_Feedback_<std::allocator<void> > >)>::_Callable<_Functor, typename std::enable_if<(! std::is_same<typename std::remove_cv<typename std::remove_reference<_Tp>::type>::type, std::function<void(std::shared_ptr<rclcpp_action::ClientGoalHandle<custom_interfaces::action::MeasureLapTime> >, std::shared_ptr<const custom_interfaces::action::MeasureLapTime_Feedback_<std::allocator<void> > >)> >::value), std::decay<_Tp> >::type::type, std::__invoke_result<typename std::enable_if<(! std::is_same<typename std::remove_cv<typename std::remove_reference<_Tp>::type>::type, std::function<void(std::shared_ptr<rclcpp_action::ClientGoalHandle<custom_interfaces::action::MeasureLapTime> >, std::shared_ptr<const custom_interfaces::action::MeasureLapTime_Feedback_<std::allocator<void> > >)> >::value), std::decay<_Tp> >::type::type&, std::shared_ptr<rclcpp_action::ClientGoalHandle<custom_interfaces::action::MeasureLapTime> >, std::shared_ptr<const custom_interfaces::action::MeasureLapTime_Feedback_<std::allocator<void> > > > >, std::function<void(std::shared_ptr<rclcpp_action::ClientGoalHandle<custom_interfaces::action::MeasureLapTime> >, std::shared_ptr<const custom_interfaces::action::MeasureLapTime_Feedback_<std::allocator<void> > >)>&> std::function<void(std::shared_ptr<rclcpp_action::ClientGoalHandle<custom_interfaces::action::MeasureLapTime> >, std::shared_ptr<const custom_interfaces::action::MeasureLapTime_Feedback_<std::allocator<void> > >)>::operator=<_Functor>(_Functor&&) [with _Functor = LapTimeActionClient::send_goal()::<lambda(std::shared_ptr<custom_interfaces::action::MeasureLapTime_Feedback_<std::allocator<void> > >)>][m[K’
[7.147s] [01m[K/home/mohamad/Inmind/Robotics-Session9-Assignment/Session9_ros2_ws/src/robot_navigation/src/lap_time_client.cpp:25:9:[m[K   required from here
[7.147s] [01m[K/usr/include/c++/11/type_traits:2205:11:[m[K [01;31m[Kerror: [m[Kno type named ‘[01m[Ktype[m[K’ in ‘[01m[Kstruct std::enable_if<false, std::function<void(std::shared_ptr<rclcpp_action::ClientGoalHandle<custom_interfaces::action::MeasureLapTime> >, std::shared_ptr<const custom_interfaces::action::MeasureLapTime_Feedback_<std::allocator<void> > >)>&>[m[K’
[7.147s]  2205 |     using [01;31m[K__enable_if_t[m[K = typename enable_if<_Cond, _Tp>::type;
[7.147s]       |           [01;31m[K^~~~~~~~~~~~~[m[K
[7.147s] In file included from [01m[K/usr/include/c++/11/future:47[m[K,
[7.147s]                  from [01m[K/opt/ros/humble/include/rclcpp/rclcpp/executors.hpp:18[m[K,
[7.147s]                  from [01m[K/opt/ros/humble/include/rclcpp/rclcpp/rclcpp.hpp:155[m[K,
[7.147s]                  from [01m[K/home/mohamad/Inmind/Robotics-Session9-Assignment/Session9_ros2_ws/src/robot_navigation/src/lap_time_client.h:1[m[K,
[7.147s]                  from [01m[K/home/mohamad/Inmind/Robotics-Session9-Assignment/Session9_ros2_ws/src/robot_navigation/src/lap_time_client.cpp:1[m[K:
[7.147s] [01m[K/usr/include/c++/11/bits/std_function.h:540:9:[m[K [01;36m[Knote: [m[Kcandidate: ‘[01m[Ktemplate<class _Functor> std::function<_Res(_ArgTypes ...)>& std::function<_Res(_ArgTypes ...)>::operator=(std::reference_wrapper<_Functor>) [with _Functor = _Functor; _Res = void; _ArgTypes = {std::shared_ptr<rclcpp_action::ClientGoalHandle<custom_interfaces::action::MeasureLapTime> >, std::shared_ptr<const custom_interfaces::action::MeasureLapTime_Feedback_<std::allocator<void> > >}][m[K’
[7.147s]   540 |         [01;36m[Koperator[m[K=(reference_wrapper<_Functor> __f) noexcept
[7.147s]       |         [01;36m[K^~~~~~~~[m[K
[7.147s] [01m[K/usr/include/c++/11/bits/std_function.h:540:9:[m[K [01;36m[Knote: [m[K  template argument deduction/substitution failed:
[7.147s] [01m[K/home/mohamad/Inmind/Robotics-Session9-Assignment/Session9_ros2_ws/src/robot_navigation/src/lap_time_client.cpp:25:9:[m[K [01;36m[Knote: [m[K  ‘[01m[KLapTimeActionClient::send_goal()::<lambda(std::shared_ptr<custom_interfaces::action::MeasureLapTime_Feedback_<std::allocator<void> > >)>[m[K’ is not derived from ‘[01m[Kstd::reference_wrapper<_Tp>[m[K’
[7.147s]    25 |         [01;36m[K}[m[K;
[7.147s]       |         [01;36m[K^[m[K
[7.148s] In file included from [01m[K/usr/include/c++/11/future:47[m[K,
[7.148s]                  from [01m[K/opt/ros/humble/include/rclcpp/rclcpp/executors.hpp:18[m[K,
[7.148s]                  from [01m[K/opt/ros/humble/include/rclcpp/rclcpp/rclcpp.hpp:155[m[K,
[7.148s]                  from [01m[K/home/mohamad/Inmind/Robotics-Session9-Assignment/Session9_ros2_ws/src/robot_navigation/src/lap_time_client.h:1[m[K,
[7.148s]                  from [01m[K/home/mohamad/Inmind/Robotics-Session9-Assignment/Session9_ros2_ws/src/robot_navigation/src/lap_time_client.cpp:1[m[K:
[7.153s] [01m[K/usr/include/c++/11/bits/std_function.h:469:7:[m[K [01;36m[Knote: [m[Kcandidate: ‘[01m[Kstd::function<_Res(_ArgTypes ...)>& std::function<_Res(_ArgTypes ...)>::operator=(const std::function<_Res(_ArgTypes ...)>&) [with _Res = void; _ArgTypes = {std::shared_ptr<rclcpp_action::ClientGoalHandle<custom_interfaces::action::MeasureLapTime> >, std::shared_ptr<const custom_interfaces::action::MeasureLapTime_Feedback_<std::allocator<void> > >}][m[K’
[7.153s]   469 |       [01;36m[Koperator[m[K=(const function& __x)
[7.153s]       |       [01;36m[K^~~~~~~~[m[K
[7.154s] [01m[K/usr/include/c++/11/bits/std_function.h:469:33:[m[K [01;36m[Knote: [m[K  no known conversion for argument 1 from ‘[01m[KLapTimeActionClient::send_goal()::<lambda(std::shared_ptr<custom_interfaces::action::MeasureLapTime_Feedback_<std::allocator<void> > >)>[m[K’ to ‘[01m[Kconst std::function<void(std::shared_ptr<rclcpp_action::ClientGoalHandle<custom_interfaces::action::MeasureLapTime> >, std::shared_ptr<const custom_interfaces::action::MeasureLapTime_Feedback_<std::allocator<void> > >)>&[m[K’
[7.154s]   469 |       operator=([01;36m[Kconst function& __x[m[K)
[7.154s]       |                 [01;36m[K~~~~~~~~~~~~~~~~^~~[m[K
[7.154s] [01m[K/usr/include/c++/11/bits/std_function.h:487:7:[m[K [01;36m[Knote: [m[Kcandidate: ‘[01m[Kstd::function<_Res(_ArgTypes ...)>& std::function<_Res(_ArgTypes ...)>::operator=(std::function<_Res(_ArgTypes ...)>&&) [with _Res = void; _ArgTypes = {std::shared_ptr<rclcpp_action::ClientGoalHandle<custom_interfaces::action::MeasureLapTime> >, std::shared_ptr<const custom_interfaces::action::MeasureLapTime_Feedback_<std::allocator<void> > >}][m[K’
[7.154s]   487 |       [01;36m[Koperator[m[K=(function&& __x) noexcept
[7.154s]       |       [01;36m[K^~~~~~~~[m[K
[7.154s] [01m[K/usr/include/c++/11/bits/std_function.h:487:28:[m[K [01;36m[Knote: [m[K  no known conversion for argument 1 from ‘[01m[KLapTimeActionClient::send_goal()::<lambda(std::shared_ptr<custom_interfaces::action::MeasureLapTime_Feedback_<std::allocator<void> > >)>[m[K’ to ‘[01m[Kstd::function<void(std::shared_ptr<rclcpp_action::ClientGoalHandle<custom_interfaces::action::MeasureLapTime> >, std::shared_ptr<const custom_interfaces::action::MeasureLapTime_Feedback_<std::allocator<void> > >)>&&[m[K’
[7.154s]   487 |       operator=([01;36m[Kfunction&& __x[m[K) noexcept
[7.154s]       |                 [01;36m[K~~~~~~~~~~~^~~[m[K
[7.154s] [01m[K/usr/include/c++/11/bits/std_function.h:501:7:[m[K [01;36m[Knote: [m[Kcandidate: ‘[01m[Kstd::function<_Res(_ArgTypes ...)>& std::function<_Res(_ArgTypes ...)>::operator=(std::nullptr_t) [with _Res = void; _ArgTypes = {std::shared_ptr<rclcpp_action::ClientGoalHandle<custom_interfaces::action::MeasureLapTime> >, std::shared_ptr<const custom_interfaces::action::MeasureLapTime_Feedback_<std::allocator<void> > >}; std::nullptr_t = std::nullptr_t][m[K’
[7.154s]   501 |       [01;36m[Koperator[m[K=(nullptr_t) noexcept
[7.154s]       |       [01;36m[K^~~~~~~~[m[K
[7.154s] [01m[K/usr/include/c++/11/bits/std_function.h:501:17:[m[K [01;36m[Knote: [m[K  no known conversion for argument 1 from ‘[01m[KLapTimeActionClient::send_goal()::<lambda(std::shared_ptr<custom_interfaces::action::MeasureLapTime_Feedback_<std::allocator<void> > >)>[m[K’ to ‘[01m[Kstd::nullptr_t[m[K’
[7.154s]   501 |       operator=([01;36m[Knullptr_t[m[K) noexcept
[7.155s]       |                 [01;36m[K^~~~~~~~~[m[K
[7.155s] [01m[K/home/mohamad/Inmind/Robotics-Session9-Assignment/Session9_ros2_ws/src/robot_navigation/src/lap_time_client.cpp:35:33:[m[K [01;31m[Kerror: [m[K‘[01m[Kusing element_type = class rclcpp_action::ClientGoalHandle<custom_interfaces::action::MeasureLapTime>[m[K’ {aka ‘[01m[Kclass rclcpp_action::ClientGoalHandle<custom_interfaces::action::MeasureLapTime>[m[K’} has no member named ‘[01m[Kaccepted[m[K’
[7.155s]    35 |     if (send_goal_future.get()->[01;31m[Kaccepted[m[K) {
[7.155s]       |                                 [01;31m[K^~~~~~~~[m[K
[8.382s] gmake[2]: *** [CMakeFiles/lap_time_client.dir/build.make:76: CMakeFiles/lap_time_client.dir/src/lap_time_client.cpp.o] Error 1
[8.383s] gmake[1]: *** [CMakeFiles/Makefile2:221: CMakeFiles/lap_time_client.dir/all] Error 2
[8.383s] gmake: *** [Makefile:146: all] Error 2
[8.390s] Invoked command in '/home/mohamad/Inmind/Robotics-Session9-Assignment/Session9_ros2_ws/build/robot_navigation' returned '2': CMAKE_PREFIX_PATH=/home/mohamad/Inmind/Robotics-Session9-Assignment/Session9_ros2_ws/install/custom_interfaces:/home/mohamad/Inmind/Robotics-Session9-Assignment/Session9_ros2_ws/install/robot_navigation:/home/mohamad/Inmind/Robotics-Session7-Assignment/Session7_ros2_ws/install/custom_interfaces:/home/mohamad/Inmind/Robotics-Session6-Assignment/Session6_ros2_ws/install/custom_interfaces:/home/mohamad/Inmind/Robotics-Session7-Assignment/Session7_ros2_ws/install/navigation_robot:/home/mohamad/Inmind/Robotics-Session6-Assignment/Session6_ros2_ws/install/session6_assignment:/home/mohamad/Inmind/ros2_ws/install/session5_academy:/home/mohamad/Inmind/Robotics-Session5-Ros2/session5_ros2_ws/install/session5_assignment:/home/mohamad/ros2_ws/install/my_robot_controller:/opt/ros/humble /usr/bin/cmake --build /home/mohamad/Inmind/Robotics-Session9-Assignment/Session9_ros2_ws/build/robot_navigation -- -j4 -l4
